

================================================================
== Vivado HLS Report for 'AXIvideo2xfMat86'
================================================================
* Date:           Wed Mar  4 23:28:30 2020

* Version:        2019.1 (Build 2552052 on Fri May 24 15:28:33 MDT 2019)
* Project:        test_blend
* Solution:       solution1
* Product family: zynq
* Target device:  xc7z020-clg484-1


================================================================
== Performance Estimates
================================================================
+ Timing (ns): 
    * Summary: 
    +--------+-------+----------+------------+
    |  Clock | Target| Estimated| Uncertainty|
    +--------+-------+----------+------------+
    |ap_clk  |  10.00|     3.634|        1.25|
    +--------+-------+----------+------------+

+ Latency (clock cycles): 
    * Summary: 
    +--------+--------+--------+--------+---------+
    |     Latency     |     Interval    | Pipeline|
    |   min  |   max  |   min  |   max  |   Type  |
    +--------+--------+--------+--------+---------+
    |  309603|  309603|  309603|  309603|   none  |
    +--------+--------+--------+--------+---------+

    + Detail: 
        * Instance: 
        N/A

        * Loop: 
        +-----------------------+--------+--------+----------+-----------+-----------+------+----------+
        |                       |     Latency     | Iteration|  Initiation Interval  | Trip |          |
        |       Loop Name       |   min  |   max  |  Latency |  achieved |   target  | Count| Pipelined|
        +-----------------------+--------+--------+----------+-----------+-----------+------+----------+
        |- loop_wait_for_start  |       0|       0|         1|          1|          1|     0|    yes   |
        |- loop_height          |  309600|  309600|       645|          -|          -|   480|    no    |
        | + loop_width          |     640|     640|         2|          1|          1|   640|    yes   |
        | + loop_wait_for_eol   |       0|       0|         1|          1|          1|     0|    yes   |
        +-----------------------+--------+--------+----------+-----------+-----------+------+----------+



================================================================
== Utilization Estimates
================================================================
* Summary: 
+-----------------+---------+-------+--------+-------+-----+
|       Name      | BRAM_18K| DSP48E|   FF   |  LUT  | URAM|
+-----------------+---------+-------+--------+-------+-----+
|DSP              |        -|      -|       -|      -|    -|
|Expression       |        -|      -|       0|    163|    -|
|FIFO             |        -|      -|       -|      -|    -|
|Instance         |        -|      -|       -|      -|    -|
|Memory           |        -|      -|       -|      -|    -|
|Multiplexer      |        -|      -|       -|    338|    -|
|Register         |        -|      -|     179|      -|    -|
+-----------------+---------+-------+--------+-------+-----+
|Total            |        0|      0|     179|    501|    0|
+-----------------+---------+-------+--------+-------+-----+
|Available        |      280|    220|  106400|  53200|    0|
+-----------------+---------+-------+--------+-------+-----+
|Utilization (%)  |        0|      0|   ~0   |   ~0  |    0|
+-----------------+---------+-------+--------+-------+-----+

+ Detail: 
    * Instance: 
    N/A

    * DSP48E: 
    N/A

    * Memory: 
    N/A

    * FIFO: 
    N/A

    * Expression: 
    +------------------------------------------+----------+-------+---+----+------------+------------+
    |               Variable Name              | Operation| DSP48E| FF| LUT| Bitwidth P0| Bitwidth P1|
    +------------------------------------------+----------+-------+---+----+------------+------------+
    |add_ln127_fu_333_p2                       |     +    |      0|  0|  14|          10|          10|
    |add_ln151_fu_322_p2                       |     +    |      0|  0|  26|          19|           1|
    |i_fu_291_p2                               |     +    |      0|  0|  15|           9|           1|
    |val_fu_297_p2                             |     +    |      0|  0|  26|          19|          10|
    |AXI_video_strm_V_data_V_0_load_A          |    and   |      0|  0|   2|           1|           1|
    |AXI_video_strm_V_data_V_0_load_B          |    and   |      0|  0|   2|           1|           1|
    |AXI_video_strm_V_last_V_0_load_A          |    and   |      0|  0|   2|           1|           1|
    |AXI_video_strm_V_last_V_0_load_B          |    and   |      0|  0|   2|           1|           1|
    |AXI_video_strm_V_user_V_0_load_A          |    and   |      0|  0|   2|           1|           1|
    |AXI_video_strm_V_user_V_0_load_B          |    and   |      0|  0|   2|           1|           1|
    |ap_block_state5_pp1_stage0_iter0          |    and   |      0|  0|   2|           1|           1|
    |ap_block_state6_pp1_stage0_iter1          |    and   |      0|  0|   2|           1|           1|
    |ap_block_state8                           |    and   |      0|  0|   2|           1|           1|
    |ap_condition_535                          |    and   |      0|  0|   2|           1|           1|
    |ap_predicate_op51_read_state5             |    and   |      0|  0|   2|           1|           1|
    |AXI_video_strm_V_data_V_0_state_cmp_full  |   icmp   |      0|  0|   8|           2|           1|
    |AXI_video_strm_V_last_V_0_state_cmp_full  |   icmp   |      0|  0|   8|           2|           1|
    |AXI_video_strm_V_user_V_0_state_cmp_full  |   icmp   |      0|  0|   8|           2|           1|
    |icmp_ln127_fu_285_p2                      |   icmp   |      0|  0|  13|           9|           7|
    |icmp_ln129_fu_307_p2                      |   icmp   |      0|  0|  13|          10|          10|
    |ap_block_pp1_stage0_01001                 |    or    |      0|  0|   2|           1|           1|
    |ap_block_state1                           |    or    |      0|  0|   2|           1|           1|
    |or_ln132_fu_316_p2                        |    or    |      0|  0|   2|           1|           1|
    |ap_enable_pp1                             |    xor   |      0|  0|   2|           1|           2|
    |ap_enable_reg_pp1_iter1                   |    xor   |      0|  0|   2|           2|           1|
    +------------------------------------------+----------+-------+---+----+------------+------------+
    |Total                                     |          |      0|  0| 163|          99|          59|
    +------------------------------------------+----------+-------+---+----+------------+------------+

    * Multiplexer: 
    +---------------------------------------+----+-----------+-----+-----------+
    |                  Name                 | LUT| Input Size| Bits| Total Bits|
    +---------------------------------------+----+-----------+-----+-----------+
    |AXI_video_strm_V_data_V_0_data_out     |   9|          2|    8|         16|
    |AXI_video_strm_V_data_V_0_state        |  15|          3|    2|          6|
    |AXI_video_strm_V_dest_V_0_state        |  15|          3|    2|          6|
    |AXI_video_strm_V_last_V_0_data_out     |   9|          2|    1|          2|
    |AXI_video_strm_V_last_V_0_state        |  15|          3|    2|          6|
    |AXI_video_strm_V_user_V_0_data_out     |   9|          2|    1|          2|
    |AXI_video_strm_V_user_V_0_state        |  15|          3|    2|          6|
    |ap_NS_fsm                              |  44|          9|    1|          9|
    |ap_done                                |   9|          2|    1|          2|
    |ap_enable_reg_pp1_iter1                |  15|          3|    1|          3|
    |ap_phi_mux_axi_data_V_1_phi_fu_176_p4  |   9|          2|    8|         16|
    |ap_phi_mux_eol_0_phi_fu_198_p4         |   9|          2|    1|          2|
    |ap_phi_mux_eol_phi_fu_165_p4           |   9|          2|    1|          2|
    |axi_data_V_0_reg_129                   |   9|          2|    8|         16|
    |axi_data_V_1_reg_173                   |   9|          2|    8|         16|
    |axi_data_V_3_reg_244                   |   9|          2|    8|         16|
    |axi_last_V_0_reg_119                   |   9|          2|    1|          2|
    |axi_last_V_2_reg_206                   |  15|          3|    1|          3|
    |axi_last_V_3_reg_232                   |   9|          2|    1|          2|
    |eol_0_reg_194                          |   9|          2|    1|          2|
    |eol_2_reg_256                          |   9|          2|    1|          2|
    |eol_reg_162                            |   9|          2|    1|          2|
    |i_0_reg_151                            |   9|          2|    9|         18|
    |img_data_V_blk_n                       |   9|          2|    1|          2|
    |indvars_iv_reg_107                     |   9|          2|   10|         20|
    |p_Val2_s_reg_219                       |  15|          3|    8|         24|
    |p_pyrLB0_TDATA_blk_n                   |   9|          2|    1|          2|
    |val_0_reg_139                          |   9|          2|   19|         38|
    |val_assign_reg_184                     |   9|          2|   19|         38|
    +---------------------------------------+----+-----------+-----+-----------+
    |Total                                  | 338|         72|  128|        281|
    +---------------------------------------+----+-----------+-----+-----------+

    * Register: 
    +-------------------------------------+----+----+-----+-----------+
    |                 Name                | FF | LUT| Bits| Const Bits|
    +-------------------------------------+----+----+-----+-----------+
    |AXI_video_strm_V_data_V_0_payload_A  |   8|   0|    8|          0|
    |AXI_video_strm_V_data_V_0_payload_B  |   8|   0|    8|          0|
    |AXI_video_strm_V_data_V_0_sel_rd     |   1|   0|    1|          0|
    |AXI_video_strm_V_data_V_0_sel_wr     |   1|   0|    1|          0|
    |AXI_video_strm_V_data_V_0_state      |   2|   0|    2|          0|
    |AXI_video_strm_V_dest_V_0_state      |   2|   0|    2|          0|
    |AXI_video_strm_V_last_V_0_payload_A  |   1|   0|    1|          0|
    |AXI_video_strm_V_last_V_0_payload_B  |   1|   0|    1|          0|
    |AXI_video_strm_V_last_V_0_sel_rd     |   1|   0|    1|          0|
    |AXI_video_strm_V_last_V_0_sel_wr     |   1|   0|    1|          0|
    |AXI_video_strm_V_last_V_0_state      |   2|   0|    2|          0|
    |AXI_video_strm_V_user_V_0_payload_A  |   1|   0|    1|          0|
    |AXI_video_strm_V_user_V_0_payload_B  |   1|   0|    1|          0|
    |AXI_video_strm_V_user_V_0_sel_rd     |   1|   0|    1|          0|
    |AXI_video_strm_V_user_V_0_sel_wr     |   1|   0|    1|          0|
    |AXI_video_strm_V_user_V_0_state      |   2|   0|    2|          0|
    |ap_CS_fsm                            |   8|   0|    8|          0|
    |ap_done_reg                          |   1|   0|    1|          0|
    |ap_enable_reg_pp1_iter0              |   1|   0|    1|          0|
    |ap_enable_reg_pp1_iter1              |   1|   0|    1|          0|
    |axi_data_V_0_reg_129                 |   8|   0|    8|          0|
    |axi_data_V_1_reg_173                 |   8|   0|    8|          0|
    |axi_data_V_3_reg_244                 |   8|   0|    8|          0|
    |axi_last_V_0_reg_119                 |   1|   0|    1|          0|
    |axi_last_V_2_reg_206                 |   1|   0|    1|          0|
    |axi_last_V_3_reg_232                 |   1|   0|    1|          0|
    |eol_0_reg_194                        |   1|   0|    1|          0|
    |eol_2_reg_256                        |   1|   0|    1|          0|
    |eol_reg_162                          |   1|   0|    1|          0|
    |i_0_reg_151                          |   9|   0|    9|          0|
    |i_reg_363                            |   9|   0|    9|          0|
    |icmp_ln129_reg_373                   |   1|   0|    1|          0|
    |indvars_iv_reg_107                   |  10|   0|   10|          0|
    |p_Val2_s_reg_219                     |   8|   0|    8|          0|
    |sof_1_fu_78                          |   1|   0|    1|          0|
    |tmp_data_V_reg_339                   |   8|   0|    8|          0|
    |tmp_last_V_reg_347                   |   1|   0|    1|          0|
    |val_0_reg_139                        |  19|   0|   19|          0|
    |val_assign_reg_184                   |  19|   0|   19|          0|
    |val_reg_368                          |  19|   0|   19|          0|
    +-------------------------------------+----+----+-----+-----------+
    |Total                                | 179|   0|  179|          0|
    +-------------------------------------+----+----+-----+-----------+



================================================================
== Interface
================================================================
* Summary: 
+-------------------+-----+-----+------------+-------------------------+--------------+
|     RTL Ports     | Dir | Bits|  Protocol  |      Source Object      |    C Type    |
+-------------------+-----+-----+------------+-------------------------+--------------+
|ap_clk             |  in |    1| ap_ctrl_hs |     AXIvideo2xfMat86    | return value |
|ap_rst             |  in |    1| ap_ctrl_hs |     AXIvideo2xfMat86    | return value |
|ap_start           |  in |    1| ap_ctrl_hs |     AXIvideo2xfMat86    | return value |
|ap_done            | out |    1| ap_ctrl_hs |     AXIvideo2xfMat86    | return value |
|ap_continue        |  in |    1| ap_ctrl_hs |     AXIvideo2xfMat86    | return value |
|ap_idle            | out |    1| ap_ctrl_hs |     AXIvideo2xfMat86    | return value |
|ap_ready           | out |    1| ap_ctrl_hs |     AXIvideo2xfMat86    | return value |
|p_pyrLB0_TDATA     |  in |    8|    axis    | AXI_video_strm_V_data_V |    pointer   |
|p_pyrLB0_TVALID    |  in |    1|    axis    | AXI_video_strm_V_dest_V |    pointer   |
|p_pyrLB0_TREADY    | out |    1|    axis    | AXI_video_strm_V_dest_V |    pointer   |
|p_pyrLB0_TDEST     |  in |    1|    axis    | AXI_video_strm_V_dest_V |    pointer   |
|p_pyrLB0_TKEEP     |  in |    1|    axis    | AXI_video_strm_V_keep_V |    pointer   |
|p_pyrLB0_TSTRB     |  in |    1|    axis    | AXI_video_strm_V_strb_V |    pointer   |
|p_pyrLB0_TUSER     |  in |    1|    axis    | AXI_video_strm_V_user_V |    pointer   |
|p_pyrLB0_TLAST     |  in |    1|    axis    | AXI_video_strm_V_last_V |    pointer   |
|p_pyrLB0_TID       |  in |    1|    axis    |  AXI_video_strm_V_id_V  |    pointer   |
|img_data_V_din     | out |    8|   ap_fifo  |        img_data_V       |    pointer   |
|img_data_V_full_n  |  in |    1|   ap_fifo  |        img_data_V       |    pointer   |
|img_data_V_write   | out |    1|   ap_fifo  |        img_data_V       |    pointer   |
+-------------------+-----+-----+------------+-------------------------+--------------+

