

================================================================
== Vivado HLS Report for 'blendL_entry126'
================================================================
* Date:           Wed Mar  4 23:28:31 2020

* Version:        2019.1 (Build 2552052 on Fri May 24 15:28:33 MDT 2019)
* Project:        test_blend
* Solution:       solution1
* Product family: zynq
* Target device:  xc7z020-clg484-1


================================================================
== Performance Estimates
================================================================
+ Timing (ns): 
    * Summary: 
    +--------+-------+----------+------------+
    |  Clock | Target| Estimated| Uncertainty|
    +--------+-------+----------+------------+
    |ap_clk  |  10.00|     7.268|        1.25|
    +--------+-------+----------+------------+

+ Latency (clock cycles): 
    * Summary: 
    +-----+-----+-----+-----+---------+
    |  Latency  |  Interval | Pipeline|
    | min | max | min | max |   Type  |
    +-----+-----+-----+-----+---------+
    |    0|    0|    0|    0|   none  |
    +-----+-----+-----+-----+---------+

    + Detail: 
        * Instance: 
        N/A

        * Loop: 
        N/A



================================================================
== Utilization Estimates
================================================================
* Summary: 
+-----------------+---------+-------+--------+-------+-----+
|       Name      | BRAM_18K| DSP48E|   FF   |  LUT  | URAM|
+-----------------+---------+-------+--------+-------+-----+
|DSP              |        -|      -|       -|      -|    -|
|Expression       |        -|      -|       0|      2|    -|
|FIFO             |        -|      -|       -|      -|    -|
|Instance         |        -|      -|       -|      -|    -|
|Memory           |        -|      -|       -|      -|    -|
|Multiplexer      |        -|      -|       -|     81|    -|
|Register         |        -|      -|       2|      -|    -|
+-----------------+---------+-------+--------+-------+-----+
|Total            |        0|      0|       2|     83|    0|
+-----------------+---------+-------+--------+-------+-----+
|Available        |      280|    220|  106400|  53200|    0|
+-----------------+---------+-------+--------+-------+-----+
|Utilization (%)  |        0|      0|   ~0   |   ~0  |    0|
+-----------------+---------+-------+--------+-------+-----+

+ Detail: 
    * Instance: 
    N/A

    * DSP48E: 
    N/A

    * Memory: 
    N/A

    * FIFO: 
    N/A

    * Expression: 
    +-----------------+----------+-------+---+----+------------+------------+
    |  Variable Name  | Operation| DSP48E| FF| LUT| Bitwidth P0| Bitwidth P1|
    +-----------------+----------+-------+---+----+------------+------------+
    |ap_block_state1  |    or    |      0|  0|   2|           1|           1|
    +-----------------+----------+-------+---+----+------------+------------+
    |Total            |          |      0|  0|   2|           1|           1|
    +-----------------+----------+-------+---+----+------------+------------+

    * Multiplexer: 
    +-----------------------+----+-----------+-----+-----------+
    |          Name         | LUT| Input Size| Bits| Total Bits|
    +-----------------------+----+-----------+-----+-----------+
    |ap_done                |   9|          2|    1|          2|
    |pyrLA0_cols_blk_n      |   9|          2|    1|          2|
    |pyrLA0_cols_out_blk_n  |   9|          2|    1|          2|
    |pyrLA0_rows_blk_n      |   9|          2|    1|          2|
    |pyrLA0_rows_out_blk_n  |   9|          2|    1|          2|
    |pyrLA1_cols_blk_n      |   9|          2|    1|          2|
    |pyrLA1_cols_out_blk_n  |   9|          2|    1|          2|
    |pyrLA1_rows_blk_n      |   9|          2|    1|          2|
    |pyrLA1_rows_out_blk_n  |   9|          2|    1|          2|
    +-----------------------+----+-----------+-----+-----------+
    |Total                  |  81|         18|    9|         18|
    +-----------------------+----+-----------+-----+-----------+

    * Register: 
    +-------------+---+----+-----+-----------+
    |     Name    | FF| LUT| Bits| Const Bits|
    +-------------+---+----+-----+-----------+
    |ap_CS_fsm    |  1|   0|    1|          0|
    |ap_done_reg  |  1|   0|    1|          0|
    +-------------+---+----+-----+-----------+
    |Total        |  2|   0|    2|          0|
    +-------------+---+----+-----+-----------+



================================================================
== Interface
================================================================
* Summary: 
+------------------------+-----+-----+------------+-----------------+--------------+
|        RTL Ports       | Dir | Bits|  Protocol  |  Source Object  |    C Type    |
+------------------------+-----+-----+------------+-----------------+--------------+
|ap_clk                  |  in |    1| ap_ctrl_hs | blendL.entry126 | return value |
|ap_rst                  |  in |    1| ap_ctrl_hs | blendL.entry126 | return value |
|ap_start                |  in |    1| ap_ctrl_hs | blendL.entry126 | return value |
|ap_done                 | out |    1| ap_ctrl_hs | blendL.entry126 | return value |
|ap_continue             |  in |    1| ap_ctrl_hs | blendL.entry126 | return value |
|ap_idle                 | out |    1| ap_ctrl_hs | blendL.entry126 | return value |
|ap_ready                | out |    1| ap_ctrl_hs | blendL.entry126 | return value |
|pyrLA0_rows_dout        |  in |   10|   ap_fifo  |   pyrLA0_rows   |    pointer   |
|pyrLA0_rows_empty_n     |  in |    1|   ap_fifo  |   pyrLA0_rows   |    pointer   |
|pyrLA0_rows_read        | out |    1|   ap_fifo  |   pyrLA0_rows   |    pointer   |
|pyrLA0_cols_dout        |  in |   11|   ap_fifo  |   pyrLA0_cols   |    pointer   |
|pyrLA0_cols_empty_n     |  in |    1|   ap_fifo  |   pyrLA0_cols   |    pointer   |
|pyrLA0_cols_read        | out |    1|   ap_fifo  |   pyrLA0_cols   |    pointer   |
|pyrLA1_rows_dout        |  in |    9|   ap_fifo  |   pyrLA1_rows   |    pointer   |
|pyrLA1_rows_empty_n     |  in |    1|   ap_fifo  |   pyrLA1_rows   |    pointer   |
|pyrLA1_rows_read        | out |    1|   ap_fifo  |   pyrLA1_rows   |    pointer   |
|pyrLA1_cols_dout        |  in |   10|   ap_fifo  |   pyrLA1_cols   |    pointer   |
|pyrLA1_cols_empty_n     |  in |    1|   ap_fifo  |   pyrLA1_cols   |    pointer   |
|pyrLA1_cols_read        | out |    1|   ap_fifo  |   pyrLA1_cols   |    pointer   |
|pyrLA0_rows_out_din     | out |   10|   ap_fifo  | pyrLA0_rows_out |    pointer   |
|pyrLA0_rows_out_full_n  |  in |    1|   ap_fifo  | pyrLA0_rows_out |    pointer   |
|pyrLA0_rows_out_write   | out |    1|   ap_fifo  | pyrLA0_rows_out |    pointer   |
|pyrLA0_cols_out_din     | out |   11|   ap_fifo  | pyrLA0_cols_out |    pointer   |
|pyrLA0_cols_out_full_n  |  in |    1|   ap_fifo  | pyrLA0_cols_out |    pointer   |
|pyrLA0_cols_out_write   | out |    1|   ap_fifo  | pyrLA0_cols_out |    pointer   |
|pyrLA1_rows_out_din     | out |    9|   ap_fifo  | pyrLA1_rows_out |    pointer   |
|pyrLA1_rows_out_full_n  |  in |    1|   ap_fifo  | pyrLA1_rows_out |    pointer   |
|pyrLA1_rows_out_write   | out |    1|   ap_fifo  | pyrLA1_rows_out |    pointer   |
|pyrLA1_cols_out_din     | out |   10|   ap_fifo  | pyrLA1_cols_out |    pointer   |
|pyrLA1_cols_out_full_n  |  in |    1|   ap_fifo  | pyrLA1_cols_out |    pointer   |
|pyrLA1_cols_out_write   | out |    1|   ap_fifo  | pyrLA1_cols_out |    pointer   |
+------------------------+-----+-----+------------+-----------------+--------------+

