

================================================================
== Vivado HLS Report for 'AXIvideo2xfMat85'
================================================================
* Date:           Wed Mar  4 23:28:12 2020

* Version:        2019.1 (Build 2552052 on Fri May 24 15:28:33 MDT 2019)
* Project:        test_blend
* Solution:       solution1
* Product family: zynq
* Target device:  xc7z020-clg484-1


================================================================
== Performance Estimates
================================================================
+ Timing (ns): 
    * Summary: 
    +--------+-------+----------+------------+
    |  Clock | Target| Estimated| Uncertainty|
    +--------+-------+----------+------------+
    |ap_clk  |  10.00|     3.634|        1.25|
    +--------+-------+----------+------------+

+ Latency (clock cycles): 
    * Summary: 
    +-----+--------+-----+--------+---------+
    |    Latency   |   Interval   | Pipeline|
    | min |   max  | min |   max  |   Type  |
    +-----+--------+-----+--------+---------+
    |    3|  131583|    3|  131583|   none  |
    +-----+--------+-----+--------+---------+

    + Detail: 
        * Instance: 
        N/A

        * Loop: 
        +-----------------------+-----+--------+----------+-----------+-----------+---------+----------+
        |                       |    Latency   | Iteration|  Initiation Interval  |   Trip  |          |
        |       Loop Name       | min |   max  |  Latency |  achieved |   target  |  Count  | Pipelined|
        +-----------------------+-----+--------+----------+-----------+-----------+---------+----------+
        |- loop_wait_for_start  |    0|       0|         1|          1|          1|        0|    yes   |
        |- loop_height          |    0|  131580|  5 ~ 516 |          -|          -| 0 ~ 255 |    no    |
        | + loop_width          |    0|     511|         2|          1|          1| 0 ~ 511 |    yes   |
        | + loop_wait_for_eol   |    0|       0|         1|          1|          1|        0|    yes   |
        +-----------------------+-----+--------+----------+-----------+-----------+---------+----------+

============================================================
+ Verbose Summary: Synthesis Manager
============================================================
InlineROM: 1
ExposeGlobal: 0
============================================================
+ Verbose Summary: CDFG Model
============================================================
IsTopModel: 0
ResetActiveHigh: 1
IsCombinational: 2
IsDatapathOnly: 0
HasWiredReturn: 1
HasMFsm: 0
HasVarLatency: 1
IsPipeline: 0
IsRtlPipelined: 0
IsInstanceOverlapped: 0
IsDontTouch: 0
HasImplIP: 0
IsGatedGlobalClock: 0

+ Individual pipeline summary: 
  * Pipeline-0: initiation interval (II) = 1, depth = 1
  * Pipeline-1: initiation interval (II) = 1, depth = 2
  * Pipeline-2: initiation interval (II) = 1, depth = 1


============================================================
+ Verbose Summary: Schedule
============================================================
* Number of FSM states : 9
* Pipeline : 3
  Pipeline-0 : II = 1, D = 1, States = { 2 }
  Pipeline-1 : II = 1, D = 2, States = { 5 6 }
  Pipeline-2 : II = 1, D = 1, States = { 8 }
* Dataflow Pipeline: 0

* FSM state transitions: 
1 --> 2 
2 --> 3 2 
3 --> 4 
4 --> 5 
5 --> 7 6 
6 --> 5 
7 --> 8 
8 --> 9 8 
9 --> 4 

* FSM state operations: 

State 1 <SV = 0> <Delay = 3.63>
ST_1 : Operation 10 [1/1] (0.00ns)   --->   "call void (...)* @_ssdm_op_SpecInterface(i8* %img_data_V, [8 x i8]* @ap_fifo_str, i32 0, i32 0, [1 x i8]* @p_str, i32 0, i32 0, [1 x i8]* @p_str, [1 x i8]* @p_str, [1 x i8]* @p_str, i32 2, i32 2, i32 16, i32 16, [1 x i8]* @p_str, [1 x i8]* @p_str)"   --->   Operation 10 'specinterface' <Predicate = true> <Delay = 0.00>
ST_1 : Operation 11 [1/1] (0.00ns)   --->   "call void (...)* @_ssdm_op_SpecInterface(i8* %AXI_video_strm_V_data_V, i1* %AXI_video_strm_V_keep_V, i1* %AXI_video_strm_V_strb_V, i1* %AXI_video_strm_V_user_V, i1* %AXI_video_strm_V_last_V, i1* %AXI_video_strm_V_id_V, i1* %AXI_video_strm_V_dest_V, [5 x i8]* @p_str1, i32 1, i32 1, [5 x i8]* @p_str2, i32 0, i32 0, [1 x i8]* @p_str, [1 x i8]* @p_str, [1 x i8]* @p_str, i32 0, i32 0, i32 0, i32 0, [1 x i8]* @p_str, [1 x i8]* @p_str) nounwind"   --->   Operation 11 'specinterface' <Predicate = true> <Delay = 0.00>
ST_1 : Operation 12 [1/1] (0.00ns)   --->   "call void (...)* @_ssdm_op_SpecInterface(i8* %AXI_video_strm_V_data_V, i1* %AXI_video_strm_V_keep_V, i1* %AXI_video_strm_V_strb_V, i1* %AXI_video_strm_V_user_V, i1* %AXI_video_strm_V_last_V, i1* %AXI_video_strm_V_id_V, i1* %AXI_video_strm_V_dest_V, [5 x i8]* @p_str1, i32 1, i32 1, [5 x i8]* @p_str2, i32 0, i32 0, [1 x i8]* @p_str, [1 x i8]* @p_str, [1 x i8]* @p_str, i32 0, i32 0, i32 0, i32 0, [1 x i8]* @p_str, [1 x i8]* @p_str) nounwind"   --->   Operation 12 'specinterface' <Predicate = true> <Delay = 0.00>
ST_1 : Operation 13 [1/1] (0.00ns)   --->   "call void (...)* @_ssdm_op_SpecInterface(i8* %AXI_video_strm_V_data_V, i1* %AXI_video_strm_V_keep_V, i1* %AXI_video_strm_V_strb_V, i1* %AXI_video_strm_V_user_V, i1* %AXI_video_strm_V_last_V, i1* %AXI_video_strm_V_id_V, i1* %AXI_video_strm_V_dest_V, [5 x i8]* @p_str1, i32 1, i32 1, [5 x i8]* @p_str2, i32 0, i32 0, [1 x i8]* @p_str, [1 x i8]* @p_str, [1 x i8]* @p_str, i32 0, i32 0, i32 0, i32 0, [1 x i8]* @p_str, [1 x i8]* @p_str) nounwind"   --->   Operation 13 'specinterface' <Predicate = true> <Delay = 0.00>
ST_1 : Operation 14 [1/1] (0.00ns)   --->   "call void (...)* @_ssdm_op_SpecInterface(i8* %AXI_video_strm_V_data_V, i1* %AXI_video_strm_V_keep_V, i1* %AXI_video_strm_V_strb_V, i1* %AXI_video_strm_V_user_V, i1* %AXI_video_strm_V_last_V, i1* %AXI_video_strm_V_id_V, i1* %AXI_video_strm_V_dest_V, [5 x i8]* @p_str1, i32 1, i32 1, [5 x i8]* @p_str2, i32 0, i32 0, [1 x i8]* @p_str, [1 x i8]* @p_str, [1 x i8]* @p_str, i32 0, i32 0, i32 0, i32 0, [1 x i8]* @p_str, [1 x i8]* @p_str) nounwind"   --->   Operation 14 'specinterface' <Predicate = true> <Delay = 0.00>
ST_1 : Operation 15 [1/1] (0.00ns)   --->   "call void (...)* @_ssdm_op_SpecInterface(i8* %AXI_video_strm_V_data_V, i1* %AXI_video_strm_V_keep_V, i1* %AXI_video_strm_V_strb_V, i1* %AXI_video_strm_V_user_V, i1* %AXI_video_strm_V_last_V, i1* %AXI_video_strm_V_id_V, i1* %AXI_video_strm_V_dest_V, [5 x i8]* @p_str1, i32 1, i32 1, [5 x i8]* @p_str2, i32 0, i32 0, [1 x i8]* @p_str, [1 x i8]* @p_str, [1 x i8]* @p_str, i32 0, i32 0, i32 0, i32 0, [1 x i8]* @p_str, [1 x i8]* @p_str) nounwind"   --->   Operation 15 'specinterface' <Predicate = true> <Delay = 0.00>
ST_1 : Operation 16 [1/1] (0.00ns)   --->   "call void (...)* @_ssdm_op_SpecInterface(i8* %AXI_video_strm_V_data_V, i1* %AXI_video_strm_V_keep_V, i1* %AXI_video_strm_V_strb_V, i1* %AXI_video_strm_V_user_V, i1* %AXI_video_strm_V_last_V, i1* %AXI_video_strm_V_id_V, i1* %AXI_video_strm_V_dest_V, [5 x i8]* @p_str1, i32 1, i32 1, [5 x i8]* @p_str2, i32 0, i32 0, [1 x i8]* @p_str, [1 x i8]* @p_str, [1 x i8]* @p_str, i32 0, i32 0, i32 0, i32 0, [1 x i8]* @p_str, [1 x i8]* @p_str) nounwind"   --->   Operation 16 'specinterface' <Predicate = true> <Delay = 0.00>
ST_1 : Operation 17 [1/1] (0.00ns)   --->   "call void (...)* @_ssdm_op_SpecInterface(i8* %AXI_video_strm_V_data_V, i1* %AXI_video_strm_V_keep_V, i1* %AXI_video_strm_V_strb_V, i1* %AXI_video_strm_V_user_V, i1* %AXI_video_strm_V_last_V, i1* %AXI_video_strm_V_id_V, i1* %AXI_video_strm_V_dest_V, [5 x i8]* @p_str1, i32 1, i32 1, [5 x i8]* @p_str2, i32 0, i32 0, [1 x i8]* @p_str, [1 x i8]* @p_str, [1 x i8]* @p_str, i32 0, i32 0, i32 0, i32 0, [1 x i8]* @p_str, [1 x i8]* @p_str) nounwind"   --->   Operation 17 'specinterface' <Predicate = true> <Delay = 0.00>
ST_1 : Operation 18 [1/1] (0.00ns)   --->   "call void (...)* @_ssdm_op_SpecInterface(i9* %img_rows, [8 x i8]* @ap_fifo_str, i32 0, i32 0, [1 x i8]* @p_str, i32 0, i32 0, [1 x i8]* @p_str, [1 x i8]* @p_str, [1 x i8]* @p_str, i32 2, i32 2, i32 16, i32 16, [1 x i8]* @p_str, [11 x i8]* @ScalarProp_str)"   --->   Operation 18 'specinterface' <Predicate = true> <Delay = 0.00>
ST_1 : Operation 19 [1/1] (0.00ns)   --->   "call void (...)* @_ssdm_op_SpecInterface(i10* %img_cols, [8 x i8]* @ap_fifo_str, i32 0, i32 0, [1 x i8]* @p_str, i32 0, i32 0, [1 x i8]* @p_str, [1 x i8]* @p_str, [1 x i8]* @p_str, i32 2, i32 2, i32 16, i32 16, [1 x i8]* @p_str, [11 x i8]* @ScalarProp_str)"   --->   Operation 19 'specinterface' <Predicate = true> <Delay = 0.00>
ST_1 : Operation 20 [1/1] (0.00ns)   --->   "call void (...)* @_ssdm_op_SpecInterface(i8* %AXI_video_strm_V_data_V, i1* %AXI_video_strm_V_keep_V, i1* %AXI_video_strm_V_strb_V, i1* %AXI_video_strm_V_user_V, i1* %AXI_video_strm_V_last_V, i1* %AXI_video_strm_V_id_V, i1* %AXI_video_strm_V_dest_V, [5 x i8]* @p_str1, i32 1, i32 1, [5 x i8]* @p_str2, i32 0, i32 0, [1 x i8]* @p_str, [1 x i8]* @p_str, [1 x i8]* @p_str, i32 0, i32 0, i32 0, i32 0, [1 x i8]* @p_str, [1 x i8]* @p_str) nounwind"   --->   Operation 20 'specinterface' <Predicate = true> <Delay = 0.00>
ST_1 : Operation 21 [1/1] (3.63ns)   --->   "%img_rows_read = call i9 @_ssdm_op_Read.ap_fifo.i9P(i9* %img_rows)" [D:/Data/fpga/xfopencv-master/include\common/xf_infra.h:116]   --->   Operation 21 'read' 'img_rows_read' <Predicate = true> <Delay = 3.63> <Core = "FIFO">   --->   Core 32 'FIFO' <Latency = 0> <II = 1> <Delay = 3.63> <Storage> <Opcode : 'read' 'write' 'nbread' 'nbwrite'> <Ports = 0> <Width = 10> <Depth = 2> <FIFO>
ST_1 : Operation 22 [1/1] (3.63ns)   --->   "%img_cols_read = call i10 @_ssdm_op_Read.ap_fifo.i10P(i10* %img_cols)" [D:/Data/fpga/xfopencv-master/include\common/xf_infra.h:117]   --->   Operation 22 'read' 'img_cols_read' <Predicate = true> <Delay = 3.63> <Core = "FIFO">   --->   Core 32 'FIFO' <Latency = 0> <II = 1> <Delay = 3.63> <Storage> <Opcode : 'read' 'write' 'nbread' 'nbwrite'> <Ports = 0> <Width = 10> <Depth = 2> <FIFO>
ST_1 : Operation 23 [1/1] (0.00ns)   --->   "br label %loop_wait_for_start" [D:/Data/fpga/xfopencv-master/include\common/xf_infra.h:119]   --->   Operation 23 'br' <Predicate = true> <Delay = 0.00>

State 2 <SV = 1> <Delay = 0.00>
ST_2 : Operation 24 [1/1] (0.00ns)   --->   "call void (...)* @_ssdm_op_SpecLoopName([20 x i8]* @p_str12) nounwind" [D:/Data/fpga/xfopencv-master/include\common/xf_infra.h:121]   --->   Operation 24 'specloopname' <Predicate = true> <Delay = 0.00>
ST_2 : Operation 25 [1/1] (0.00ns)   --->   "%tmp_i = call i32 (...)* @_ssdm_op_SpecRegionBegin([20 x i8]* @p_str12)" [D:/Data/fpga/xfopencv-master/include\common/xf_infra.h:121]   --->   Operation 25 'specregionbegin' 'tmp_i' <Predicate = true> <Delay = 0.00>
ST_2 : Operation 26 [1/1] (0.00ns)   --->   "call void (...)* @_ssdm_op_SpecPipeline(i32 1, i32 1, i32 1, i32 0, [1 x i8]* @p_str) nounwind" [D:/Data/fpga/xfopencv-master/include\common/xf_infra.h:122]   --->   Operation 26 'specpipeline' <Predicate = true> <Delay = 0.00>
ST_2 : Operation 27 [1/1] (0.00ns)   --->   "call void (...)* @_ssdm_op_SpecLoopTripCount(i32 0, i32 0, i32 0, [1 x i8]* @p_str) nounwind" [D:/Data/fpga/xfopencv-master/include\common/xf_infra.h:123]   --->   Operation 27 'speclooptripcount' <Predicate = true> <Delay = 0.00>
ST_2 : Operation 28 [1/1] (0.00ns)   --->   "%empty = call { i8, i1, i1, i1, i1, i1, i1 } @_ssdm_op_Read.axis.volatile.i8P.i1P.i1P.i1P.i1P.i1P.i1P(i8* %AXI_video_strm_V_data_V, i1* %AXI_video_strm_V_keep_V, i1* %AXI_video_strm_V_strb_V, i1* %AXI_video_strm_V_user_V, i1* %AXI_video_strm_V_last_V, i1* %AXI_video_strm_V_id_V, i1* %AXI_video_strm_V_dest_V)" [D:/Data/fpga/xfopencv-master/include\common/xf_infra.h:124]   --->   Operation 28 'read' 'empty' <Predicate = true> <Delay = 0.00> <Core = "AXI4Stream">   --->   Core 5 'AXI4Stream' <Latency = 0> <II = 1> <Delay = 1.00> <Adapter> <Opcode : >
ST_2 : Operation 29 [1/1] (0.00ns)   --->   "%tmp_data_V = extractvalue { i8, i1, i1, i1, i1, i1, i1 } %empty, 0" [D:/Data/fpga/xfopencv-master/include\common/xf_infra.h:124]   --->   Operation 29 'extractvalue' 'tmp_data_V' <Predicate = true> <Delay = 0.00>
ST_2 : Operation 30 [1/1] (0.00ns)   --->   "%tmp_user_V = extractvalue { i8, i1, i1, i1, i1, i1, i1 } %empty, 3" [D:/Data/fpga/xfopencv-master/include\common/xf_infra.h:124]   --->   Operation 30 'extractvalue' 'tmp_user_V' <Predicate = true> <Delay = 0.00>
ST_2 : Operation 31 [1/1] (0.00ns)   --->   "%tmp_last_V = extractvalue { i8, i1, i1, i1, i1, i1, i1 } %empty, 4" [D:/Data/fpga/xfopencv-master/include\common/xf_infra.h:124]   --->   Operation 31 'extractvalue' 'tmp_last_V' <Predicate = true> <Delay = 0.00>
ST_2 : Operation 32 [1/1] (0.00ns)   --->   "%empty_91 = call i32 (...)* @_ssdm_op_SpecRegionEnd([20 x i8]* @p_str12, i32 %tmp_i)" [D:/Data/fpga/xfopencv-master/include\common/xf_infra.h:126]   --->   Operation 32 'specregionend' 'empty_91' <Predicate = true> <Delay = 0.00>
ST_2 : Operation 33 [1/1] (0.00ns)   --->   "br i1 %tmp_user_V, label %.preheader.preheader, label %loop_wait_for_start" [D:/Data/fpga/xfopencv-master/include\common/xf_infra.h:121]   --->   Operation 33 'br' <Predicate = true> <Delay = 0.00>

State 3 <SV = 2> <Delay = 1.76>
ST_3 : Operation 34 [1/1] (0.00ns)   --->   "%sof_1_i = alloca i1"   --->   Operation 34 'alloca' 'sof_1_i' <Predicate = true> <Delay = 0.00>
ST_3 : Operation 35 [1/1] (1.76ns)   --->   "store i1 true, i1* %sof_1_i" [D:/Data/fpga/xfopencv-master/include\common/xf_infra.h:127]   --->   Operation 35 'store' <Predicate = true> <Delay = 1.76>
ST_3 : Operation 36 [1/1] (1.76ns)   --->   "br label %.preheader" [D:/Data/fpga/xfopencv-master/include\common/xf_infra.h:127]   --->   Operation 36 'br' <Predicate = true> <Delay = 1.76>

State 4 <SV = 3> <Delay = 2.63>
ST_4 : Operation 37 [1/1] (0.00ns)   --->   "%axi_last_V_0_i = phi i1 [ %axi_last_V_3_i, %loop_height_end ], [ %tmp_last_V, %.preheader.preheader ]"   --->   Operation 37 'phi' 'axi_last_V_0_i' <Predicate = true> <Delay = 0.00>
ST_4 : Operation 38 [1/1] (0.00ns)   --->   "%axi_data_V_0_i = phi i8 [ %axi_data_V_3_i, %loop_height_end ], [ %tmp_data_V, %.preheader.preheader ]"   --->   Operation 38 'phi' 'axi_data_V_0_i' <Predicate = true> <Delay = 0.00>
ST_4 : Operation 39 [1/1] (0.00ns)   --->   "%i_0_i = phi i8 [ %i, %loop_height_end ], [ 0, %.preheader.preheader ]"   --->   Operation 39 'phi' 'i_0_i' <Predicate = true> <Delay = 0.00>
ST_4 : Operation 40 [1/1] (0.00ns)   --->   "%zext_ln127 = zext i8 %i_0_i to i9" [D:/Data/fpga/xfopencv-master/include\common/xf_infra.h:127]   --->   Operation 40 'zext' 'zext_ln127' <Predicate = true> <Delay = 0.00>
ST_4 : Operation 41 [1/1] (1.66ns)   --->   "%icmp_ln127 = icmp slt i9 %zext_ln127, %img_rows_read" [D:/Data/fpga/xfopencv-master/include\common/xf_infra.h:127]   --->   Operation 41 'icmp' 'icmp_ln127' <Predicate = true> <Delay = 1.66> <Core = "Cmp">   --->   Core 25 'Cmp' <Latency = 0> <II = 1> <Delay = 1.77> <FuncUnit> <Opcode : 'icmp'> <InPorts = 2> <OutPorts = 1>
ST_4 : Operation 42 [1/1] (0.00ns)   --->   "call void (...)* @_ssdm_op_SpecLoopTripCount(i64 0, i64 255, i64 0)"   --->   Operation 42 'speclooptripcount' <Predicate = true> <Delay = 0.00>
ST_4 : Operation 43 [1/1] (1.91ns)   --->   "%i = add i8 %i_0_i, 1" [D:/Data/fpga/xfopencv-master/include\common/xf_infra.h:127]   --->   Operation 43 'add' 'i' <Predicate = true> <Delay = 1.91> <Core = "AddSub">   --->   Core 14 'AddSub' <Latency = 0> <II = 1> <Delay = 1.82> <FuncUnit> <Opcode : 'add' 'sub'> <InPorts = 2> <OutPorts = 1>
ST_4 : Operation 44 [1/1] (0.00ns)   --->   "br i1 %icmp_ln127, label %loop_height_begin, label %.exit" [D:/Data/fpga/xfopencv-master/include\common/xf_infra.h:127]   --->   Operation 44 'br' <Predicate = true> <Delay = 0.00>
ST_4 : Operation 45 [1/1] (0.00ns)   --->   "call void (...)* @_ssdm_op_SpecLoopName([12 x i8]* @p_str7) nounwind" [D:/Data/fpga/xfopencv-master/include\common/xf_infra.h:127]   --->   Operation 45 'specloopname' <Predicate = (icmp_ln127)> <Delay = 0.00>
ST_4 : Operation 46 [1/1] (0.00ns)   --->   "%tmp_6_i = call i32 (...)* @_ssdm_op_SpecRegionBegin([12 x i8]* @p_str7)" [D:/Data/fpga/xfopencv-master/include\common/xf_infra.h:127]   --->   Operation 46 'specregionbegin' 'tmp_6_i' <Predicate = (icmp_ln127)> <Delay = 0.00>
ST_4 : Operation 47 [1/1] (1.76ns)   --->   "br label %0" [D:/Data/fpga/xfopencv-master/include\common/xf_infra.h:129]   --->   Operation 47 'br' <Predicate = (icmp_ln127)> <Delay = 1.76>
ST_4 : Operation 48 [1/1] (0.00ns)   --->   "ret void"   --->   Operation 48 'ret' <Predicate = (!icmp_ln127)> <Delay = 0.00>

State 5 <SV = 4> <Delay = 2.74>
ST_5 : Operation 49 [1/1] (0.00ns)   --->   "%eol = phi i1 [ %axi_last_V_0_i, %loop_height_begin ], [ %axi_last_V_2_i, %loop_width_end ]" [D:/Data/fpga/xfopencv-master/include\common/xf_infra.h:157]   --->   Operation 49 'phi' 'eol' <Predicate = true> <Delay = 0.00>
ST_5 : Operation 50 [1/1] (0.00ns)   --->   "%axi_data_V_1_i = phi i8 [ %axi_data_V_0_i, %loop_height_begin ], [ %p_Val2_s, %loop_width_end ]"   --->   Operation 50 'phi' 'axi_data_V_1_i' <Predicate = true> <Delay = 0.00>
ST_5 : Operation 51 [1/1] (0.00ns)   --->   "%eol_0_i = phi i1 [ false, %loop_height_begin ], [ %axi_last_V_2_i, %loop_width_end ]" [D:/Data/fpga/xfopencv-master/include\common/xf_infra.h:137]   --->   Operation 51 'phi' 'eol_0_i' <Predicate = true> <Delay = 0.00>
ST_5 : Operation 52 [1/1] (0.00ns)   --->   "%j_0_i = phi i9 [ 0, %loop_height_begin ], [ %j, %loop_width_end ]"   --->   Operation 52 'phi' 'j_0_i' <Predicate = true> <Delay = 0.00>
ST_5 : Operation 53 [1/1] (0.00ns)   --->   "%zext_ln134 = zext i9 %j_0_i to i10" [D:/Data/fpga/xfopencv-master/include\common/xf_infra.h:134]   --->   Operation 53 'zext' 'zext_ln134' <Predicate = true> <Delay = 0.00>
ST_5 : Operation 54 [1/1] (1.77ns)   --->   "%icmp_ln129 = icmp slt i10 %zext_ln134, %img_cols_read" [D:/Data/fpga/xfopencv-master/include\common/xf_infra.h:129]   --->   Operation 54 'icmp' 'icmp_ln129' <Predicate = true> <Delay = 1.77> <Core = "Cmp">   --->   Core 25 'Cmp' <Latency = 0> <II = 1> <Delay = 1.77> <FuncUnit> <Opcode : 'icmp'> <InPorts = 2> <OutPorts = 1>
ST_5 : Operation 55 [1/1] (0.00ns)   --->   "call void (...)* @_ssdm_op_SpecLoopTripCount(i64 0, i64 511, i64 0)"   --->   Operation 55 'speclooptripcount' <Predicate = true> <Delay = 0.00>
ST_5 : Operation 56 [1/1] (1.82ns)   --->   "%j = add i9 %j_0_i, 1" [D:/Data/fpga/xfopencv-master/include\common/xf_infra.h:129]   --->   Operation 56 'add' 'j' <Predicate = true> <Delay = 1.82> <Core = "AddSub">   --->   Core 14 'AddSub' <Latency = 0> <II = 1> <Delay = 1.82> <FuncUnit> <Opcode : 'add' 'sub'> <InPorts = 2> <OutPorts = 1>
ST_5 : Operation 57 [1/1] (0.00ns)   --->   "br i1 %icmp_ln129, label %loop_width_begin, label %.preheader.i.preheader" [D:/Data/fpga/xfopencv-master/include\common/xf_infra.h:129]   --->   Operation 57 'br' <Predicate = true> <Delay = 0.00>
ST_5 : Operation 58 [1/1] (0.00ns)   --->   "%sof_1_i_load = load i1* %sof_1_i" [D:/Data/fpga/xfopencv-master/include\common/xf_infra.h:132]   --->   Operation 58 'load' 'sof_1_i_load' <Predicate = (icmp_ln129)> <Delay = 0.00>
ST_5 : Operation 59 [1/1] (0.97ns)   --->   "%or_ln132 = or i1 %sof_1_i_load, %eol_0_i" [D:/Data/fpga/xfopencv-master/include\common/xf_infra.h:132]   --->   Operation 59 'or' 'or_ln132' <Predicate = (icmp_ln129)> <Delay = 0.97> <Core = "LogicGate">   --->   Core 27 'LogicGate' <Latency = 0> <II = 1> <Delay = 0.97> <FuncUnit> <Opcode : 'and' 'or' 'xor'> <InPorts = 2> <OutPorts = 1>
ST_5 : Operation 60 [1/1] (1.76ns)   --->   "br i1 %or_ln132, label %loop_width_end, label %1" [D:/Data/fpga/xfopencv-master/include\common/xf_infra.h:132]   --->   Operation 60 'br' <Predicate = (icmp_ln129)> <Delay = 1.76>
ST_5 : Operation 61 [1/1] (0.00ns)   --->   "%empty_92 = call { i8, i1, i1, i1, i1, i1, i1 } @_ssdm_op_Read.axis.volatile.i8P.i1P.i1P.i1P.i1P.i1P.i1P(i8* %AXI_video_strm_V_data_V, i1* %AXI_video_strm_V_keep_V, i1* %AXI_video_strm_V_strb_V, i1* %AXI_video_strm_V_user_V, i1* %AXI_video_strm_V_last_V, i1* %AXI_video_strm_V_id_V, i1* %AXI_video_strm_V_dest_V)" [D:/Data/fpga/xfopencv-master/include\common/xf_infra.h:137]   --->   Operation 61 'read' 'empty_92' <Predicate = (icmp_ln129 & !or_ln132)> <Delay = 0.00> <Core = "AXI4Stream">   --->   Core 5 'AXI4Stream' <Latency = 0> <II = 1> <Delay = 1.00> <Adapter> <Opcode : >
ST_5 : Operation 62 [1/1] (0.00ns)   --->   "%tmp_data_V_3 = extractvalue { i8, i1, i1, i1, i1, i1, i1 } %empty_92, 0" [D:/Data/fpga/xfopencv-master/include\common/xf_infra.h:137]   --->   Operation 62 'extractvalue' 'tmp_data_V_3' <Predicate = (icmp_ln129 & !or_ln132)> <Delay = 0.00>
ST_5 : Operation 63 [1/1] (0.00ns)   --->   "%tmp_last_V_3 = extractvalue { i8, i1, i1, i1, i1, i1, i1 } %empty_92, 4" [D:/Data/fpga/xfopencv-master/include\common/xf_infra.h:137]   --->   Operation 63 'extractvalue' 'tmp_last_V_3' <Predicate = (icmp_ln129 & !or_ln132)> <Delay = 0.00>
ST_5 : Operation 64 [1/1] (1.76ns)   --->   "br label %loop_width_end"   --->   Operation 64 'br' <Predicate = (icmp_ln129 & !or_ln132)> <Delay = 1.76>
ST_5 : Operation 65 [1/1] (0.00ns)   --->   "%axi_last_V_2_i = phi i1 [ %tmp_last_V_3, %1 ], [ %eol, %loop_width_begin ]"   --->   Operation 65 'phi' 'axi_last_V_2_i' <Predicate = (icmp_ln129)> <Delay = 0.00>
ST_5 : Operation 66 [1/1] (0.00ns)   --->   "%p_Val2_s = phi i8 [ %tmp_data_V_3, %1 ], [ %axi_data_V_1_i, %loop_width_begin ]"   --->   Operation 66 'phi' 'p_Val2_s' <Predicate = (icmp_ln129)> <Delay = 0.00>
ST_5 : Operation 67 [1/1] (1.76ns)   --->   "store i1 false, i1* %sof_1_i" [D:/Data/fpga/xfopencv-master/include\common/xf_infra.h:129]   --->   Operation 67 'store' <Predicate = (icmp_ln129)> <Delay = 1.76>

State 6 <SV = 5> <Delay = 3.63>
ST_6 : Operation 68 [1/1] (0.00ns)   --->   "call void (...)* @_ssdm_op_SpecLoopName([11 x i8]* @p_str8) nounwind" [D:/Data/fpga/xfopencv-master/include\common/xf_infra.h:129]   --->   Operation 68 'specloopname' <Predicate = (icmp_ln129)> <Delay = 0.00>
ST_6 : Operation 69 [1/1] (0.00ns)   --->   "%tmp_7_i = call i32 (...)* @_ssdm_op_SpecRegionBegin([11 x i8]* @p_str8)" [D:/Data/fpga/xfopencv-master/include\common/xf_infra.h:129]   --->   Operation 69 'specregionbegin' 'tmp_7_i' <Predicate = (icmp_ln129)> <Delay = 0.00>
ST_6 : Operation 70 [1/1] (0.00ns)   --->   "call void (...)* @_ssdm_op_SpecPipeline(i32 1, i32 1, i32 1, i32 0, [1 x i8]* @p_str) nounwind" [D:/Data/fpga/xfopencv-master/include\common/xf_infra.h:131]   --->   Operation 70 'specpipeline' <Predicate = (icmp_ln129)> <Delay = 0.00>
ST_6 : Operation 71 [1/1] (3.63ns)   --->   "call void @_ssdm_op_Write.ap_fifo.volatile.i8P(i8* %img_data_V, i8 %p_Val2_s)" [D:/Data/fpga/xfopencv-master/include\common/xf_structs.h:650->D:/Data/fpga/xfopencv-master/include\common/xf_infra.h:51->D:/Data/fpga/xfopencv-master/include\common/xf_infra.h:61->D:/Data/fpga/xfopencv-master/include\common/xf_infra.h:150]   --->   Operation 71 'write' <Predicate = (icmp_ln129)> <Delay = 3.63> <Core = "FIFO">   --->   Core 32 'FIFO' <Latency = 0> <II = 1> <Delay = 3.63> <Storage> <Opcode : 'read' 'write' 'nbread' 'nbwrite'> <Ports = 0> <Width = 10> <Depth = 2> <FIFO>
ST_6 : Operation 72 [1/1] (0.00ns)   --->   "%empty_93 = call i32 (...)* @_ssdm_op_SpecRegionEnd([11 x i8]* @p_str8, i32 %tmp_7_i)" [D:/Data/fpga/xfopencv-master/include\common/xf_infra.h:152]   --->   Operation 72 'specregionend' 'empty_93' <Predicate = (icmp_ln129)> <Delay = 0.00>
ST_6 : Operation 73 [1/1] (0.00ns)   --->   "br label %0" [D:/Data/fpga/xfopencv-master/include\common/xf_infra.h:129]   --->   Operation 73 'br' <Predicate = (icmp_ln129)> <Delay = 0.00>

State 7 <SV = 5> <Delay = 1.76>
ST_7 : Operation 74 [1/1] (1.76ns)   --->   "br label %.preheader.i" [D:/Data/fpga/xfopencv-master/include\common/xf_infra.h:153]   --->   Operation 74 'br' <Predicate = true> <Delay = 1.76>

State 8 <SV = 6> <Delay = 0.00>
ST_8 : Operation 75 [1/1] (0.00ns)   --->   "%axi_last_V_3_i = phi i1 [ %tmp_last_V_4, %loop_wait_for_eol ], [ %eol, %.preheader.i.preheader ]"   --->   Operation 75 'phi' 'axi_last_V_3_i' <Predicate = true> <Delay = 0.00>
ST_8 : Operation 76 [1/1] (0.00ns)   --->   "%axi_data_V_3_i = phi i8 [ %tmp_data_V_4, %loop_wait_for_eol ], [ %axi_data_V_1_i, %.preheader.i.preheader ]"   --->   Operation 76 'phi' 'axi_data_V_3_i' <Predicate = true> <Delay = 0.00>
ST_8 : Operation 77 [1/1] (0.00ns)   --->   "%eol_2_i = phi i1 [ %tmp_last_V_4, %loop_wait_for_eol ], [ %eol_0_i, %.preheader.i.preheader ]"   --->   Operation 77 'phi' 'eol_2_i' <Predicate = true> <Delay = 0.00>
ST_8 : Operation 78 [1/1] (0.00ns)   --->   "br i1 %eol_2_i, label %loop_height_end, label %loop_wait_for_eol" [D:/Data/fpga/xfopencv-master/include\common/xf_infra.h:153]   --->   Operation 78 'br' <Predicate = true> <Delay = 0.00>
ST_8 : Operation 79 [1/1] (0.00ns)   --->   "call void (...)* @_ssdm_op_SpecLoopName([18 x i8]* @p_str13) nounwind" [D:/Data/fpga/xfopencv-master/include\common/xf_infra.h:153]   --->   Operation 79 'specloopname' <Predicate = (!eol_2_i)> <Delay = 0.00>
ST_8 : Operation 80 [1/1] (0.00ns)   --->   "%tmp_8_i = call i32 (...)* @_ssdm_op_SpecRegionBegin([18 x i8]* @p_str13)" [D:/Data/fpga/xfopencv-master/include\common/xf_infra.h:153]   --->   Operation 80 'specregionbegin' 'tmp_8_i' <Predicate = (!eol_2_i)> <Delay = 0.00>
ST_8 : Operation 81 [1/1] (0.00ns)   --->   "call void (...)* @_ssdm_op_SpecPipeline(i32 1, i32 1, i32 1, i32 0, [1 x i8]* @p_str) nounwind" [D:/Data/fpga/xfopencv-master/include\common/xf_infra.h:154]   --->   Operation 81 'specpipeline' <Predicate = (!eol_2_i)> <Delay = 0.00>
ST_8 : Operation 82 [1/1] (0.00ns)   --->   "call void (...)* @_ssdm_op_SpecLoopTripCount(i32 0, i32 0, i32 0, [1 x i8]* @p_str) nounwind" [D:/Data/fpga/xfopencv-master/include\common/xf_infra.h:155]   --->   Operation 82 'speclooptripcount' <Predicate = (!eol_2_i)> <Delay = 0.00>
ST_8 : Operation 83 [1/1] (0.00ns)   --->   "%empty_94 = call { i8, i1, i1, i1, i1, i1, i1 } @_ssdm_op_Read.axis.volatile.i8P.i1P.i1P.i1P.i1P.i1P.i1P(i8* %AXI_video_strm_V_data_V, i1* %AXI_video_strm_V_keep_V, i1* %AXI_video_strm_V_strb_V, i1* %AXI_video_strm_V_user_V, i1* %AXI_video_strm_V_last_V, i1* %AXI_video_strm_V_id_V, i1* %AXI_video_strm_V_dest_V)" [D:/Data/fpga/xfopencv-master/include\common/xf_infra.h:157]   --->   Operation 83 'read' 'empty_94' <Predicate = (!eol_2_i)> <Delay = 0.00> <Core = "AXI4Stream">   --->   Core 5 'AXI4Stream' <Latency = 0> <II = 1> <Delay = 1.00> <Adapter> <Opcode : >
ST_8 : Operation 84 [1/1] (0.00ns)   --->   "%tmp_data_V_4 = extractvalue { i8, i1, i1, i1, i1, i1, i1 } %empty_94, 0" [D:/Data/fpga/xfopencv-master/include\common/xf_infra.h:157]   --->   Operation 84 'extractvalue' 'tmp_data_V_4' <Predicate = (!eol_2_i)> <Delay = 0.00>
ST_8 : Operation 85 [1/1] (0.00ns)   --->   "%tmp_last_V_4 = extractvalue { i8, i1, i1, i1, i1, i1, i1 } %empty_94, 4" [D:/Data/fpga/xfopencv-master/include\common/xf_infra.h:157]   --->   Operation 85 'extractvalue' 'tmp_last_V_4' <Predicate = (!eol_2_i)> <Delay = 0.00>
ST_8 : Operation 86 [1/1] (0.00ns)   --->   "%empty_95 = call i32 (...)* @_ssdm_op_SpecRegionEnd([18 x i8]* @p_str13, i32 %tmp_8_i)" [D:/Data/fpga/xfopencv-master/include\common/xf_infra.h:160]   --->   Operation 86 'specregionend' 'empty_95' <Predicate = (!eol_2_i)> <Delay = 0.00>
ST_8 : Operation 87 [1/1] (0.00ns)   --->   "br label %.preheader.i" [D:/Data/fpga/xfopencv-master/include\common/xf_infra.h:160]   --->   Operation 87 'br' <Predicate = (!eol_2_i)> <Delay = 0.00>

State 9 <SV = 7> <Delay = 0.00>
ST_9 : Operation 88 [1/1] (0.00ns)   --->   "%empty_96 = call i32 (...)* @_ssdm_op_SpecRegionEnd([12 x i8]* @p_str7, i32 %tmp_6_i)" [D:/Data/fpga/xfopencv-master/include\common/xf_infra.h:161]   --->   Operation 88 'specregionend' 'empty_96' <Predicate = true> <Delay = 0.00>
ST_9 : Operation 89 [1/1] (0.00ns)   --->   "br label %.preheader" [D:/Data/fpga/xfopencv-master/include\common/xf_infra.h:127]   --->   Operation 89 'br' <Predicate = true> <Delay = 0.00>


============================================================
+ Verbose Summary: Binding
============================================================
STG Binding: 
---------------- STG Properties BEGIN ----------------
- Is combinational: 0
- Is one-state seq: 0
- Is datapath-only: 0
- Is pipelined: 0
- Is top level: 0
Port [ Return ] is wired: 1; IO mode=ap_ctrl_hs:ce=0
Port [ AXI_video_strm_V_data_V]:  wired=1; compound=1; hidden=0; nouse=0; global=0; static=0; extern=0; dir=0; type=0; pingpong=0; private_global=0; IO mode=axis:ce=0
Port [ AXI_video_strm_V_keep_V]:  wired=1; compound=1; hidden=0; nouse=0; global=0; static=0; extern=0; dir=0; type=0; pingpong=0; private_global=0; IO mode=axis:ce=0
Port [ AXI_video_strm_V_strb_V]:  wired=1; compound=1; hidden=0; nouse=0; global=0; static=0; extern=0; dir=0; type=0; pingpong=0; private_global=0; IO mode=axis:ce=0
Port [ AXI_video_strm_V_user_V]:  wired=1; compound=1; hidden=0; nouse=0; global=0; static=0; extern=0; dir=0; type=0; pingpong=0; private_global=0; IO mode=axis:ce=0
Port [ AXI_video_strm_V_last_V]:  wired=1; compound=1; hidden=0; nouse=0; global=0; static=0; extern=0; dir=0; type=0; pingpong=0; private_global=0; IO mode=axis:ce=0
Port [ AXI_video_strm_V_id_V]:  wired=1; compound=1; hidden=0; nouse=0; global=0; static=0; extern=0; dir=0; type=0; pingpong=0; private_global=0; IO mode=axis:ce=0
Port [ AXI_video_strm_V_dest_V]:  wired=1; compound=1; hidden=0; nouse=0; global=0; static=0; extern=0; dir=0; type=0; pingpong=0; private_global=0; IO mode=axis:ce=0
Port [ img_rows]:  wired=1; compound=1; hidden=0; nouse=0; global=0; static=0; extern=0; dir=0; type=3; pingpong=0; private_global=0; IO mode=ap_fifo:ce=0
Port [ img_cols]:  wired=1; compound=1; hidden=0; nouse=0; global=0; static=0; extern=0; dir=0; type=3; pingpong=0; private_global=0; IO mode=ap_fifo:ce=0
Port [ img_data_V]:  wired=1; compound=1; hidden=0; nouse=0; global=0; static=0; extern=0; dir=1; type=3; pingpong=0; private_global=0; IO mode=ap_fifo:ce=0
---------------- STG Properties END ------------------

---------------- Datapath Model BEGIN ----------------

<LifeTime>
<method=bitvector/>
specinterface_ln0       (specinterface    ) [ 0000000000]
specinterface_ln0       (specinterface    ) [ 0000000000]
specinterface_ln0       (specinterface    ) [ 0000000000]
specinterface_ln0       (specinterface    ) [ 0000000000]
specinterface_ln0       (specinterface    ) [ 0000000000]
specinterface_ln0       (specinterface    ) [ 0000000000]
specinterface_ln0       (specinterface    ) [ 0000000000]
specinterface_ln0       (specinterface    ) [ 0000000000]
specinterface_ln0       (specinterface    ) [ 0000000000]
specinterface_ln0       (specinterface    ) [ 0000000000]
specinterface_ln0       (specinterface    ) [ 0000000000]
img_rows_read           (read             ) [ 0011111111]
img_cols_read           (read             ) [ 0011111111]
br_ln119                (br               ) [ 0000000000]
specloopname_ln121      (specloopname     ) [ 0000000000]
tmp_i                   (specregionbegin  ) [ 0000000000]
specpipeline_ln122      (specpipeline     ) [ 0000000000]
speclooptripcount_ln123 (speclooptripcount) [ 0000000000]
empty                   (read             ) [ 0000000000]
tmp_data_V              (extractvalue     ) [ 0001111111]
tmp_user_V              (extractvalue     ) [ 0010000000]
tmp_last_V              (extractvalue     ) [ 0001111111]
empty_91                (specregionend    ) [ 0000000000]
br_ln121                (br               ) [ 0000000000]
sof_1_i                 (alloca           ) [ 0001111111]
store_ln127             (store            ) [ 0000000000]
br_ln127                (br               ) [ 0001111111]
axi_last_V_0_i          (phi              ) [ 0000111000]
axi_data_V_0_i          (phi              ) [ 0000111000]
i_0_i                   (phi              ) [ 0000100000]
zext_ln127              (zext             ) [ 0000000000]
icmp_ln127              (icmp             ) [ 0000111111]
speclooptripcount_ln0   (speclooptripcount) [ 0000000000]
i                       (add              ) [ 0001111111]
br_ln127                (br               ) [ 0000000000]
specloopname_ln127      (specloopname     ) [ 0000000000]
tmp_6_i                 (specregionbegin  ) [ 0000011111]
br_ln129                (br               ) [ 0000111111]
ret_ln0                 (ret              ) [ 0000000000]
eol                     (phi              ) [ 0000010110]
axi_data_V_1_i          (phi              ) [ 0000010110]
eol_0_i                 (phi              ) [ 0000010110]
j_0_i                   (phi              ) [ 0000010000]
zext_ln134              (zext             ) [ 0000000000]
icmp_ln129              (icmp             ) [ 0000111111]
speclooptripcount_ln0   (speclooptripcount) [ 0000000000]
j                       (add              ) [ 0000111111]
br_ln129                (br               ) [ 0000000000]
sof_1_i_load            (load             ) [ 0000000000]
or_ln132                (or               ) [ 0000111111]
br_ln132                (br               ) [ 0000000000]
empty_92                (read             ) [ 0000000000]
tmp_data_V_3            (extractvalue     ) [ 0000000000]
tmp_last_V_3            (extractvalue     ) [ 0000000000]
br_ln0                  (br               ) [ 0000000000]
axi_last_V_2_i          (phi              ) [ 0000111111]
p_Val2_s                (phi              ) [ 0000111111]
store_ln129             (store            ) [ 0000000000]
specloopname_ln129      (specloopname     ) [ 0000000000]
tmp_7_i                 (specregionbegin  ) [ 0000000000]
specpipeline_ln131      (specpipeline     ) [ 0000000000]
write_ln650             (write            ) [ 0000000000]
empty_93                (specregionend    ) [ 0000000000]
br_ln129                (br               ) [ 0000111111]
br_ln153                (br               ) [ 0000111111]
axi_last_V_3_i          (phi              ) [ 0001100011]
axi_data_V_3_i          (phi              ) [ 0001100011]
eol_2_i                 (phi              ) [ 0000000010]
br_ln153                (br               ) [ 0000000000]
specloopname_ln153      (specloopname     ) [ 0000000000]
tmp_8_i                 (specregionbegin  ) [ 0000000000]
specpipeline_ln154      (specpipeline     ) [ 0000000000]
speclooptripcount_ln155 (speclooptripcount) [ 0000000000]
empty_94                (read             ) [ 0000000000]
tmp_data_V_4            (extractvalue     ) [ 0000111111]
tmp_last_V_4            (extractvalue     ) [ 0000111111]
empty_95                (specregionend    ) [ 0000000000]
br_ln160                (br               ) [ 0000111111]
empty_96                (specregionend    ) [ 0000000000]
br_ln127                (br               ) [ 0001111111]
</LifeTime>

<model>

<comp_list>
<comp id="0" class="1000" name="AXI_video_strm_V_data_V">
<pin_list>
<pin id="1" dir="1" index="0" bw="1" slack="0"/>
</pin_list>
<bind>
<StgValue><ssdm name="AXI_video_strm_V_data_V"/></StgValue>
</bind>
</comp>

<comp id="2" class="1000" name="AXI_video_strm_V_keep_V">
<pin_list>
<pin id="3" dir="1" index="0" bw="1" slack="0"/>
</pin_list>
<bind>
<StgValue><ssdm name="AXI_video_strm_V_keep_V"/></StgValue>
</bind>
</comp>

<comp id="4" class="1000" name="AXI_video_strm_V_strb_V">
<pin_list>
<pin id="5" dir="1" index="0" bw="1" slack="0"/>
</pin_list>
<bind>
<StgValue><ssdm name="AXI_video_strm_V_strb_V"/></StgValue>
</bind>
</comp>

<comp id="6" class="1000" name="AXI_video_strm_V_user_V">
<pin_list>
<pin id="7" dir="1" index="0" bw="1" slack="0"/>
</pin_list>
<bind>
<StgValue><ssdm name="AXI_video_strm_V_user_V"/></StgValue>
</bind>
</comp>

<comp id="8" class="1000" name="AXI_video_strm_V_last_V">
<pin_list>
<pin id="9" dir="1" index="0" bw="1" slack="0"/>
</pin_list>
<bind>
<StgValue><ssdm name="AXI_video_strm_V_last_V"/></StgValue>
</bind>
</comp>

<comp id="10" class="1000" name="AXI_video_strm_V_id_V">
<pin_list>
<pin id="11" dir="1" index="0" bw="1" slack="0"/>
</pin_list>
<bind>
<StgValue><ssdm name="AXI_video_strm_V_id_V"/></StgValue>
</bind>
</comp>

<comp id="12" class="1000" name="AXI_video_strm_V_dest_V">
<pin_list>
<pin id="13" dir="1" index="0" bw="1" slack="0"/>
</pin_list>
<bind>
<StgValue><ssdm name="AXI_video_strm_V_dest_V"/></StgValue>
</bind>
</comp>

<comp id="14" class="1000" name="img_rows">
<pin_list>
<pin id="15" dir="1" index="0" bw="1" slack="0"/>
</pin_list>
<bind>
<StgValue><ssdm name="img_rows"/></StgValue>
</bind>
</comp>

<comp id="16" class="1000" name="img_cols">
<pin_list>
<pin id="17" dir="1" index="0" bw="1" slack="0"/>
</pin_list>
<bind>
<StgValue><ssdm name="img_cols"/></StgValue>
</bind>
</comp>

<comp id="18" class="1000" name="img_data_V">
<pin_list>
<pin id="19" dir="1" index="0" bw="1" slack="0"/>
</pin_list>
<bind>
<StgValue><ssdm name="img_data_V"/></StgValue>
</bind>
</comp>

<comp id="20" class="1001" name="const_20">
<pin_list>
<pin id="21" dir="1" index="0" bw="1" slack="2147483647"/>
</pin_list>
<bind>
<StgValue><ssdm name="_ssdm_op_SpecInterface"/></StgValue>
</bind>
</comp>

<comp id="22" class="1001" name="const_22">
<pin_list>
<pin id="23" dir="1" index="0" bw="1" slack="2147483647"/>
</pin_list>
<bind>
<StgValue><ssdm name="ap_fifo_str"/></StgValue>
</bind>
</comp>

<comp id="24" class="1001" name="const_24">
<pin_list>
<pin id="25" dir="1" index="0" bw="1" slack="2147483647"/>
</pin_list>
<bind>
<StgValue><ssdm name=""/></StgValue>
</bind>
</comp>

<comp id="26" class="1001" name="const_26">
<pin_list>
<pin id="27" dir="1" index="0" bw="1" slack="2147483647"/>
</pin_list>
<bind>
<StgValue><ssdm name="p_str"/></StgValue>
</bind>
</comp>

<comp id="28" class="1001" name="const_28">
<pin_list>
<pin id="29" dir="1" index="0" bw="1" slack="2147483647"/>
</pin_list>
<bind>
<StgValue><ssdm name=""/></StgValue>
</bind>
</comp>

<comp id="30" class="1001" name="const_30">
<pin_list>
<pin id="31" dir="1" index="0" bw="1" slack="2147483647"/>
</pin_list>
<bind>
<StgValue><ssdm name=""/></StgValue>
</bind>
</comp>

<comp id="32" class="1001" name="const_32">
<pin_list>
<pin id="33" dir="1" index="0" bw="1" slack="2147483647"/>
</pin_list>
<bind>
<StgValue><ssdm name="p_str1"/></StgValue>
</bind>
</comp>

<comp id="34" class="1001" name="const_34">
<pin_list>
<pin id="35" dir="1" index="0" bw="1" slack="0"/>
</pin_list>
<bind>
<StgValue><ssdm name=""/></StgValue>
</bind>
</comp>

<comp id="36" class="1001" name="const_36">
<pin_list>
<pin id="37" dir="1" index="0" bw="1" slack="2147483647"/>
</pin_list>
<bind>
<StgValue><ssdm name="p_str2"/></StgValue>
</bind>
</comp>

<comp id="38" class="1001" name="const_38">
<pin_list>
<pin id="39" dir="1" index="0" bw="1" slack="2147483647"/>
</pin_list>
<bind>
<StgValue><ssdm name="ScalarProp_str"/></StgValue>
</bind>
</comp>

<comp id="40" class="1001" name="const_40">
<pin_list>
<pin id="41" dir="1" index="0" bw="1" slack="0"/>
</pin_list>
<bind>
<StgValue><ssdm name="_ssdm_op_Read.ap_fifo.i9P"/></StgValue>
</bind>
</comp>

<comp id="42" class="1001" name="const_42">
<pin_list>
<pin id="43" dir="1" index="0" bw="1" slack="0"/>
</pin_list>
<bind>
<StgValue><ssdm name="_ssdm_op_Read.ap_fifo.i10P"/></StgValue>
</bind>
</comp>

<comp id="44" class="1001" name="const_44">
<pin_list>
<pin id="45" dir="1" index="0" bw="1" slack="2147483647"/>
</pin_list>
<bind>
<StgValue><ssdm name="_ssdm_op_SpecLoopName"/></StgValue>
</bind>
</comp>

<comp id="46" class="1001" name="const_46">
<pin_list>
<pin id="47" dir="1" index="0" bw="1" slack="2147483647"/>
</pin_list>
<bind>
<StgValue><ssdm name="p_str12"/></StgValue>
</bind>
</comp>

<comp id="48" class="1001" name="const_48">
<pin_list>
<pin id="49" dir="1" index="0" bw="1" slack="2147483647"/>
</pin_list>
<bind>
<StgValue><ssdm name="_ssdm_op_SpecRegionBegin"/></StgValue>
</bind>
</comp>

<comp id="50" class="1001" name="const_50">
<pin_list>
<pin id="51" dir="1" index="0" bw="1" slack="2147483647"/>
</pin_list>
<bind>
<StgValue><ssdm name="_ssdm_op_SpecPipeline"/></StgValue>
</bind>
</comp>

<comp id="52" class="1001" name="const_52">
<pin_list>
<pin id="53" dir="1" index="0" bw="1" slack="2147483647"/>
</pin_list>
<bind>
<StgValue><ssdm name="_ssdm_op_SpecLoopTripCount"/></StgValue>
</bind>
</comp>

<comp id="54" class="1001" name="const_54">
<pin_list>
<pin id="55" dir="1" index="0" bw="1" slack="0"/>
</pin_list>
<bind>
<StgValue><ssdm name="_ssdm_op_Read.axis.volatile.i8P.i1P.i1P.i1P.i1P.i1P.i1P"/></StgValue>
</bind>
</comp>

<comp id="56" class="1001" name="const_56">
<pin_list>
<pin id="57" dir="1" index="0" bw="1" slack="2147483647"/>
</pin_list>
<bind>
<StgValue><ssdm name="_ssdm_op_SpecRegionEnd"/></StgValue>
</bind>
</comp>

<comp id="58" class="1001" name="const_58">
<pin_list>
<pin id="59" dir="1" index="0" bw="1" slack="0"/>
</pin_list>
<bind>
<StgValue><ssdm name=""/></StgValue>
</bind>
</comp>

<comp id="60" class="1001" name="const_60">
<pin_list>
<pin id="61" dir="1" index="0" bw="1" slack="1"/>
</pin_list>
<bind>
<StgValue><ssdm name=""/></StgValue>
</bind>
</comp>

<comp id="62" class="1001" name="const_62">
<pin_list>
<pin id="63" dir="1" index="0" bw="1" slack="2147483647"/>
</pin_list>
<bind>
<StgValue><ssdm name=""/></StgValue>
</bind>
</comp>

<comp id="64" class="1001" name="const_64">
<pin_list>
<pin id="65" dir="1" index="0" bw="1" slack="2147483647"/>
</pin_list>
<bind>
<StgValue><ssdm name=""/></StgValue>
</bind>
</comp>

<comp id="66" class="1001" name="const_66">
<pin_list>
<pin id="67" dir="1" index="0" bw="1" slack="0"/>
</pin_list>
<bind>
<StgValue><ssdm name=""/></StgValue>
</bind>
</comp>

<comp id="68" class="1001" name="const_68">
<pin_list>
<pin id="69" dir="1" index="0" bw="1" slack="2147483647"/>
</pin_list>
<bind>
<StgValue><ssdm name="p_str7"/></StgValue>
</bind>
</comp>

<comp id="70" class="1001" name="const_70">
<pin_list>
<pin id="71" dir="1" index="0" bw="1" slack="0"/>
</pin_list>
<bind>
<StgValue><ssdm name=""/></StgValue>
</bind>
</comp>

<comp id="72" class="1001" name="const_72">
<pin_list>
<pin id="73" dir="1" index="0" bw="1" slack="1"/>
</pin_list>
<bind>
<StgValue><ssdm name=""/></StgValue>
</bind>
</comp>

<comp id="74" class="1001" name="const_74">
<pin_list>
<pin id="75" dir="1" index="0" bw="1" slack="2147483647"/>
</pin_list>
<bind>
<StgValue><ssdm name=""/></StgValue>
</bind>
</comp>

<comp id="76" class="1001" name="const_76">
<pin_list>
<pin id="77" dir="1" index="0" bw="1" slack="0"/>
</pin_list>
<bind>
<StgValue><ssdm name=""/></StgValue>
</bind>
</comp>

<comp id="78" class="1001" name="const_78">
<pin_list>
<pin id="79" dir="1" index="0" bw="1" slack="2147483647"/>
</pin_list>
<bind>
<StgValue><ssdm name="p_str8"/></StgValue>
</bind>
</comp>

<comp id="80" class="1001" name="const_80">
<pin_list>
<pin id="81" dir="1" index="0" bw="1" slack="0"/>
</pin_list>
<bind>
<StgValue><ssdm name="_ssdm_op_Write.ap_fifo.volatile.i8P"/></StgValue>
</bind>
</comp>

<comp id="82" class="1001" name="const_82">
<pin_list>
<pin id="83" dir="1" index="0" bw="1" slack="2147483647"/>
</pin_list>
<bind>
<StgValue><ssdm name="p_str13"/></StgValue>
</bind>
</comp>

<comp id="84" class="1004" name="sof_1_i_fu_84">
<pin_list>
<pin id="85" dir="0" index="0" bw="1" slack="0"/>
<pin id="86" dir="1" index="1" bw="1" slack="0"/>
</pin_list>
<bind>
<opcode="alloca(26) " fcode="alloca"/>
<opset="sof_1_i/3 "/>
</bind>
</comp>

<comp id="88" class="1004" name="img_rows_read_read_fu_88">
<pin_list>
<pin id="89" dir="0" index="0" bw="9" slack="0"/>
<pin id="90" dir="0" index="1" bw="9" slack="0"/>
<pin id="91" dir="1" index="2" bw="9" slack="3"/>
</pin_list>
<bind>
<opcode="read(1150) " fcode="read"/>
<opset="img_rows_read/1 "/>
</bind>
</comp>

<comp id="94" class="1004" name="img_cols_read_read_fu_94">
<pin_list>
<pin id="95" dir="0" index="0" bw="10" slack="0"/>
<pin id="96" dir="0" index="1" bw="10" slack="0"/>
<pin id="97" dir="1" index="2" bw="10" slack="4"/>
</pin_list>
<bind>
<opcode="read(1150) " fcode="read"/>
<opset="img_cols_read/1 "/>
</bind>
</comp>

<comp id="100" class="1004" name="grp_read_fu_100">
<pin_list>
<pin id="101" dir="0" index="0" bw="14" slack="0"/>
<pin id="102" dir="0" index="1" bw="8" slack="0"/>
<pin id="103" dir="0" index="2" bw="1" slack="0"/>
<pin id="104" dir="0" index="3" bw="1" slack="0"/>
<pin id="105" dir="0" index="4" bw="1" slack="0"/>
<pin id="106" dir="0" index="5" bw="1" slack="0"/>
<pin id="107" dir="0" index="6" bw="1" slack="0"/>
<pin id="108" dir="0" index="7" bw="1" slack="0"/>
<pin id="109" dir="1" index="8" bw="14" slack="0"/>
</pin_list>
<bind>
<opcode="read(1150) " fcode="read"/>
<opset="empty/2 empty_92/5 empty_94/8 "/>
</bind>
</comp>

<comp id="118" class="1004" name="write_ln650_write_fu_118">
<pin_list>
<pin id="119" dir="0" index="0" bw="0" slack="0"/>
<pin id="120" dir="0" index="1" bw="8" slack="0"/>
<pin id="121" dir="0" index="2" bw="8" slack="1"/>
<pin id="122" dir="1" index="3" bw="0" slack="2147483647"/>
</pin_list>
<bind>
<opcode="write(1151) " fcode="write"/>
<opset="write_ln650/6 "/>
</bind>
</comp>

<comp id="125" class="1005" name="axi_last_V_0_i_reg_125">
<pin_list>
<pin id="126" dir="0" index="0" bw="1" slack="1"/>
<pin id="127" dir="1" index="1" bw="1" slack="1"/>
</pin_list>
<bind>
<opset="axi_last_V_0_i (phireg) "/>
</bind>
</comp>

<comp id="128" class="1004" name="axi_last_V_0_i_phi_fu_128">
<pin_list>
<pin id="129" dir="0" index="0" bw="1" slack="1"/>
<pin id="130" dir="0" index="1" bw="0" slack="2147483647"/>
<pin id="131" dir="0" index="2" bw="1" slack="2"/>
<pin id="132" dir="0" index="3" bw="0" slack="2147483647"/>
<pin id="133" dir="1" index="4" bw="1" slack="1"/>
</pin_list>
<bind>
<opcode="phi(47) " fcode="phi"/>
<opset="axi_last_V_0_i/4 "/>
</bind>
</comp>

<comp id="135" class="1005" name="axi_data_V_0_i_reg_135">
<pin_list>
<pin id="136" dir="0" index="0" bw="8" slack="1"/>
<pin id="137" dir="1" index="1" bw="8" slack="1"/>
</pin_list>
<bind>
<opset="axi_data_V_0_i (phireg) "/>
</bind>
</comp>

<comp id="138" class="1004" name="axi_data_V_0_i_phi_fu_138">
<pin_list>
<pin id="139" dir="0" index="0" bw="8" slack="1"/>
<pin id="140" dir="0" index="1" bw="0" slack="2147483647"/>
<pin id="141" dir="0" index="2" bw="8" slack="2"/>
<pin id="142" dir="0" index="3" bw="0" slack="2147483647"/>
<pin id="143" dir="1" index="4" bw="8" slack="1"/>
</pin_list>
<bind>
<opcode="phi(47) " fcode="phi"/>
<opset="axi_data_V_0_i/4 "/>
</bind>
</comp>

<comp id="145" class="1005" name="i_0_i_reg_145">
<pin_list>
<pin id="146" dir="0" index="0" bw="8" slack="1"/>
<pin id="147" dir="1" index="1" bw="8" slack="1"/>
</pin_list>
<bind>
<opset="i_0_i (phireg) "/>
</bind>
</comp>

<comp id="149" class="1004" name="i_0_i_phi_fu_149">
<pin_list>
<pin id="150" dir="0" index="0" bw="8" slack="0"/>
<pin id="151" dir="0" index="1" bw="0" slack="2147483647"/>
<pin id="152" dir="0" index="2" bw="1" slack="1"/>
<pin id="153" dir="0" index="3" bw="0" slack="2147483647"/>
<pin id="154" dir="1" index="4" bw="8" slack="0"/>
</pin_list>
<bind>
<opcode="phi(47) " fcode="phi"/>
<opset="i_0_i/4 "/>
</bind>
</comp>

<comp id="156" class="1005" name="eol_reg_156">
<pin_list>
<pin id="157" dir="0" index="0" bw="1" slack="2"/>
<pin id="158" dir="1" index="1" bw="1" slack="2"/>
</pin_list>
<bind>
<opset="eol (phireg) "/>
</bind>
</comp>

<comp id="159" class="1004" name="eol_phi_fu_159">
<pin_list>
<pin id="160" dir="0" index="0" bw="1" slack="1"/>
<pin id="161" dir="0" index="1" bw="0" slack="2147483647"/>
<pin id="162" dir="0" index="2" bw="1" slack="0"/>
<pin id="163" dir="0" index="3" bw="0" slack="2147483647"/>
<pin id="164" dir="1" index="4" bw="1" slack="0"/>
</pin_list>
<bind>
<opcode="phi(47) " fcode="phi"/>
<opset="eol/5 "/>
</bind>
</comp>

<comp id="167" class="1005" name="axi_data_V_1_i_reg_167">
<pin_list>
<pin id="168" dir="0" index="0" bw="8" slack="2"/>
<pin id="169" dir="1" index="1" bw="8" slack="2"/>
</pin_list>
<bind>
<opset="axi_data_V_1_i (phireg) "/>
</bind>
</comp>

<comp id="170" class="1004" name="axi_data_V_1_i_phi_fu_170">
<pin_list>
<pin id="171" dir="0" index="0" bw="8" slack="1"/>
<pin id="172" dir="0" index="1" bw="0" slack="2147483647"/>
<pin id="173" dir="0" index="2" bw="8" slack="0"/>
<pin id="174" dir="0" index="3" bw="0" slack="2147483647"/>
<pin id="175" dir="1" index="4" bw="8" slack="0"/>
</pin_list>
<bind>
<opcode="phi(47) " fcode="phi"/>
<opset="axi_data_V_1_i/5 "/>
</bind>
</comp>

<comp id="178" class="1005" name="eol_0_i_reg_178">
<pin_list>
<pin id="179" dir="0" index="0" bw="1" slack="1"/>
<pin id="180" dir="1" index="1" bw="1" slack="1"/>
</pin_list>
<bind>
<opset="eol_0_i (phireg) "/>
</bind>
</comp>

<comp id="182" class="1004" name="eol_0_i_phi_fu_182">
<pin_list>
<pin id="183" dir="0" index="0" bw="1" slack="1"/>
<pin id="184" dir="0" index="1" bw="0" slack="2147483647"/>
<pin id="185" dir="0" index="2" bw="1" slack="0"/>
<pin id="186" dir="0" index="3" bw="0" slack="2147483647"/>
<pin id="187" dir="1" index="4" bw="1" slack="0"/>
</pin_list>
<bind>
<opcode="phi(47) " fcode="phi"/>
<opset="eol_0_i/5 "/>
</bind>
</comp>

<comp id="190" class="1005" name="j_0_i_reg_190">
<pin_list>
<pin id="191" dir="0" index="0" bw="9" slack="1"/>
<pin id="192" dir="1" index="1" bw="9" slack="1"/>
</pin_list>
<bind>
<opset="j_0_i (phireg) "/>
</bind>
</comp>

<comp id="194" class="1004" name="j_0_i_phi_fu_194">
<pin_list>
<pin id="195" dir="0" index="0" bw="1" slack="1"/>
<pin id="196" dir="0" index="1" bw="0" slack="2147483647"/>
<pin id="197" dir="0" index="2" bw="9" slack="0"/>
<pin id="198" dir="0" index="3" bw="0" slack="2147483647"/>
<pin id="199" dir="1" index="4" bw="9" slack="0"/>
</pin_list>
<bind>
<opcode="phi(47) " fcode="phi"/>
<opset="j_0_i/5 "/>
</bind>
</comp>

<comp id="201" class="1005" name="axi_last_V_2_i_reg_201">
<pin_list>
<pin id="202" dir="0" index="0" bw="1" slack="0"/>
<pin id="203" dir="1" index="1" bw="1" slack="0"/>
</pin_list>
<bind>
<opset="axi_last_V_2_i (phireg) "/>
</bind>
</comp>

<comp id="206" class="1004" name="axi_last_V_2_i_phi_fu_206">
<pin_list>
<pin id="207" dir="0" index="0" bw="1" slack="0"/>
<pin id="208" dir="0" index="1" bw="0" slack="2147483647"/>
<pin id="209" dir="0" index="2" bw="1" slack="0"/>
<pin id="210" dir="0" index="3" bw="0" slack="2147483647"/>
<pin id="211" dir="1" index="4" bw="1" slack="0"/>
</pin_list>
<bind>
<opcode="phi(47) " fcode="phi"/>
<opset="axi_last_V_2_i/5 "/>
</bind>
</comp>

<comp id="214" class="1005" name="p_Val2_s_reg_214">
<pin_list>
<pin id="215" dir="0" index="0" bw="8" slack="0"/>
<pin id="216" dir="1" index="1" bw="8" slack="0"/>
</pin_list>
<bind>
<opset="p_Val2_s (phireg) "/>
</bind>
</comp>

<comp id="219" class="1004" name="p_Val2_s_phi_fu_219">
<pin_list>
<pin id="220" dir="0" index="0" bw="8" slack="0"/>
<pin id="221" dir="0" index="1" bw="0" slack="2147483647"/>
<pin id="222" dir="0" index="2" bw="8" slack="0"/>
<pin id="223" dir="0" index="3" bw="0" slack="2147483647"/>
<pin id="224" dir="1" index="4" bw="8" slack="0"/>
</pin_list>
<bind>
<opcode="phi(47) " fcode="phi"/>
<opset="p_Val2_s/5 "/>
</bind>
</comp>

<comp id="227" class="1005" name="axi_last_V_3_i_reg_227">
<pin_list>
<pin id="228" dir="0" index="0" bw="1" slack="1"/>
<pin id="229" dir="1" index="1" bw="1" slack="1"/>
</pin_list>
<bind>
<opset="axi_last_V_3_i (phireg) "/>
</bind>
</comp>

<comp id="231" class="1004" name="axi_last_V_3_i_phi_fu_231">
<pin_list>
<pin id="232" dir="0" index="0" bw="1" slack="0"/>
<pin id="233" dir="0" index="1" bw="0" slack="2147483647"/>
<pin id="234" dir="0" index="2" bw="1" slack="2"/>
<pin id="235" dir="0" index="3" bw="0" slack="2147483647"/>
<pin id="236" dir="1" index="4" bw="1" slack="1"/>
</pin_list>
<bind>
<opcode="phi(47) " fcode="phi"/>
<opset="axi_last_V_3_i/8 "/>
</bind>
</comp>

<comp id="239" class="1005" name="axi_data_V_3_i_reg_239">
<pin_list>
<pin id="240" dir="0" index="0" bw="8" slack="1"/>
<pin id="241" dir="1" index="1" bw="8" slack="1"/>
</pin_list>
<bind>
<opset="axi_data_V_3_i (phireg) "/>
</bind>
</comp>

<comp id="243" class="1004" name="axi_data_V_3_i_phi_fu_243">
<pin_list>
<pin id="244" dir="0" index="0" bw="8" slack="0"/>
<pin id="245" dir="0" index="1" bw="0" slack="2147483647"/>
<pin id="246" dir="0" index="2" bw="8" slack="2"/>
<pin id="247" dir="0" index="3" bw="0" slack="2147483647"/>
<pin id="248" dir="1" index="4" bw="8" slack="1"/>
</pin_list>
<bind>
<opcode="phi(47) " fcode="phi"/>
<opset="axi_data_V_3_i/8 "/>
</bind>
</comp>

<comp id="251" class="1005" name="eol_2_i_reg_251">
<pin_list>
<pin id="252" dir="0" index="0" bw="1" slack="2147483647"/>
<pin id="253" dir="1" index="1" bw="1" slack="2147483647"/>
</pin_list>
<bind>
<opset="eol_2_i (phireg) "/>
</bind>
</comp>

<comp id="254" class="1004" name="eol_2_i_phi_fu_254">
<pin_list>
<pin id="255" dir="0" index="0" bw="1" slack="0"/>
<pin id="256" dir="0" index="1" bw="0" slack="2147483647"/>
<pin id="257" dir="0" index="2" bw="1" slack="2"/>
<pin id="258" dir="0" index="3" bw="0" slack="2147483647"/>
<pin id="259" dir="1" index="4" bw="1" slack="2147483647"/>
</pin_list>
<bind>
<opcode="phi(47) " fcode="phi"/>
<opset="eol_2_i/8 "/>
</bind>
</comp>

<comp id="261" class="1004" name="grp_fu_261">
<pin_list>
<pin id="262" dir="0" index="0" bw="14" slack="0"/>
<pin id="263" dir="1" index="1" bw="8" slack="0"/>
</pin_list>
<bind>
<opcode="extractvalue(56) " fcode="extractvalue"/>
<opset="tmp_data_V/2 tmp_data_V_3/5 tmp_data_V_4/8 "/>
</bind>
</comp>

<comp id="266" class="1004" name="grp_fu_266">
<pin_list>
<pin id="267" dir="0" index="0" bw="14" slack="0"/>
<pin id="268" dir="1" index="1" bw="1" slack="0"/>
</pin_list>
<bind>
<opcode="extractvalue(56) " fcode="extractvalue"/>
<opset="tmp_last_V/2 tmp_last_V_3/5 tmp_last_V_4/8 "/>
</bind>
</comp>

<comp id="271" class="1004" name="tmp_user_V_fu_271">
<pin_list>
<pin id="272" dir="0" index="0" bw="14" slack="0"/>
<pin id="273" dir="1" index="1" bw="1" slack="2147483647"/>
</pin_list>
<bind>
<opcode="extractvalue(56) " fcode="extractvalue"/>
<opset="tmp_user_V/2 "/>
</bind>
</comp>

<comp id="275" class="1004" name="store_ln127_store_fu_275">
<pin_list>
<pin id="276" dir="0" index="0" bw="1" slack="0"/>
<pin id="277" dir="0" index="1" bw="1" slack="0"/>
<pin id="278" dir="1" index="2" bw="0" slack="2147483647"/>
</pin_list>
<bind>
<opcode="store(28) " fcode="store"/>
<opset="store_ln127/3 "/>
</bind>
</comp>

<comp id="280" class="1004" name="zext_ln127_fu_280">
<pin_list>
<pin id="281" dir="0" index="0" bw="8" slack="0"/>
<pin id="282" dir="1" index="1" bw="9" slack="0"/>
</pin_list>
<bind>
<opcode="zext(34) " fcode="zext"/>
<opset="zext_ln127/4 "/>
</bind>
</comp>

<comp id="284" class="1004" name="icmp_ln127_fu_284">
<pin_list>
<pin id="285" dir="0" index="0" bw="8" slack="0"/>
<pin id="286" dir="0" index="1" bw="9" slack="3"/>
<pin id="287" dir="1" index="2" bw="1" slack="1"/>
</pin_list>
<bind>
<opcode="icmp(45) " fcode="icmp"/>
<opset="icmp_ln127/4 "/>
</bind>
</comp>

<comp id="289" class="1004" name="i_fu_289">
<pin_list>
<pin id="290" dir="0" index="0" bw="8" slack="0"/>
<pin id="291" dir="0" index="1" bw="1" slack="0"/>
<pin id="292" dir="1" index="2" bw="8" slack="0"/>
</pin_list>
<bind>
<opcode="add(8) " fcode="add"/>
<opset="i/4 "/>
</bind>
</comp>

<comp id="295" class="1004" name="zext_ln134_fu_295">
<pin_list>
<pin id="296" dir="0" index="0" bw="9" slack="0"/>
<pin id="297" dir="1" index="1" bw="10" slack="0"/>
</pin_list>
<bind>
<opcode="zext(34) " fcode="zext"/>
<opset="zext_ln134/5 "/>
</bind>
</comp>

<comp id="299" class="1004" name="icmp_ln129_fu_299">
<pin_list>
<pin id="300" dir="0" index="0" bw="9" slack="0"/>
<pin id="301" dir="0" index="1" bw="10" slack="4"/>
<pin id="302" dir="1" index="2" bw="1" slack="1"/>
</pin_list>
<bind>
<opcode="icmp(45) " fcode="icmp"/>
<opset="icmp_ln129/5 "/>
</bind>
</comp>

<comp id="304" class="1004" name="j_fu_304">
<pin_list>
<pin id="305" dir="0" index="0" bw="9" slack="0"/>
<pin id="306" dir="0" index="1" bw="1" slack="0"/>
<pin id="307" dir="1" index="2" bw="9" slack="0"/>
</pin_list>
<bind>
<opcode="add(8) " fcode="add"/>
<opset="j/5 "/>
</bind>
</comp>

<comp id="310" class="1004" name="sof_1_i_load_load_fu_310">
<pin_list>
<pin id="311" dir="0" index="0" bw="1" slack="2"/>
<pin id="312" dir="1" index="1" bw="1" slack="0"/>
</pin_list>
<bind>
<opcode="load(27) " fcode="load"/>
<opset="sof_1_i_load/5 "/>
</bind>
</comp>

<comp id="313" class="1004" name="or_ln132_fu_313">
<pin_list>
<pin id="314" dir="0" index="0" bw="1" slack="0"/>
<pin id="315" dir="0" index="1" bw="1" slack="0"/>
<pin id="316" dir="1" index="2" bw="1" slack="1"/>
</pin_list>
<bind>
<opcode="or(24) " fcode="or"/>
<opset="or_ln132/5 "/>
</bind>
</comp>

<comp id="319" class="1004" name="store_ln129_store_fu_319">
<pin_list>
<pin id="320" dir="0" index="0" bw="1" slack="0"/>
<pin id="321" dir="0" index="1" bw="1" slack="2"/>
<pin id="322" dir="1" index="2" bw="0" slack="2147483647"/>
</pin_list>
<bind>
<opcode="store(28) " fcode="store"/>
<opset="store_ln129/5 "/>
</bind>
</comp>

<comp id="324" class="1005" name="img_rows_read_reg_324">
<pin_list>
<pin id="325" dir="0" index="0" bw="9" slack="3"/>
<pin id="326" dir="1" index="1" bw="9" slack="3"/>
</pin_list>
<bind>
<opset="img_rows_read "/>
</bind>
</comp>

<comp id="329" class="1005" name="img_cols_read_reg_329">
<pin_list>
<pin id="330" dir="0" index="0" bw="10" slack="4"/>
<pin id="331" dir="1" index="1" bw="10" slack="4"/>
</pin_list>
<bind>
<opset="img_cols_read "/>
</bind>
</comp>

<comp id="334" class="1005" name="tmp_data_V_reg_334">
<pin_list>
<pin id="335" dir="0" index="0" bw="8" slack="2"/>
<pin id="336" dir="1" index="1" bw="8" slack="2"/>
</pin_list>
<bind>
<opset="tmp_data_V "/>
</bind>
</comp>

<comp id="342" class="1005" name="tmp_last_V_reg_342">
<pin_list>
<pin id="343" dir="0" index="0" bw="1" slack="2"/>
<pin id="344" dir="1" index="1" bw="1" slack="2"/>
</pin_list>
<bind>
<opset="tmp_last_V "/>
</bind>
</comp>

<comp id="347" class="1005" name="sof_1_i_reg_347">
<pin_list>
<pin id="348" dir="0" index="0" bw="1" slack="0"/>
<pin id="349" dir="1" index="1" bw="1" slack="0"/>
</pin_list>
<bind>
<opset="sof_1_i "/>
</bind>
</comp>

<comp id="354" class="1005" name="icmp_ln127_reg_354">
<pin_list>
<pin id="355" dir="0" index="0" bw="1" slack="1"/>
<pin id="356" dir="1" index="1" bw="1" slack="2147483647"/>
</pin_list>
<bind>
<opset="icmp_ln127 "/>
</bind>
</comp>

<comp id="358" class="1005" name="i_reg_358">
<pin_list>
<pin id="359" dir="0" index="0" bw="8" slack="0"/>
<pin id="360" dir="1" index="1" bw="8" slack="0"/>
</pin_list>
<bind>
<opset="i "/>
</bind>
</comp>

<comp id="363" class="1005" name="icmp_ln129_reg_363">
<pin_list>
<pin id="364" dir="0" index="0" bw="1" slack="1"/>
<pin id="365" dir="1" index="1" bw="1" slack="2147483647"/>
</pin_list>
<bind>
<opset="icmp_ln129 "/>
</bind>
</comp>

<comp id="367" class="1005" name="j_reg_367">
<pin_list>
<pin id="368" dir="0" index="0" bw="9" slack="0"/>
<pin id="369" dir="1" index="1" bw="9" slack="0"/>
</pin_list>
<bind>
<opset="j "/>
</bind>
</comp>

<comp id="372" class="1005" name="or_ln132_reg_372">
<pin_list>
<pin id="373" dir="0" index="0" bw="1" slack="1"/>
<pin id="374" dir="1" index="1" bw="1" slack="2147483647"/>
</pin_list>
<bind>
<opset="or_ln132 "/>
</bind>
</comp>

<comp id="376" class="1005" name="tmp_data_V_4_reg_376">
<pin_list>
<pin id="377" dir="0" index="0" bw="8" slack="0"/>
<pin id="378" dir="1" index="1" bw="8" slack="0"/>
</pin_list>
<bind>
<opset="tmp_data_V_4 "/>
</bind>
</comp>

<comp id="381" class="1005" name="tmp_last_V_4_reg_381">
<pin_list>
<pin id="382" dir="0" index="0" bw="1" slack="0"/>
<pin id="383" dir="1" index="1" bw="1" slack="0"/>
</pin_list>
<bind>
<opset="tmp_last_V_4 "/>
</bind>
</comp>

</comp_list>

<net_list>
<net id="87"><net_src comp="34" pin="0"/><net_sink comp="84" pin=0"/></net>

<net id="92"><net_src comp="40" pin="0"/><net_sink comp="88" pin=0"/></net>

<net id="93"><net_src comp="14" pin="0"/><net_sink comp="88" pin=1"/></net>

<net id="98"><net_src comp="42" pin="0"/><net_sink comp="94" pin=0"/></net>

<net id="99"><net_src comp="16" pin="0"/><net_sink comp="94" pin=1"/></net>

<net id="110"><net_src comp="54" pin="0"/><net_sink comp="100" pin=0"/></net>

<net id="111"><net_src comp="0" pin="0"/><net_sink comp="100" pin=1"/></net>

<net id="112"><net_src comp="2" pin="0"/><net_sink comp="100" pin=2"/></net>

<net id="113"><net_src comp="4" pin="0"/><net_sink comp="100" pin=3"/></net>

<net id="114"><net_src comp="6" pin="0"/><net_sink comp="100" pin=4"/></net>

<net id="115"><net_src comp="8" pin="0"/><net_sink comp="100" pin=5"/></net>

<net id="116"><net_src comp="10" pin="0"/><net_sink comp="100" pin=6"/></net>

<net id="117"><net_src comp="12" pin="0"/><net_sink comp="100" pin=7"/></net>

<net id="123"><net_src comp="80" pin="0"/><net_sink comp="118" pin=0"/></net>

<net id="124"><net_src comp="18" pin="0"/><net_sink comp="118" pin=1"/></net>

<net id="134"><net_src comp="128" pin="4"/><net_sink comp="125" pin=0"/></net>

<net id="144"><net_src comp="138" pin="4"/><net_sink comp="135" pin=0"/></net>

<net id="148"><net_src comp="60" pin="0"/><net_sink comp="145" pin=0"/></net>

<net id="155"><net_src comp="145" pin="1"/><net_sink comp="149" pin=2"/></net>

<net id="165"><net_src comp="125" pin="1"/><net_sink comp="159" pin=0"/></net>

<net id="166"><net_src comp="159" pin="4"/><net_sink comp="156" pin=0"/></net>

<net id="176"><net_src comp="135" pin="1"/><net_sink comp="170" pin=0"/></net>

<net id="177"><net_src comp="170" pin="4"/><net_sink comp="167" pin=0"/></net>

<net id="181"><net_src comp="70" pin="0"/><net_sink comp="178" pin=0"/></net>

<net id="188"><net_src comp="178" pin="1"/><net_sink comp="182" pin=0"/></net>

<net id="189"><net_src comp="182" pin="4"/><net_sink comp="178" pin=0"/></net>

<net id="193"><net_src comp="72" pin="0"/><net_sink comp="190" pin=0"/></net>

<net id="200"><net_src comp="190" pin="1"/><net_sink comp="194" pin=0"/></net>

<net id="204"><net_src comp="201" pin="1"/><net_sink comp="159" pin=2"/></net>

<net id="205"><net_src comp="201" pin="1"/><net_sink comp="182" pin=2"/></net>

<net id="212"><net_src comp="159" pin="4"/><net_sink comp="206" pin=2"/></net>

<net id="213"><net_src comp="206" pin="4"/><net_sink comp="201" pin=0"/></net>

<net id="217"><net_src comp="214" pin="1"/><net_sink comp="170" pin=2"/></net>

<net id="218"><net_src comp="214" pin="1"/><net_sink comp="118" pin=2"/></net>

<net id="225"><net_src comp="170" pin="4"/><net_sink comp="219" pin=2"/></net>

<net id="226"><net_src comp="219" pin="4"/><net_sink comp="214" pin=0"/></net>

<net id="230"><net_src comp="227" pin="1"/><net_sink comp="128" pin=0"/></net>

<net id="237"><net_src comp="156" pin="1"/><net_sink comp="231" pin=2"/></net>

<net id="238"><net_src comp="231" pin="4"/><net_sink comp="227" pin=0"/></net>

<net id="242"><net_src comp="239" pin="1"/><net_sink comp="138" pin=0"/></net>

<net id="249"><net_src comp="167" pin="1"/><net_sink comp="243" pin=2"/></net>

<net id="250"><net_src comp="243" pin="4"/><net_sink comp="239" pin=0"/></net>

<net id="260"><net_src comp="178" pin="1"/><net_sink comp="254" pin=2"/></net>

<net id="264"><net_src comp="100" pin="8"/><net_sink comp="261" pin=0"/></net>

<net id="265"><net_src comp="261" pin="1"/><net_sink comp="219" pin=0"/></net>

<net id="269"><net_src comp="100" pin="8"/><net_sink comp="266" pin=0"/></net>

<net id="270"><net_src comp="266" pin="1"/><net_sink comp="206" pin=0"/></net>

<net id="274"><net_src comp="100" pin="8"/><net_sink comp="271" pin=0"/></net>

<net id="279"><net_src comp="58" pin="0"/><net_sink comp="275" pin=0"/></net>

<net id="283"><net_src comp="149" pin="4"/><net_sink comp="280" pin=0"/></net>

<net id="288"><net_src comp="280" pin="1"/><net_sink comp="284" pin=0"/></net>

<net id="293"><net_src comp="149" pin="4"/><net_sink comp="289" pin=0"/></net>

<net id="294"><net_src comp="66" pin="0"/><net_sink comp="289" pin=1"/></net>

<net id="298"><net_src comp="194" pin="4"/><net_sink comp="295" pin=0"/></net>

<net id="303"><net_src comp="295" pin="1"/><net_sink comp="299" pin=0"/></net>

<net id="308"><net_src comp="194" pin="4"/><net_sink comp="304" pin=0"/></net>

<net id="309"><net_src comp="76" pin="0"/><net_sink comp="304" pin=1"/></net>

<net id="317"><net_src comp="310" pin="1"/><net_sink comp="313" pin=0"/></net>

<net id="318"><net_src comp="182" pin="4"/><net_sink comp="313" pin=1"/></net>

<net id="323"><net_src comp="70" pin="0"/><net_sink comp="319" pin=0"/></net>

<net id="327"><net_src comp="88" pin="2"/><net_sink comp="324" pin=0"/></net>

<net id="328"><net_src comp="324" pin="1"/><net_sink comp="284" pin=1"/></net>

<net id="332"><net_src comp="94" pin="2"/><net_sink comp="329" pin=0"/></net>

<net id="333"><net_src comp="329" pin="1"/><net_sink comp="299" pin=1"/></net>

<net id="337"><net_src comp="261" pin="1"/><net_sink comp="334" pin=0"/></net>

<net id="338"><net_src comp="334" pin="1"/><net_sink comp="138" pin=2"/></net>

<net id="345"><net_src comp="266" pin="1"/><net_sink comp="342" pin=0"/></net>

<net id="346"><net_src comp="342" pin="1"/><net_sink comp="128" pin=2"/></net>

<net id="350"><net_src comp="84" pin="1"/><net_sink comp="347" pin=0"/></net>

<net id="351"><net_src comp="347" pin="1"/><net_sink comp="275" pin=1"/></net>

<net id="352"><net_src comp="347" pin="1"/><net_sink comp="310" pin=0"/></net>

<net id="353"><net_src comp="347" pin="1"/><net_sink comp="319" pin=1"/></net>

<net id="357"><net_src comp="284" pin="2"/><net_sink comp="354" pin=0"/></net>

<net id="361"><net_src comp="289" pin="2"/><net_sink comp="358" pin=0"/></net>

<net id="362"><net_src comp="358" pin="1"/><net_sink comp="149" pin=0"/></net>

<net id="366"><net_src comp="299" pin="2"/><net_sink comp="363" pin=0"/></net>

<net id="370"><net_src comp="304" pin="2"/><net_sink comp="367" pin=0"/></net>

<net id="371"><net_src comp="367" pin="1"/><net_sink comp="194" pin=2"/></net>

<net id="375"><net_src comp="313" pin="2"/><net_sink comp="372" pin=0"/></net>

<net id="379"><net_src comp="261" pin="1"/><net_sink comp="376" pin=0"/></net>

<net id="380"><net_src comp="376" pin="1"/><net_sink comp="243" pin=0"/></net>

<net id="384"><net_src comp="266" pin="1"/><net_sink comp="381" pin=0"/></net>

<net id="385"><net_src comp="381" pin="1"/><net_sink comp="231" pin=0"/></net>

<net id="386"><net_src comp="381" pin="1"/><net_sink comp="254" pin=0"/></net>

</net_list>

</model> 
---------------- Datapath Model END ------------------

* FSMD analyzer results:
  - Output states:
	Port: img_data_V | {6 }
 - Input state : 
	Port: AXIvideo2xfMat85 : AXI_video_strm_V_data_V | {2 5 8 }
	Port: AXIvideo2xfMat85 : AXI_video_strm_V_keep_V | {2 5 8 }
	Port: AXIvideo2xfMat85 : AXI_video_strm_V_strb_V | {2 5 8 }
	Port: AXIvideo2xfMat85 : AXI_video_strm_V_user_V | {2 5 8 }
	Port: AXIvideo2xfMat85 : AXI_video_strm_V_last_V | {2 5 8 }
	Port: AXIvideo2xfMat85 : AXI_video_strm_V_id_V | {2 5 8 }
	Port: AXIvideo2xfMat85 : AXI_video_strm_V_dest_V | {2 5 8 }
	Port: AXIvideo2xfMat85 : img_rows | {1 }
	Port: AXIvideo2xfMat85 : img_cols | {1 }
  - Chain level:
	State 1
	State 2
		empty_91 : 1
		br_ln121 : 1
	State 3
		store_ln127 : 1
	State 4
		zext_ln127 : 1
		icmp_ln127 : 2
		i : 1
		br_ln127 : 3
	State 5
		zext_ln134 : 1
		icmp_ln129 : 2
		j : 1
		br_ln129 : 3
		or_ln132 : 1
		br_ln132 : 1
		axi_last_V_2_i : 2
		p_Val2_s : 2
	State 6
		empty_93 : 1
	State 7
	State 8
		br_ln153 : 1
		empty_95 : 1
	State 9


============================================================
+ Verbose Summary: Datapath Resource usage 
============================================================

* Functional unit list:
|----------|--------------------------|---------|---------|
| Operation|      Functional Unit     |    FF   |   LUT   |
|----------|--------------------------|---------|---------|
|    add   |         i_fu_289         |    0    |    15   |
|          |         j_fu_304         |    0    |    15   |
|----------|--------------------------|---------|---------|
|   icmp   |     icmp_ln127_fu_284    |    0    |    13   |
|          |     icmp_ln129_fu_299    |    0    |    13   |
|----------|--------------------------|---------|---------|
|    or    |      or_ln132_fu_313     |    0    |    2    |
|----------|--------------------------|---------|---------|
|          | img_rows_read_read_fu_88 |    0    |    0    |
|   read   | img_cols_read_read_fu_94 |    0    |    0    |
|          |      grp_read_fu_100     |    0    |    0    |
|----------|--------------------------|---------|---------|
|   write  | write_ln650_write_fu_118 |    0    |    0    |
|----------|--------------------------|---------|---------|
|          |        grp_fu_261        |    0    |    0    |
|extractvalue|        grp_fu_266        |    0    |    0    |
|          |     tmp_user_V_fu_271    |    0    |    0    |
|----------|--------------------------|---------|---------|
|   zext   |     zext_ln127_fu_280    |    0    |    0    |
|          |     zext_ln134_fu_295    |    0    |    0    |
|----------|--------------------------|---------|---------|
|   Total  |                          |    0    |    58   |
|----------|--------------------------|---------|---------|

Memories:
N/A

* Register list:
+----------------------+--------+
|                      |   FF   |
+----------------------+--------+
|axi_data_V_0_i_reg_135|    8   |
|axi_data_V_1_i_reg_167|    8   |
|axi_data_V_3_i_reg_239|    8   |
|axi_last_V_0_i_reg_125|    1   |
|axi_last_V_2_i_reg_201|    1   |
|axi_last_V_3_i_reg_227|    1   |
|    eol_0_i_reg_178   |    1   |
|    eol_2_i_reg_251   |    1   |
|      eol_reg_156     |    1   |
|     i_0_i_reg_145    |    8   |
|       i_reg_358      |    8   |
|  icmp_ln127_reg_354  |    1   |
|  icmp_ln129_reg_363  |    1   |
| img_cols_read_reg_329|   10   |
| img_rows_read_reg_324|    9   |
|     j_0_i_reg_190    |    9   |
|       j_reg_367      |    9   |
|   or_ln132_reg_372   |    1   |
|   p_Val2_s_reg_214   |    8   |
|    sof_1_i_reg_347   |    1   |
| tmp_data_V_4_reg_376 |    8   |
|  tmp_data_V_reg_334  |    8   |
| tmp_last_V_4_reg_381 |    1   |
|  tmp_last_V_reg_342  |    1   |
+----------------------+--------+
|         Total        |   113  |
+----------------------+--------+

* Multiplexer (MUX) list: 
|-----------------|------|------|------|--------||---------||---------|
|       Comp      |  Pin | Size |  BW  | S x BW ||  Delay  ||   LUT   |
|-----------------|------|------|------|--------||---------||---------|
| eol_0_i_reg_178 |  p0  |   2  |   1  |    2   ||    9    |
|-----------------|------|------|------|--------||---------||---------|
|      Total      |      |      |      |    2   ||  1.769  ||    9    |
|-----------------|------|------|------|--------||---------||---------|



* Summary:
+-----------+--------+--------+--------+
|           |  Delay |   FF   |   LUT  |
+-----------+--------+--------+--------+
|  Function |    -   |    0   |   58   |
|   Memory  |    -   |    -   |    -   |
|Multiplexer|    1   |    -   |    9   |
|  Register |    -   |   113  |    -   |
+-----------+--------+--------+--------+
|   Total   |    1   |   113  |   67   |
+-----------+--------+--------+--------+
