

================================================================
== Vivado HLS Report for 'blendTop'
================================================================
* Date:           Wed Mar  4 23:28:28 2020

* Version:        2019.1 (Build 2552052 on Fri May 24 15:28:33 MDT 2019)
* Project:        test_blend
* Solution:       solution1
* Product family: zynq
* Target device:  xc7z020-clg484-1


================================================================
== Performance Estimates
================================================================
+ Timing (ns): 
    * Summary: 
    +--------+-------+----------+------------+
    |  Clock | Target| Estimated| Uncertainty|
    +--------+-------+----------+------------+
    |ap_clk  |  10.00|    10.400|        1.25|
    +--------+-------+----------+------------+

+ Latency (clock cycles): 
    * Summary: 
    +--------+---------+--------+---------+----------+
    |      Latency     |     Interval     | Pipeline |
    |   min  |   max   |   min  |   max   |   Type   |
    +--------+---------+--------+---------+----------+
    |  309603|  1290126|  309604|  1290122| dataflow |
    +--------+---------+--------+---------+----------+

    + Detail: 
        * Instance: 
        +-----------------------------+------------------+--------+---------+--------+---------+----------+
        |                             |                  |      Latency     |     Interval     | Pipeline |
        |           Instance          |      Module      |   min  |   max   |   min  |   max   |   Type   |
        +-----------------------------+------------------+--------+---------+--------+---------+----------+
        |grp_blendL_fu_220            |blendL            |     137|  1290124|     135|  1290122| dataflow |
        |grp_xfMat2AXIvideo87_fu_234  |xfMat2AXIvideo87  |  309121|   309121|  309121|   309121|   none   |
        |grp_AXIvideo2xfMat86_fu_253  |AXIvideo2xfMat86  |  309603|   309603|  309603|   309603|   none   |
        |grp_xfMat2AXIvideo_fu_272    |xfMat2AXIvideo    |   77761|    77761|   77761|    77761|   none   |
        |grp_AXIvideo2xfMat_fu_291    |AXIvideo2xfMat    |   78003|    78003|   78003|    78003|   none   |
        |grp_AXIvideo2xfMat84_fu_310  |AXIvideo2xfMat84  |       3|   309603|       3|   309603|   none   |
        |grp_AXIvideo2xfMat85_fu_333  |AXIvideo2xfMat85  |       3|   131583|       3|   131583|   none   |
        |call_ln0_Block_proc_fu_354   |Block_proc        |       0|        0|       0|        0|   none   |
        +-----------------------------+------------------+--------+---------+--------+---------+----------+

        * Loop: 
        N/A

============================================================
+ Verbose Summary: Synthesis Manager
============================================================
InlineROM: 1
ExposeGlobal: 0
============================================================
+ Verbose Summary: CDFG Model
============================================================
IsTopModel: 1
ResetActiveHigh: 1
IsCombinational: 2
IsDatapathOnly: 0
HasWiredReturn: 1
HasMFsm: 0
HasVarLatency: 1
IsPipeline: 0
IsRtlPipelined: 0
IsInstanceOverlapped: 0
IsDontTouch: 0
HasImplIP: 0
IsGatedGlobalClock: 0


============================================================
+ Verbose Summary: Schedule
============================================================
* Number of FSM states : 8
* Pipeline : 0
* Dataflow Pipeline: 1
  DF-Pipeline-0: Size = 8, States = { 1 2 3 4 5 6 7 8 }

* FSM state transitions: 
1 --> 2 
2 --> 3 
3 --> 4 
4 --> 5 
5 --> 6 
6 --> 7 
7 --> 8 
8 --> 

* FSM state operations: 

State 1 <SV = 0> <Delay = 0.00>
ST_1 : Operation 9 [1/1] (0.00ns)   --->   "%pyrLA0_cols_c7 = alloca i11, align 2"   --->   Operation 9 'alloca' 'pyrLA0_cols_c7' <Predicate = true> <Delay = 0.00> <Core = "FIFO">   --->   Core 32 'FIFO' <Latency = 0> <II = 1> <Delay = 3.63> <Storage> <Opcode : 'read' 'write' 'nbread' 'nbwrite'> <Ports = 0> <Width = 8> <Depth = 2> <FIFO>
ST_1 : Operation 10 [1/1] (0.00ns)   --->   "%pyrLA0_rows_c6 = alloca i10, align 2"   --->   Operation 10 'alloca' 'pyrLA0_rows_c6' <Predicate = true> <Delay = 0.00> <Core = "FIFO">   --->   Core 32 'FIFO' <Latency = 0> <II = 1> <Delay = 3.63> <Storage> <Opcode : 'read' 'write' 'nbread' 'nbwrite'> <Ports = 0> <Width = 8> <Depth = 2> <FIFO>
ST_1 : Operation 11 [1/1] (0.00ns)   --->   "%pyrLA1_cols_c5 = alloca i10, align 2"   --->   Operation 11 'alloca' 'pyrLA1_cols_c5' <Predicate = true> <Delay = 0.00> <Core = "FIFO">   --->   Core 32 'FIFO' <Latency = 0> <II = 1> <Delay = 3.63> <Storage> <Opcode : 'read' 'write' 'nbread' 'nbwrite'> <Ports = 0> <Width = 8> <Depth = 2> <FIFO>
ST_1 : Operation 12 [1/1] (0.00ns)   --->   "%pyrLA1_cols_c = alloca i10, align 2"   --->   Operation 12 'alloca' 'pyrLA1_cols_c' <Predicate = true> <Delay = 0.00> <Core = "FIFO">   --->   Core 32 'FIFO' <Latency = 0> <II = 1> <Delay = 3.63> <Storage> <Opcode : 'read' 'write' 'nbread' 'nbwrite'> <Ports = 0> <Width = 8> <Depth = 2> <FIFO>
ST_1 : Operation 13 [1/1] (0.00ns)   --->   "%pyrLA1_rows_c4 = alloca i9, align 2"   --->   Operation 13 'alloca' 'pyrLA1_rows_c4' <Predicate = true> <Delay = 0.00> <Core = "FIFO">   --->   Core 32 'FIFO' <Latency = 0> <II = 1> <Delay = 3.63> <Storage> <Opcode : 'read' 'write' 'nbread' 'nbwrite'> <Ports = 0> <Width = 8> <Depth = 2> <FIFO>
ST_1 : Operation 14 [1/1] (0.00ns)   --->   "%pyrLA1_rows_c = alloca i9, align 2"   --->   Operation 14 'alloca' 'pyrLA1_rows_c' <Predicate = true> <Delay = 0.00> <Core = "FIFO">   --->   Core 32 'FIFO' <Latency = 0> <II = 1> <Delay = 3.63> <Storage> <Opcode : 'read' 'write' 'nbread' 'nbwrite'> <Ports = 0> <Width = 8> <Depth = 2> <FIFO>
ST_1 : Operation 15 [1/1] (0.00ns)   --->   "%pyrLA0_cols_c = alloca i11, align 2"   --->   Operation 15 'alloca' 'pyrLA0_cols_c' <Predicate = true> <Delay = 0.00> <Core = "FIFO">   --->   Core 32 'FIFO' <Latency = 0> <II = 1> <Delay = 3.63> <Storage> <Opcode : 'read' 'write' 'nbread' 'nbwrite'> <Ports = 0> <Width = 8> <Depth = 2> <FIFO>
ST_1 : Operation 16 [1/1] (0.00ns)   --->   "%pyrLA0_rows_c = alloca i10, align 2"   --->   Operation 16 'alloca' 'pyrLA0_rows_c' <Predicate = true> <Delay = 0.00> <Core = "FIFO">   --->   Core 32 'FIFO' <Latency = 0> <II = 1> <Delay = 3.63> <Storage> <Opcode : 'read' 'write' 'nbread' 'nbwrite'> <Ports = 0> <Width = 8> <Depth = 2> <FIFO>
ST_1 : Operation 17 [1/1] (0.00ns)   --->   "%pyrLA0_data_V = alloca i8, align 1" [test_blend/src/fusion.cpp:40]   --->   Operation 17 'alloca' 'pyrLA0_data_V' <Predicate = true> <Delay = 0.00> <Core = "FIFO">   --->   Core 32 'FIFO' <Latency = 0> <II = 1> <Delay = 3.63> <Storage> <Opcode : 'read' 'write' 'nbread' 'nbwrite'> <Ports = 0> <Width = 8> <Depth = 2> <FIFO>
ST_1 : Operation 18 [1/1] (0.00ns)   --->   "%pyrLA1_data_V = alloca i8, align 1" [test_blend/src/fusion.cpp:42]   --->   Operation 18 'alloca' 'pyrLA1_data_V' <Predicate = true> <Delay = 0.00> <Core = "FIFO">   --->   Core 32 'FIFO' <Latency = 0> <II = 1> <Delay = 3.63> <Storage> <Opcode : 'read' 'write' 'nbread' 'nbwrite'> <Ports = 0> <Width = 8> <Depth = 2> <FIFO>
ST_1 : Operation 19 [1/1] (0.00ns)   --->   "%pyrLB0_data_V = alloca i8, align 1" [test_blend/src/fusion.cpp:44]   --->   Operation 19 'alloca' 'pyrLB0_data_V' <Predicate = true> <Delay = 0.00> <Core = "FIFO">   --->   Core 32 'FIFO' <Latency = 0> <II = 1> <Delay = 3.63> <Storage> <Opcode : 'read' 'write' 'nbread' 'nbwrite'> <Ports = 0> <Width = 8> <Depth = 2> <FIFO>
ST_1 : Operation 20 [1/1] (0.00ns)   --->   "%pyrLB1_data_V = alloca i8, align 1" [test_blend/src/fusion.cpp:46]   --->   Operation 20 'alloca' 'pyrLB1_data_V' <Predicate = true> <Delay = 0.00> <Core = "FIFO">   --->   Core 32 'FIFO' <Latency = 0> <II = 1> <Delay = 3.63> <Storage> <Opcode : 'read' 'write' 'nbread' 'nbwrite'> <Ports = 0> <Width = 8> <Depth = 2> <FIFO>
ST_1 : Operation 21 [1/1] (0.00ns)   --->   "%pyrS0_data_V = alloca i8, align 1" [test_blend/src/fusion.cpp:48]   --->   Operation 21 'alloca' 'pyrS0_data_V' <Predicate = true> <Delay = 0.00> <Core = "FIFO">   --->   Core 32 'FIFO' <Latency = 0> <II = 1> <Delay = 3.63> <Storage> <Opcode : 'read' 'write' 'nbread' 'nbwrite'> <Ports = 0> <Width = 8> <Depth = 2> <FIFO>
ST_1 : Operation 22 [1/1] (0.00ns)   --->   "%pyrS1_data_V = alloca i8, align 1" [test_blend/src/fusion.cpp:50]   --->   Operation 22 'alloca' 'pyrS1_data_V' <Predicate = true> <Delay = 0.00> <Core = "FIFO">   --->   Core 32 'FIFO' <Latency = 0> <II = 1> <Delay = 3.63> <Storage> <Opcode : 'read' 'write' 'nbread' 'nbwrite'> <Ports = 0> <Width = 8> <Depth = 2> <FIFO>
ST_1 : Operation 23 [1/1] (0.00ns)   --->   "call fastcc void @Block__proc(i10* %pyrLA0_rows_c, i11* %pyrLA0_cols_c, i9* %pyrLA1_rows_c, i9* %pyrLA1_rows_c4, i10* %pyrLA1_cols_c, i10* %pyrLA1_cols_c5)"   --->   Operation 23 'call' <Predicate = true> <Delay = 0.00> <CoreType = "Generic">   --->   Core 0 '' <Latency = 0> <II = 1> <Delay = 1.00> <Generic> <Opcode : >

State 2 <SV = 1> <Delay = 0.00>
ST_2 : Operation 24 [2/2] (0.00ns)   --->   "call fastcc void @AXIvideo2xfMat84(i8* %p_pyrLA0_V_data_V, i1* %p_pyrLA0_V_keep_V, i1* %p_pyrLA0_V_strb_V, i1* %p_pyrLA0_V_user_V, i1* %p_pyrLA0_V_last_V, i1* %p_pyrLA0_V_id_V, i1* %p_pyrLA0_V_dest_V, i10* %pyrLA0_rows_c, i11* %pyrLA0_cols_c, i8* %pyrLA0_data_V, i10* %pyrLA0_rows_c6, i11* %pyrLA0_cols_c7)" [test_blend/src/fusion.cpp:53]   --->   Operation 24 'call' <Predicate = true> <Delay = 0.00> <CoreType = "Generic">   --->   Core 0 '' <Latency = 0> <II = 1> <Delay = 1.00> <Generic> <Opcode : >
ST_2 : Operation 25 [2/2] (0.00ns)   --->   "call fastcc void @AXIvideo2xfMat85(i8* %p_pyrLA1_V_data_V, i1* %p_pyrLA1_V_keep_V, i1* %p_pyrLA1_V_strb_V, i1* %p_pyrLA1_V_user_V, i1* %p_pyrLA1_V_last_V, i1* %p_pyrLA1_V_id_V, i1* %p_pyrLA1_V_dest_V, i9* %pyrLA1_rows_c, i10* %pyrLA1_cols_c, i8* %pyrLA1_data_V)" [test_blend/src/fusion.cpp:54]   --->   Operation 25 'call' <Predicate = true> <Delay = 0.00> <CoreType = "Generic">   --->   Core 0 '' <Latency = 0> <II = 1> <Delay = 1.00> <Generic> <Opcode : >
ST_2 : Operation 26 [2/2] (0.00ns)   --->   "call fastcc void @AXIvideo2xfMat86(i8* %p_pyrLB0_V_data_V, i1* %p_pyrLB0_V_keep_V, i1* %p_pyrLB0_V_strb_V, i1* %p_pyrLB0_V_user_V, i1* %p_pyrLB0_V_last_V, i1* %p_pyrLB0_V_id_V, i1* %p_pyrLB0_V_dest_V, i8* %pyrLB0_data_V)" [test_blend/src/fusion.cpp:55]   --->   Operation 26 'call' <Predicate = true> <Delay = 0.00> <CoreType = "Generic">   --->   Core 0 '' <Latency = 0> <II = 1> <Delay = 1.00> <Generic> <Opcode : >
ST_2 : Operation 27 [2/2] (0.00ns)   --->   "call fastcc void @AXIvideo2xfMat(i8* %p_pyrLB1_V_data_V, i1* %p_pyrLB1_V_keep_V, i1* %p_pyrLB1_V_strb_V, i1* %p_pyrLB1_V_user_V, i1* %p_pyrLB1_V_last_V, i1* %p_pyrLB1_V_id_V, i1* %p_pyrLB1_V_dest_V, i8* %pyrLB1_data_V)" [test_blend/src/fusion.cpp:56]   --->   Operation 27 'call' <Predicate = true> <Delay = 0.00> <CoreType = "Generic">   --->   Core 0 '' <Latency = 0> <II = 1> <Delay = 1.00> <Generic> <Opcode : >

State 3 <SV = 2> <Delay = 0.00>
ST_3 : Operation 28 [1/2] (0.00ns)   --->   "call fastcc void @AXIvideo2xfMat84(i8* %p_pyrLA0_V_data_V, i1* %p_pyrLA0_V_keep_V, i1* %p_pyrLA0_V_strb_V, i1* %p_pyrLA0_V_user_V, i1* %p_pyrLA0_V_last_V, i1* %p_pyrLA0_V_id_V, i1* %p_pyrLA0_V_dest_V, i10* %pyrLA0_rows_c, i11* %pyrLA0_cols_c, i8* %pyrLA0_data_V, i10* %pyrLA0_rows_c6, i11* %pyrLA0_cols_c7)" [test_blend/src/fusion.cpp:53]   --->   Operation 28 'call' <Predicate = true> <Delay = 0.00> <CoreType = "Generic">   --->   Core 0 '' <Latency = 0> <II = 1> <Delay = 1.00> <Generic> <Opcode : >
ST_3 : Operation 29 [1/2] (0.00ns)   --->   "call fastcc void @AXIvideo2xfMat85(i8* %p_pyrLA1_V_data_V, i1* %p_pyrLA1_V_keep_V, i1* %p_pyrLA1_V_strb_V, i1* %p_pyrLA1_V_user_V, i1* %p_pyrLA1_V_last_V, i1* %p_pyrLA1_V_id_V, i1* %p_pyrLA1_V_dest_V, i9* %pyrLA1_rows_c, i10* %pyrLA1_cols_c, i8* %pyrLA1_data_V)" [test_blend/src/fusion.cpp:54]   --->   Operation 29 'call' <Predicate = true> <Delay = 0.00> <CoreType = "Generic">   --->   Core 0 '' <Latency = 0> <II = 1> <Delay = 1.00> <Generic> <Opcode : >
ST_3 : Operation 30 [1/2] (0.00ns)   --->   "call fastcc void @AXIvideo2xfMat86(i8* %p_pyrLB0_V_data_V, i1* %p_pyrLB0_V_keep_V, i1* %p_pyrLB0_V_strb_V, i1* %p_pyrLB0_V_user_V, i1* %p_pyrLB0_V_last_V, i1* %p_pyrLB0_V_id_V, i1* %p_pyrLB0_V_dest_V, i8* %pyrLB0_data_V)" [test_blend/src/fusion.cpp:55]   --->   Operation 30 'call' <Predicate = true> <Delay = 0.00> <CoreType = "Generic">   --->   Core 0 '' <Latency = 0> <II = 1> <Delay = 1.00> <Generic> <Opcode : >
ST_3 : Operation 31 [1/2] (0.00ns)   --->   "call fastcc void @AXIvideo2xfMat(i8* %p_pyrLB1_V_data_V, i1* %p_pyrLB1_V_keep_V, i1* %p_pyrLB1_V_strb_V, i1* %p_pyrLB1_V_user_V, i1* %p_pyrLB1_V_last_V, i1* %p_pyrLB1_V_id_V, i1* %p_pyrLB1_V_dest_V, i8* %pyrLB1_data_V)" [test_blend/src/fusion.cpp:56]   --->   Operation 31 'call' <Predicate = true> <Delay = 0.00> <CoreType = "Generic">   --->   Core 0 '' <Latency = 0> <II = 1> <Delay = 1.00> <Generic> <Opcode : >

State 4 <SV = 3> <Delay = 0.00>
ST_4 : Operation 32 [2/2] (0.00ns)   --->   "call fastcc void @blendL(i10* %pyrLA0_rows_c6, i11* %pyrLA0_cols_c7, i8* %pyrLA0_data_V, i9* %pyrLA1_rows_c4, i10* %pyrLA1_cols_c5, i8* %pyrLA1_data_V, i8* %pyrLB0_data_V, i8* %pyrLB1_data_V, i8* %pyrS0_data_V, i8* %pyrS1_data_V)" [test_blend/src/fusion.cpp:58]   --->   Operation 32 'call' <Predicate = true> <Delay = 0.00> <CoreType = "Generic">   --->   Core 0 '' <Latency = 0> <II = 1> <Delay = 1.00> <Generic> <Opcode : >

State 5 <SV = 4> <Delay = 0.00>
ST_5 : Operation 33 [1/2] (0.00ns)   --->   "call fastcc void @blendL(i10* %pyrLA0_rows_c6, i11* %pyrLA0_cols_c7, i8* %pyrLA0_data_V, i9* %pyrLA1_rows_c4, i10* %pyrLA1_cols_c5, i8* %pyrLA1_data_V, i8* %pyrLB0_data_V, i8* %pyrLB1_data_V, i8* %pyrS0_data_V, i8* %pyrS1_data_V)" [test_blend/src/fusion.cpp:58]   --->   Operation 33 'call' <Predicate = true> <Delay = 0.00> <CoreType = "Generic">   --->   Core 0 '' <Latency = 0> <II = 1> <Delay = 1.00> <Generic> <Opcode : >

State 6 <SV = 5> <Delay = 0.00>
ST_6 : Operation 34 [2/2] (0.00ns)   --->   "call fastcc void @xfMat2AXIvideo87(i8* %pyrS0_data_V, i8* %p_pyrS0_V_data_V, i1* %p_pyrS0_V_keep_V, i1* %p_pyrS0_V_strb_V, i1* %p_pyrS0_V_user_V, i1* %p_pyrS0_V_last_V, i1* %p_pyrS0_V_id_V, i1* %p_pyrS0_V_dest_V)" [test_blend/src/fusion.cpp:60]   --->   Operation 34 'call' <Predicate = true> <Delay = 0.00> <CoreType = "Generic">   --->   Core 0 '' <Latency = 0> <II = 1> <Delay = 1.00> <Generic> <Opcode : >
ST_6 : Operation 35 [2/2] (0.00ns)   --->   "call fastcc void @xfMat2AXIvideo(i8* %pyrS1_data_V, i8* %p_pyrS1_V_data_V, i1* %p_pyrS1_V_keep_V, i1* %p_pyrS1_V_strb_V, i1* %p_pyrS1_V_user_V, i1* %p_pyrS1_V_last_V, i1* %p_pyrS1_V_id_V, i1* %p_pyrS1_V_dest_V)" [test_blend/src/fusion.cpp:61]   --->   Operation 35 'call' <Predicate = true> <Delay = 0.00> <CoreType = "Generic">   --->   Core 0 '' <Latency = 0> <II = 1> <Delay = 1.00> <Generic> <Opcode : >

State 7 <SV = 6> <Delay = 0.00>
ST_7 : Operation 36 [1/2] (0.00ns)   --->   "call fastcc void @xfMat2AXIvideo87(i8* %pyrS0_data_V, i8* %p_pyrS0_V_data_V, i1* %p_pyrS0_V_keep_V, i1* %p_pyrS0_V_strb_V, i1* %p_pyrS0_V_user_V, i1* %p_pyrS0_V_last_V, i1* %p_pyrS0_V_id_V, i1* %p_pyrS0_V_dest_V)" [test_blend/src/fusion.cpp:60]   --->   Operation 36 'call' <Predicate = true> <Delay = 0.00> <CoreType = "Generic">   --->   Core 0 '' <Latency = 0> <II = 1> <Delay = 1.00> <Generic> <Opcode : >
ST_7 : Operation 37 [1/2] (0.00ns)   --->   "call fastcc void @xfMat2AXIvideo(i8* %pyrS1_data_V, i8* %p_pyrS1_V_data_V, i1* %p_pyrS1_V_keep_V, i1* %p_pyrS1_V_strb_V, i1* %p_pyrS1_V_user_V, i1* %p_pyrS1_V_last_V, i1* %p_pyrS1_V_id_V, i1* %p_pyrS1_V_dest_V)" [test_blend/src/fusion.cpp:61]   --->   Operation 37 'call' <Predicate = true> <Delay = 0.00> <CoreType = "Generic">   --->   Core 0 '' <Latency = 0> <II = 1> <Delay = 1.00> <Generic> <Opcode : >

State 8 <SV = 7> <Delay = 0.00>
ST_8 : Operation 38 [1/1] (0.00ns)   --->   "call void (...)* @_ssdm_op_SpecDataflowPipeline(i32 -1, i32 0, [1 x i8]* @p_str) nounwind" [test_blend/src/fusion.cpp:26]   --->   Operation 38 'specdataflowpipeline' <Predicate = true> <Delay = 0.00>
ST_8 : Operation 39 [1/1] (0.00ns)   --->   "call void (...)* @_ssdm_op_SpecBitsMap(i8* %p_pyrLA0_V_data_V), !map !207"   --->   Operation 39 'specbitsmap' <Predicate = true> <Delay = 0.00>
ST_8 : Operation 40 [1/1] (0.00ns)   --->   "call void (...)* @_ssdm_op_SpecBitsMap(i1* %p_pyrLA0_V_keep_V), !map !213"   --->   Operation 40 'specbitsmap' <Predicate = true> <Delay = 0.00>
ST_8 : Operation 41 [1/1] (0.00ns)   --->   "call void (...)* @_ssdm_op_SpecBitsMap(i1* %p_pyrLA0_V_strb_V), !map !217"   --->   Operation 41 'specbitsmap' <Predicate = true> <Delay = 0.00>
ST_8 : Operation 42 [1/1] (0.00ns)   --->   "call void (...)* @_ssdm_op_SpecBitsMap(i1* %p_pyrLA0_V_user_V), !map !221"   --->   Operation 42 'specbitsmap' <Predicate = true> <Delay = 0.00>
ST_8 : Operation 43 [1/1] (0.00ns)   --->   "call void (...)* @_ssdm_op_SpecBitsMap(i1* %p_pyrLA0_V_last_V), !map !225"   --->   Operation 43 'specbitsmap' <Predicate = true> <Delay = 0.00>
ST_8 : Operation 44 [1/1] (0.00ns)   --->   "call void (...)* @_ssdm_op_SpecBitsMap(i1* %p_pyrLA0_V_id_V), !map !229"   --->   Operation 44 'specbitsmap' <Predicate = true> <Delay = 0.00>
ST_8 : Operation 45 [1/1] (0.00ns)   --->   "call void (...)* @_ssdm_op_SpecBitsMap(i1* %p_pyrLA0_V_dest_V), !map !233"   --->   Operation 45 'specbitsmap' <Predicate = true> <Delay = 0.00>
ST_8 : Operation 46 [1/1] (0.00ns)   --->   "call void (...)* @_ssdm_op_SpecBitsMap(i8* %p_pyrLA1_V_data_V), !map !237"   --->   Operation 46 'specbitsmap' <Predicate = true> <Delay = 0.00>
ST_8 : Operation 47 [1/1] (0.00ns)   --->   "call void (...)* @_ssdm_op_SpecBitsMap(i1* %p_pyrLA1_V_keep_V), !map !241"   --->   Operation 47 'specbitsmap' <Predicate = true> <Delay = 0.00>
ST_8 : Operation 48 [1/1] (0.00ns)   --->   "call void (...)* @_ssdm_op_SpecBitsMap(i1* %p_pyrLA1_V_strb_V), !map !245"   --->   Operation 48 'specbitsmap' <Predicate = true> <Delay = 0.00>
ST_8 : Operation 49 [1/1] (0.00ns)   --->   "call void (...)* @_ssdm_op_SpecBitsMap(i1* %p_pyrLA1_V_user_V), !map !249"   --->   Operation 49 'specbitsmap' <Predicate = true> <Delay = 0.00>
ST_8 : Operation 50 [1/1] (0.00ns)   --->   "call void (...)* @_ssdm_op_SpecBitsMap(i1* %p_pyrLA1_V_last_V), !map !253"   --->   Operation 50 'specbitsmap' <Predicate = true> <Delay = 0.00>
ST_8 : Operation 51 [1/1] (0.00ns)   --->   "call void (...)* @_ssdm_op_SpecBitsMap(i1* %p_pyrLA1_V_id_V), !map !257"   --->   Operation 51 'specbitsmap' <Predicate = true> <Delay = 0.00>
ST_8 : Operation 52 [1/1] (0.00ns)   --->   "call void (...)* @_ssdm_op_SpecBitsMap(i1* %p_pyrLA1_V_dest_V), !map !261"   --->   Operation 52 'specbitsmap' <Predicate = true> <Delay = 0.00>
ST_8 : Operation 53 [1/1] (0.00ns)   --->   "call void (...)* @_ssdm_op_SpecBitsMap(i8* %p_pyrLB0_V_data_V), !map !265"   --->   Operation 53 'specbitsmap' <Predicate = true> <Delay = 0.00>
ST_8 : Operation 54 [1/1] (0.00ns)   --->   "call void (...)* @_ssdm_op_SpecBitsMap(i1* %p_pyrLB0_V_keep_V), !map !269"   --->   Operation 54 'specbitsmap' <Predicate = true> <Delay = 0.00>
ST_8 : Operation 55 [1/1] (0.00ns)   --->   "call void (...)* @_ssdm_op_SpecBitsMap(i1* %p_pyrLB0_V_strb_V), !map !273"   --->   Operation 55 'specbitsmap' <Predicate = true> <Delay = 0.00>
ST_8 : Operation 56 [1/1] (0.00ns)   --->   "call void (...)* @_ssdm_op_SpecBitsMap(i1* %p_pyrLB0_V_user_V), !map !277"   --->   Operation 56 'specbitsmap' <Predicate = true> <Delay = 0.00>
ST_8 : Operation 57 [1/1] (0.00ns)   --->   "call void (...)* @_ssdm_op_SpecBitsMap(i1* %p_pyrLB0_V_last_V), !map !281"   --->   Operation 57 'specbitsmap' <Predicate = true> <Delay = 0.00>
ST_8 : Operation 58 [1/1] (0.00ns)   --->   "call void (...)* @_ssdm_op_SpecBitsMap(i1* %p_pyrLB0_V_id_V), !map !285"   --->   Operation 58 'specbitsmap' <Predicate = true> <Delay = 0.00>
ST_8 : Operation 59 [1/1] (0.00ns)   --->   "call void (...)* @_ssdm_op_SpecBitsMap(i1* %p_pyrLB0_V_dest_V), !map !289"   --->   Operation 59 'specbitsmap' <Predicate = true> <Delay = 0.00>
ST_8 : Operation 60 [1/1] (0.00ns)   --->   "call void (...)* @_ssdm_op_SpecBitsMap(i8* %p_pyrLB1_V_data_V), !map !293"   --->   Operation 60 'specbitsmap' <Predicate = true> <Delay = 0.00>
ST_8 : Operation 61 [1/1] (0.00ns)   --->   "call void (...)* @_ssdm_op_SpecBitsMap(i1* %p_pyrLB1_V_keep_V), !map !297"   --->   Operation 61 'specbitsmap' <Predicate = true> <Delay = 0.00>
ST_8 : Operation 62 [1/1] (0.00ns)   --->   "call void (...)* @_ssdm_op_SpecBitsMap(i1* %p_pyrLB1_V_strb_V), !map !301"   --->   Operation 62 'specbitsmap' <Predicate = true> <Delay = 0.00>
ST_8 : Operation 63 [1/1] (0.00ns)   --->   "call void (...)* @_ssdm_op_SpecBitsMap(i1* %p_pyrLB1_V_user_V), !map !305"   --->   Operation 63 'specbitsmap' <Predicate = true> <Delay = 0.00>
ST_8 : Operation 64 [1/1] (0.00ns)   --->   "call void (...)* @_ssdm_op_SpecBitsMap(i1* %p_pyrLB1_V_last_V), !map !309"   --->   Operation 64 'specbitsmap' <Predicate = true> <Delay = 0.00>
ST_8 : Operation 65 [1/1] (0.00ns)   --->   "call void (...)* @_ssdm_op_SpecBitsMap(i1* %p_pyrLB1_V_id_V), !map !313"   --->   Operation 65 'specbitsmap' <Predicate = true> <Delay = 0.00>
ST_8 : Operation 66 [1/1] (0.00ns)   --->   "call void (...)* @_ssdm_op_SpecBitsMap(i1* %p_pyrLB1_V_dest_V), !map !317"   --->   Operation 66 'specbitsmap' <Predicate = true> <Delay = 0.00>
ST_8 : Operation 67 [1/1] (0.00ns)   --->   "call void (...)* @_ssdm_op_SpecBitsMap(i8* %p_pyrS0_V_data_V), !map !321"   --->   Operation 67 'specbitsmap' <Predicate = true> <Delay = 0.00>
ST_8 : Operation 68 [1/1] (0.00ns)   --->   "call void (...)* @_ssdm_op_SpecBitsMap(i1* %p_pyrS0_V_keep_V), !map !325"   --->   Operation 68 'specbitsmap' <Predicate = true> <Delay = 0.00>
ST_8 : Operation 69 [1/1] (0.00ns)   --->   "call void (...)* @_ssdm_op_SpecBitsMap(i1* %p_pyrS0_V_strb_V), !map !329"   --->   Operation 69 'specbitsmap' <Predicate = true> <Delay = 0.00>
ST_8 : Operation 70 [1/1] (0.00ns)   --->   "call void (...)* @_ssdm_op_SpecBitsMap(i1* %p_pyrS0_V_user_V), !map !333"   --->   Operation 70 'specbitsmap' <Predicate = true> <Delay = 0.00>
ST_8 : Operation 71 [1/1] (0.00ns)   --->   "call void (...)* @_ssdm_op_SpecBitsMap(i1* %p_pyrS0_V_last_V), !map !337"   --->   Operation 71 'specbitsmap' <Predicate = true> <Delay = 0.00>
ST_8 : Operation 72 [1/1] (0.00ns)   --->   "call void (...)* @_ssdm_op_SpecBitsMap(i1* %p_pyrS0_V_id_V), !map !341"   --->   Operation 72 'specbitsmap' <Predicate = true> <Delay = 0.00>
ST_8 : Operation 73 [1/1] (0.00ns)   --->   "call void (...)* @_ssdm_op_SpecBitsMap(i1* %p_pyrS0_V_dest_V), !map !345"   --->   Operation 73 'specbitsmap' <Predicate = true> <Delay = 0.00>
ST_8 : Operation 74 [1/1] (0.00ns)   --->   "call void (...)* @_ssdm_op_SpecBitsMap(i8* %p_pyrS1_V_data_V), !map !349"   --->   Operation 74 'specbitsmap' <Predicate = true> <Delay = 0.00>
ST_8 : Operation 75 [1/1] (0.00ns)   --->   "call void (...)* @_ssdm_op_SpecBitsMap(i1* %p_pyrS1_V_keep_V), !map !353"   --->   Operation 75 'specbitsmap' <Predicate = true> <Delay = 0.00>
ST_8 : Operation 76 [1/1] (0.00ns)   --->   "call void (...)* @_ssdm_op_SpecBitsMap(i1* %p_pyrS1_V_strb_V), !map !357"   --->   Operation 76 'specbitsmap' <Predicate = true> <Delay = 0.00>
ST_8 : Operation 77 [1/1] (0.00ns)   --->   "call void (...)* @_ssdm_op_SpecBitsMap(i1* %p_pyrS1_V_user_V), !map !361"   --->   Operation 77 'specbitsmap' <Predicate = true> <Delay = 0.00>
ST_8 : Operation 78 [1/1] (0.00ns)   --->   "call void (...)* @_ssdm_op_SpecBitsMap(i1* %p_pyrS1_V_last_V), !map !365"   --->   Operation 78 'specbitsmap' <Predicate = true> <Delay = 0.00>
ST_8 : Operation 79 [1/1] (0.00ns)   --->   "call void (...)* @_ssdm_op_SpecBitsMap(i1* %p_pyrS1_V_id_V), !map !369"   --->   Operation 79 'specbitsmap' <Predicate = true> <Delay = 0.00>
ST_8 : Operation 80 [1/1] (0.00ns)   --->   "call void (...)* @_ssdm_op_SpecBitsMap(i1* %p_pyrS1_V_dest_V), !map !373"   --->   Operation 80 'specbitsmap' <Predicate = true> <Delay = 0.00>
ST_8 : Operation 81 [1/1] (0.00ns)   --->   "call void (...)* @_ssdm_op_SpecTopModule([9 x i8]* @blendTop_str) nounwind"   --->   Operation 81 'spectopmodule' <Predicate = true> <Delay = 0.00>
ST_8 : Operation 82 [1/1] (0.00ns)   --->   "%empty = call i32 (...)* @_ssdm_op_SpecChannel([22 x i8]* @pyrLA0_OC_data_OC_V_s, i32 1, [1 x i8]* @p_str, [1 x i8]* @p_str, i32 1, i32 307200, i8* %pyrLA0_data_V, i8* %pyrLA0_data_V)"   --->   Operation 82 'specchannel' 'empty' <Predicate = true> <Delay = 0.00>
ST_8 : Operation 83 [1/1] (0.00ns)   --->   "call void (...)* @_ssdm_op_SpecInterface(i8* %pyrLA0_data_V, [8 x i8]* @ap_fifo_str, i32 0, i32 0, [1 x i8]* @p_str, i32 0, i32 0, [1 x i8]* @p_str, [1 x i8]* @p_str, [1 x i8]* @p_str, i32 2, i32 2, i32 16, i32 16, [1 x i8]* @p_str, [1 x i8]* @p_str)"   --->   Operation 83 'specinterface' <Predicate = true> <Delay = 0.00>
ST_8 : Operation 84 [1/1] (0.00ns)   --->   "%empty_25 = call i32 (...)* @_ssdm_op_SpecChannel([22 x i8]* @pyrLA1_OC_data_OC_V_s, i32 1, [1 x i8]* @p_str, [1 x i8]* @p_str, i32 1, i32 307200, i8* %pyrLA1_data_V, i8* %pyrLA1_data_V)"   --->   Operation 84 'specchannel' 'empty_25' <Predicate = true> <Delay = 0.00>
ST_8 : Operation 85 [1/1] (0.00ns)   --->   "call void (...)* @_ssdm_op_SpecInterface(i8* %pyrLA1_data_V, [8 x i8]* @ap_fifo_str, i32 0, i32 0, [1 x i8]* @p_str, i32 0, i32 0, [1 x i8]* @p_str, [1 x i8]* @p_str, [1 x i8]* @p_str, i32 2, i32 2, i32 16, i32 16, [1 x i8]* @p_str, [1 x i8]* @p_str)"   --->   Operation 85 'specinterface' <Predicate = true> <Delay = 0.00>
ST_8 : Operation 86 [1/1] (0.00ns)   --->   "%empty_26 = call i32 (...)* @_ssdm_op_SpecChannel([22 x i8]* @pyrLB0_OC_data_OC_V_s, i32 1, [1 x i8]* @p_str, [1 x i8]* @p_str, i32 1, i32 307200, i8* %pyrLB0_data_V, i8* %pyrLB0_data_V)"   --->   Operation 86 'specchannel' 'empty_26' <Predicate = true> <Delay = 0.00>
ST_8 : Operation 87 [1/1] (0.00ns)   --->   "call void (...)* @_ssdm_op_SpecInterface(i8* %pyrLB0_data_V, [8 x i8]* @ap_fifo_str, i32 0, i32 0, [1 x i8]* @p_str, i32 0, i32 0, [1 x i8]* @p_str, [1 x i8]* @p_str, [1 x i8]* @p_str, i32 2, i32 2, i32 16, i32 16, [1 x i8]* @p_str, [1 x i8]* @p_str)"   --->   Operation 87 'specinterface' <Predicate = true> <Delay = 0.00>
ST_8 : Operation 88 [1/1] (0.00ns)   --->   "%empty_27 = call i32 (...)* @_ssdm_op_SpecChannel([22 x i8]* @pyrLB1_OC_data_OC_V_s, i32 1, [1 x i8]* @p_str, [1 x i8]* @p_str, i32 1, i32 307200, i8* %pyrLB1_data_V, i8* %pyrLB1_data_V)"   --->   Operation 88 'specchannel' 'empty_27' <Predicate = true> <Delay = 0.00>
ST_8 : Operation 89 [1/1] (0.00ns)   --->   "call void (...)* @_ssdm_op_SpecInterface(i8* %pyrLB1_data_V, [8 x i8]* @ap_fifo_str, i32 0, i32 0, [1 x i8]* @p_str, i32 0, i32 0, [1 x i8]* @p_str, [1 x i8]* @p_str, [1 x i8]* @p_str, i32 2, i32 2, i32 16, i32 16, [1 x i8]* @p_str, [1 x i8]* @p_str)"   --->   Operation 89 'specinterface' <Predicate = true> <Delay = 0.00>
ST_8 : Operation 90 [1/1] (0.00ns)   --->   "%empty_28 = call i32 (...)* @_ssdm_op_SpecChannel([21 x i8]* @pyrS0_OC_data_OC_V_O, i32 1, [1 x i8]* @p_str, [1 x i8]* @p_str, i32 1, i32 307200, i8* %pyrS0_data_V, i8* %pyrS0_data_V)"   --->   Operation 90 'specchannel' 'empty_28' <Predicate = true> <Delay = 0.00>
ST_8 : Operation 91 [1/1] (0.00ns)   --->   "call void (...)* @_ssdm_op_SpecInterface(i8* %pyrS0_data_V, [8 x i8]* @ap_fifo_str, i32 0, i32 0, [1 x i8]* @p_str, i32 0, i32 0, [1 x i8]* @p_str, [1 x i8]* @p_str, [1 x i8]* @p_str, i32 2, i32 2, i32 16, i32 16, [1 x i8]* @p_str, [1 x i8]* @p_str)"   --->   Operation 91 'specinterface' <Predicate = true> <Delay = 0.00>
ST_8 : Operation 92 [1/1] (0.00ns)   --->   "%empty_29 = call i32 (...)* @_ssdm_op_SpecChannel([21 x i8]* @pyrS1_OC_data_OC_V_O, i32 1, [1 x i8]* @p_str, [1 x i8]* @p_str, i32 1, i32 307200, i8* %pyrS1_data_V, i8* %pyrS1_data_V)"   --->   Operation 92 'specchannel' 'empty_29' <Predicate = true> <Delay = 0.00>
ST_8 : Operation 93 [1/1] (0.00ns)   --->   "call void (...)* @_ssdm_op_SpecInterface(i8* %pyrS1_data_V, [8 x i8]* @ap_fifo_str, i32 0, i32 0, [1 x i8]* @p_str, i32 0, i32 0, [1 x i8]* @p_str, [1 x i8]* @p_str, [1 x i8]* @p_str, i32 2, i32 2, i32 16, i32 16, [1 x i8]* @p_str, [1 x i8]* @p_str)"   --->   Operation 93 'specinterface' <Predicate = true> <Delay = 0.00>
ST_8 : Operation 94 [1/1] (0.00ns)   --->   "call void (...)* @_ssdm_op_SpecInterface(i8* %p_pyrLA0_V_data_V, i1* %p_pyrLA0_V_keep_V, i1* %p_pyrLA0_V_strb_V, i1* %p_pyrLA0_V_user_V, i1* %p_pyrLA0_V_last_V, i1* %p_pyrLA0_V_id_V, i1* %p_pyrLA0_V_dest_V, [5 x i8]* @p_str1, i32 1, i32 1, [5 x i8]* @p_str2, i32 0, i32 0, [1 x i8]* @p_str, [1 x i8]* @p_str, [1 x i8]* @p_str, i32 0, i32 0, i32 0, i32 0, [1 x i8]* @p_str, [1 x i8]* @p_str) nounwind" [test_blend/src/fusion.cpp:27]   --->   Operation 94 'specinterface' <Predicate = true> <Delay = 0.00>
ST_8 : Operation 95 [1/1] (0.00ns)   --->   "call void (...)* @_ssdm_op_SpecInterface(i8* %p_pyrLA1_V_data_V, i1* %p_pyrLA1_V_keep_V, i1* %p_pyrLA1_V_strb_V, i1* %p_pyrLA1_V_user_V, i1* %p_pyrLA1_V_last_V, i1* %p_pyrLA1_V_id_V, i1* %p_pyrLA1_V_dest_V, [5 x i8]* @p_str1, i32 1, i32 1, [5 x i8]* @p_str2, i32 0, i32 0, [1 x i8]* @p_str, [1 x i8]* @p_str, [1 x i8]* @p_str, i32 0, i32 0, i32 0, i32 0, [1 x i8]* @p_str, [1 x i8]* @p_str) nounwind" [test_blend/src/fusion.cpp:28]   --->   Operation 95 'specinterface' <Predicate = true> <Delay = 0.00>
ST_8 : Operation 96 [1/1] (0.00ns)   --->   "call void (...)* @_ssdm_op_SpecInterface(i8* %p_pyrLB0_V_data_V, i1* %p_pyrLB0_V_keep_V, i1* %p_pyrLB0_V_strb_V, i1* %p_pyrLB0_V_user_V, i1* %p_pyrLB0_V_last_V, i1* %p_pyrLB0_V_id_V, i1* %p_pyrLB0_V_dest_V, [5 x i8]* @p_str1, i32 1, i32 1, [5 x i8]* @p_str2, i32 0, i32 0, [1 x i8]* @p_str, [1 x i8]* @p_str, [1 x i8]* @p_str, i32 0, i32 0, i32 0, i32 0, [1 x i8]* @p_str, [1 x i8]* @p_str) nounwind" [test_blend/src/fusion.cpp:29]   --->   Operation 96 'specinterface' <Predicate = true> <Delay = 0.00>
ST_8 : Operation 97 [1/1] (0.00ns)   --->   "call void (...)* @_ssdm_op_SpecInterface(i8* %p_pyrLB1_V_data_V, i1* %p_pyrLB1_V_keep_V, i1* %p_pyrLB1_V_strb_V, i1* %p_pyrLB1_V_user_V, i1* %p_pyrLB1_V_last_V, i1* %p_pyrLB1_V_id_V, i1* %p_pyrLB1_V_dest_V, [5 x i8]* @p_str1, i32 1, i32 1, [5 x i8]* @p_str2, i32 0, i32 0, [1 x i8]* @p_str, [1 x i8]* @p_str, [1 x i8]* @p_str, i32 0, i32 0, i32 0, i32 0, [1 x i8]* @p_str, [1 x i8]* @p_str) nounwind" [test_blend/src/fusion.cpp:30]   --->   Operation 97 'specinterface' <Predicate = true> <Delay = 0.00>
ST_8 : Operation 98 [1/1] (0.00ns)   --->   "call void (...)* @_ssdm_op_SpecInterface(i8* %p_pyrS0_V_data_V, i1* %p_pyrS0_V_keep_V, i1* %p_pyrS0_V_strb_V, i1* %p_pyrS0_V_user_V, i1* %p_pyrS0_V_last_V, i1* %p_pyrS0_V_id_V, i1* %p_pyrS0_V_dest_V, [5 x i8]* @p_str1, i32 1, i32 1, [5 x i8]* @p_str2, i32 0, i32 0, [1 x i8]* @p_str, [1 x i8]* @p_str, [1 x i8]* @p_str, i32 0, i32 0, i32 0, i32 0, [1 x i8]* @p_str, [1 x i8]* @p_str) nounwind" [test_blend/src/fusion.cpp:31]   --->   Operation 98 'specinterface' <Predicate = true> <Delay = 0.00>
ST_8 : Operation 99 [1/1] (0.00ns)   --->   "call void (...)* @_ssdm_op_SpecInterface(i8* %p_pyrS1_V_data_V, i1* %p_pyrS1_V_keep_V, i1* %p_pyrS1_V_strb_V, i1* %p_pyrS1_V_user_V, i1* %p_pyrS1_V_last_V, i1* %p_pyrS1_V_id_V, i1* %p_pyrS1_V_dest_V, [5 x i8]* @p_str1, i32 1, i32 1, [5 x i8]* @p_str2, i32 0, i32 0, [1 x i8]* @p_str, [1 x i8]* @p_str, [1 x i8]* @p_str, i32 0, i32 0, i32 0, i32 0, [1 x i8]* @p_str, [1 x i8]* @p_str) nounwind" [test_blend/src/fusion.cpp:32]   --->   Operation 99 'specinterface' <Predicate = true> <Delay = 0.00>
ST_8 : Operation 100 [1/1] (0.00ns)   --->   "%empty_30 = call i32 (...)* @_ssdm_op_SpecChannel([14 x i8]* @pyrLA0_OC_rows_c_str, i32 1, [1 x i8]* @p_str, [1 x i8]* @p_str, i32 2, i32 0, i10* %pyrLA0_rows_c, i10* %pyrLA0_rows_c)"   --->   Operation 100 'specchannel' 'empty_30' <Predicate = true> <Delay = 0.00>
ST_8 : Operation 101 [1/1] (0.00ns)   --->   "call void (...)* @_ssdm_op_SpecInterface(i10* %pyrLA0_rows_c, [8 x i8]* @ap_fifo_str, i32 0, i32 0, [1 x i8]* @p_str, i32 0, i32 0, [1 x i8]* @p_str, [1 x i8]* @p_str, [1 x i8]* @p_str, i32 2, i32 2, i32 16, i32 16, [1 x i8]* @p_str, [1 x i8]* @p_str)"   --->   Operation 101 'specinterface' <Predicate = true> <Delay = 0.00>
ST_8 : Operation 102 [1/1] (0.00ns)   --->   "%empty_31 = call i32 (...)* @_ssdm_op_SpecChannel([14 x i8]* @pyrLA0_OC_cols_c_str, i32 1, [1 x i8]* @p_str, [1 x i8]* @p_str, i32 2, i32 0, i11* %pyrLA0_cols_c, i11* %pyrLA0_cols_c)"   --->   Operation 102 'specchannel' 'empty_31' <Predicate = true> <Delay = 0.00>
ST_8 : Operation 103 [1/1] (0.00ns)   --->   "call void (...)* @_ssdm_op_SpecInterface(i11* %pyrLA0_cols_c, [8 x i8]* @ap_fifo_str, i32 0, i32 0, [1 x i8]* @p_str, i32 0, i32 0, [1 x i8]* @p_str, [1 x i8]* @p_str, [1 x i8]* @p_str, i32 2, i32 2, i32 16, i32 16, [1 x i8]* @p_str, [1 x i8]* @p_str)"   --->   Operation 103 'specinterface' <Predicate = true> <Delay = 0.00>
ST_8 : Operation 104 [1/1] (0.00ns)   --->   "%empty_32 = call i32 (...)* @_ssdm_op_SpecChannel([14 x i8]* @pyrLA1_OC_rows_c_str, i32 1, [1 x i8]* @p_str, [1 x i8]* @p_str, i32 2, i32 0, i9* %pyrLA1_rows_c, i9* %pyrLA1_rows_c)"   --->   Operation 104 'specchannel' 'empty_32' <Predicate = true> <Delay = 0.00>
ST_8 : Operation 105 [1/1] (0.00ns)   --->   "call void (...)* @_ssdm_op_SpecInterface(i9* %pyrLA1_rows_c, [8 x i8]* @ap_fifo_str, i32 0, i32 0, [1 x i8]* @p_str, i32 0, i32 0, [1 x i8]* @p_str, [1 x i8]* @p_str, [1 x i8]* @p_str, i32 2, i32 2, i32 16, i32 16, [1 x i8]* @p_str, [1 x i8]* @p_str)"   --->   Operation 105 'specinterface' <Predicate = true> <Delay = 0.00>
ST_8 : Operation 106 [1/1] (0.00ns)   --->   "%empty_33 = call i32 (...)* @_ssdm_op_SpecChannel([15 x i8]* @pyrLA1_OC_rows_c4_st, i32 1, [1 x i8]* @p_str, [1 x i8]* @p_str, i32 3, i32 0, i9* %pyrLA1_rows_c4, i9* %pyrLA1_rows_c4)"   --->   Operation 106 'specchannel' 'empty_33' <Predicate = true> <Delay = 0.00>
ST_8 : Operation 107 [1/1] (0.00ns)   --->   "call void (...)* @_ssdm_op_SpecInterface(i9* %pyrLA1_rows_c4, [8 x i8]* @ap_fifo_str, i32 0, i32 0, [1 x i8]* @p_str, i32 0, i32 0, [1 x i8]* @p_str, [1 x i8]* @p_str, [1 x i8]* @p_str, i32 2, i32 2, i32 16, i32 16, [1 x i8]* @p_str, [1 x i8]* @p_str)"   --->   Operation 107 'specinterface' <Predicate = true> <Delay = 0.00>
ST_8 : Operation 108 [1/1] (0.00ns)   --->   "%empty_34 = call i32 (...)* @_ssdm_op_SpecChannel([14 x i8]* @pyrLA1_OC_cols_c_str, i32 1, [1 x i8]* @p_str, [1 x i8]* @p_str, i32 2, i32 0, i10* %pyrLA1_cols_c, i10* %pyrLA1_cols_c)"   --->   Operation 108 'specchannel' 'empty_34' <Predicate = true> <Delay = 0.00>
ST_8 : Operation 109 [1/1] (0.00ns)   --->   "call void (...)* @_ssdm_op_SpecInterface(i10* %pyrLA1_cols_c, [8 x i8]* @ap_fifo_str, i32 0, i32 0, [1 x i8]* @p_str, i32 0, i32 0, [1 x i8]* @p_str, [1 x i8]* @p_str, [1 x i8]* @p_str, i32 2, i32 2, i32 16, i32 16, [1 x i8]* @p_str, [1 x i8]* @p_str)"   --->   Operation 109 'specinterface' <Predicate = true> <Delay = 0.00>
ST_8 : Operation 110 [1/1] (0.00ns)   --->   "%empty_35 = call i32 (...)* @_ssdm_op_SpecChannel([15 x i8]* @pyrLA1_OC_cols_c5_st, i32 1, [1 x i8]* @p_str, [1 x i8]* @p_str, i32 3, i32 0, i10* %pyrLA1_cols_c5, i10* %pyrLA1_cols_c5)"   --->   Operation 110 'specchannel' 'empty_35' <Predicate = true> <Delay = 0.00>
ST_8 : Operation 111 [1/1] (0.00ns)   --->   "call void (...)* @_ssdm_op_SpecInterface(i10* %pyrLA1_cols_c5, [8 x i8]* @ap_fifo_str, i32 0, i32 0, [1 x i8]* @p_str, i32 0, i32 0, [1 x i8]* @p_str, [1 x i8]* @p_str, [1 x i8]* @p_str, i32 2, i32 2, i32 16, i32 16, [1 x i8]* @p_str, [1 x i8]* @p_str)"   --->   Operation 111 'specinterface' <Predicate = true> <Delay = 0.00>
ST_8 : Operation 112 [1/1] (0.00ns)   --->   "%empty_36 = call i32 (...)* @_ssdm_op_SpecChannel([15 x i8]* @pyrLA0_OC_rows_c6_st, i32 1, [1 x i8]* @p_str, [1 x i8]* @p_str, i32 2, i32 0, i10* %pyrLA0_rows_c6, i10* %pyrLA0_rows_c6)"   --->   Operation 112 'specchannel' 'empty_36' <Predicate = true> <Delay = 0.00>
ST_8 : Operation 113 [1/1] (0.00ns)   --->   "call void (...)* @_ssdm_op_SpecInterface(i10* %pyrLA0_rows_c6, [8 x i8]* @ap_fifo_str, i32 0, i32 0, [1 x i8]* @p_str, i32 0, i32 0, [1 x i8]* @p_str, [1 x i8]* @p_str, [1 x i8]* @p_str, i32 2, i32 2, i32 16, i32 16, [1 x i8]* @p_str, [1 x i8]* @p_str)"   --->   Operation 113 'specinterface' <Predicate = true> <Delay = 0.00>
ST_8 : Operation 114 [1/1] (0.00ns)   --->   "%empty_37 = call i32 (...)* @_ssdm_op_SpecChannel([15 x i8]* @pyrLA0_OC_cols_c7_st, i32 1, [1 x i8]* @p_str, [1 x i8]* @p_str, i32 2, i32 0, i11* %pyrLA0_cols_c7, i11* %pyrLA0_cols_c7)"   --->   Operation 114 'specchannel' 'empty_37' <Predicate = true> <Delay = 0.00>
ST_8 : Operation 115 [1/1] (0.00ns)   --->   "call void (...)* @_ssdm_op_SpecInterface(i11* %pyrLA0_cols_c7, [8 x i8]* @ap_fifo_str, i32 0, i32 0, [1 x i8]* @p_str, i32 0, i32 0, [1 x i8]* @p_str, [1 x i8]* @p_str, [1 x i8]* @p_str, i32 2, i32 2, i32 16, i32 16, [1 x i8]* @p_str, [1 x i8]* @p_str)"   --->   Operation 115 'specinterface' <Predicate = true> <Delay = 0.00>
ST_8 : Operation 116 [1/1] (0.00ns)   --->   "ret void" [test_blend/src/fusion.cpp:62]   --->   Operation 116 'ret' <Predicate = true> <Delay = 0.00>


============================================================
+ Verbose Summary: Binding
============================================================
STG Binding: 
---------------- STG Properties BEGIN ----------------
- Is combinational: 0
- Is one-state seq: 0
- Is datapath-only: 0
- Is pipelined: 0
- Is top level: 1
Port [ Return ] is wired: 1; IO mode=ap_ctrl_hs:ce=0
Port [ p_pyrLA0_V_data_V]:  wired=1; compound=1; hidden=0; nouse=0; global=0; static=0; extern=0; dir=0; type=0; pingpong=0; private_global=0; IO mode=axis:ce=0
Port [ p_pyrLA0_V_keep_V]:  wired=1; compound=1; hidden=0; nouse=0; global=0; static=0; extern=0; dir=0; type=0; pingpong=0; private_global=0; IO mode=axis:ce=0
Port [ p_pyrLA0_V_strb_V]:  wired=1; compound=1; hidden=0; nouse=0; global=0; static=0; extern=0; dir=0; type=0; pingpong=0; private_global=0; IO mode=axis:ce=0
Port [ p_pyrLA0_V_user_V]:  wired=1; compound=1; hidden=0; nouse=0; global=0; static=0; extern=0; dir=0; type=0; pingpong=0; private_global=0; IO mode=axis:ce=0
Port [ p_pyrLA0_V_last_V]:  wired=1; compound=1; hidden=0; nouse=0; global=0; static=0; extern=0; dir=0; type=0; pingpong=0; private_global=0; IO mode=axis:ce=0
Port [ p_pyrLA0_V_id_V]:  wired=1; compound=1; hidden=0; nouse=0; global=0; static=0; extern=0; dir=0; type=0; pingpong=0; private_global=0; IO mode=axis:ce=0
Port [ p_pyrLA0_V_dest_V]:  wired=1; compound=1; hidden=0; nouse=0; global=0; static=0; extern=0; dir=0; type=0; pingpong=0; private_global=0; IO mode=axis:ce=0
Port [ p_pyrLA1_V_data_V]:  wired=1; compound=1; hidden=0; nouse=0; global=0; static=0; extern=0; dir=0; type=0; pingpong=0; private_global=0; IO mode=axis:ce=0
Port [ p_pyrLA1_V_keep_V]:  wired=1; compound=1; hidden=0; nouse=0; global=0; static=0; extern=0; dir=0; type=0; pingpong=0; private_global=0; IO mode=axis:ce=0
Port [ p_pyrLA1_V_strb_V]:  wired=1; compound=1; hidden=0; nouse=0; global=0; static=0; extern=0; dir=0; type=0; pingpong=0; private_global=0; IO mode=axis:ce=0
Port [ p_pyrLA1_V_user_V]:  wired=1; compound=1; hidden=0; nouse=0; global=0; static=0; extern=0; dir=0; type=0; pingpong=0; private_global=0; IO mode=axis:ce=0
Port [ p_pyrLA1_V_last_V]:  wired=1; compound=1; hidden=0; nouse=0; global=0; static=0; extern=0; dir=0; type=0; pingpong=0; private_global=0; IO mode=axis:ce=0
Port [ p_pyrLA1_V_id_V]:  wired=1; compound=1; hidden=0; nouse=0; global=0; static=0; extern=0; dir=0; type=0; pingpong=0; private_global=0; IO mode=axis:ce=0
Port [ p_pyrLA1_V_dest_V]:  wired=1; compound=1; hidden=0; nouse=0; global=0; static=0; extern=0; dir=0; type=0; pingpong=0; private_global=0; IO mode=axis:ce=0
Port [ p_pyrLB0_V_data_V]:  wired=1; compound=1; hidden=0; nouse=0; global=0; static=0; extern=0; dir=0; type=0; pingpong=0; private_global=0; IO mode=axis:ce=0
Port [ p_pyrLB0_V_keep_V]:  wired=1; compound=1; hidden=0; nouse=0; global=0; static=0; extern=0; dir=0; type=0; pingpong=0; private_global=0; IO mode=axis:ce=0
Port [ p_pyrLB0_V_strb_V]:  wired=1; compound=1; hidden=0; nouse=0; global=0; static=0; extern=0; dir=0; type=0; pingpong=0; private_global=0; IO mode=axis:ce=0
Port [ p_pyrLB0_V_user_V]:  wired=1; compound=1; hidden=0; nouse=0; global=0; static=0; extern=0; dir=0; type=0; pingpong=0; private_global=0; IO mode=axis:ce=0
Port [ p_pyrLB0_V_last_V]:  wired=1; compound=1; hidden=0; nouse=0; global=0; static=0; extern=0; dir=0; type=0; pingpong=0; private_global=0; IO mode=axis:ce=0
Port [ p_pyrLB0_V_id_V]:  wired=1; compound=1; hidden=0; nouse=0; global=0; static=0; extern=0; dir=0; type=0; pingpong=0; private_global=0; IO mode=axis:ce=0
Port [ p_pyrLB0_V_dest_V]:  wired=1; compound=1; hidden=0; nouse=0; global=0; static=0; extern=0; dir=0; type=0; pingpong=0; private_global=0; IO mode=axis:ce=0
Port [ p_pyrLB1_V_data_V]:  wired=1; compound=1; hidden=0; nouse=0; global=0; static=0; extern=0; dir=0; type=0; pingpong=0; private_global=0; IO mode=axis:ce=0
Port [ p_pyrLB1_V_keep_V]:  wired=1; compound=1; hidden=0; nouse=0; global=0; static=0; extern=0; dir=0; type=0; pingpong=0; private_global=0; IO mode=axis:ce=0
Port [ p_pyrLB1_V_strb_V]:  wired=1; compound=1; hidden=0; nouse=0; global=0; static=0; extern=0; dir=0; type=0; pingpong=0; private_global=0; IO mode=axis:ce=0
Port [ p_pyrLB1_V_user_V]:  wired=1; compound=1; hidden=0; nouse=0; global=0; static=0; extern=0; dir=0; type=0; pingpong=0; private_global=0; IO mode=axis:ce=0
Port [ p_pyrLB1_V_last_V]:  wired=1; compound=1; hidden=0; nouse=0; global=0; static=0; extern=0; dir=0; type=0; pingpong=0; private_global=0; IO mode=axis:ce=0
Port [ p_pyrLB1_V_id_V]:  wired=1; compound=1; hidden=0; nouse=0; global=0; static=0; extern=0; dir=0; type=0; pingpong=0; private_global=0; IO mode=axis:ce=0
Port [ p_pyrLB1_V_dest_V]:  wired=1; compound=1; hidden=0; nouse=0; global=0; static=0; extern=0; dir=0; type=0; pingpong=0; private_global=0; IO mode=axis:ce=0
Port [ p_pyrS0_V_data_V]:  wired=1; compound=1; hidden=0; nouse=0; global=0; static=0; extern=0; dir=1; type=0; pingpong=0; private_global=0; IO mode=axis:ce=0
Port [ p_pyrS0_V_keep_V]:  wired=1; compound=1; hidden=0; nouse=0; global=0; static=0; extern=0; dir=1; type=0; pingpong=0; private_global=0; IO mode=axis:ce=0
Port [ p_pyrS0_V_strb_V]:  wired=1; compound=1; hidden=0; nouse=0; global=0; static=0; extern=0; dir=1; type=0; pingpong=0; private_global=0; IO mode=axis:ce=0
Port [ p_pyrS0_V_user_V]:  wired=1; compound=1; hidden=0; nouse=0; global=0; static=0; extern=0; dir=1; type=0; pingpong=0; private_global=0; IO mode=axis:ce=0
Port [ p_pyrS0_V_last_V]:  wired=1; compound=1; hidden=0; nouse=0; global=0; static=0; extern=0; dir=1; type=0; pingpong=0; private_global=0; IO mode=axis:ce=0
Port [ p_pyrS0_V_id_V]:  wired=1; compound=1; hidden=0; nouse=0; global=0; static=0; extern=0; dir=1; type=0; pingpong=0; private_global=0; IO mode=axis:ce=0
Port [ p_pyrS0_V_dest_V]:  wired=1; compound=1; hidden=0; nouse=0; global=0; static=0; extern=0; dir=1; type=0; pingpong=0; private_global=0; IO mode=axis:ce=0
Port [ p_pyrS1_V_data_V]:  wired=1; compound=1; hidden=0; nouse=0; global=0; static=0; extern=0; dir=1; type=0; pingpong=0; private_global=0; IO mode=axis:ce=0
Port [ p_pyrS1_V_keep_V]:  wired=1; compound=1; hidden=0; nouse=0; global=0; static=0; extern=0; dir=1; type=0; pingpong=0; private_global=0; IO mode=axis:ce=0
Port [ p_pyrS1_V_strb_V]:  wired=1; compound=1; hidden=0; nouse=0; global=0; static=0; extern=0; dir=1; type=0; pingpong=0; private_global=0; IO mode=axis:ce=0
Port [ p_pyrS1_V_user_V]:  wired=1; compound=1; hidden=0; nouse=0; global=0; static=0; extern=0; dir=1; type=0; pingpong=0; private_global=0; IO mode=axis:ce=0
Port [ p_pyrS1_V_last_V]:  wired=1; compound=1; hidden=0; nouse=0; global=0; static=0; extern=0; dir=1; type=0; pingpong=0; private_global=0; IO mode=axis:ce=0
Port [ p_pyrS1_V_id_V]:  wired=1; compound=1; hidden=0; nouse=0; global=0; static=0; extern=0; dir=1; type=0; pingpong=0; private_global=0; IO mode=axis:ce=0
Port [ p_pyrS1_V_dest_V]:  wired=1; compound=1; hidden=0; nouse=0; global=0; static=0; extern=0; dir=1; type=0; pingpong=0; private_global=0; IO mode=axis:ce=0
---------------- STG Properties END ------------------

---------------- Datapath Model BEGIN ----------------

<LifeTime>
<method=bitvector/>
pyrLA0_cols_c7            (alloca              ) [ 001111111]
pyrLA0_rows_c6            (alloca              ) [ 001111111]
pyrLA1_cols_c5            (alloca              ) [ 011111111]
pyrLA1_cols_c             (alloca              ) [ 011111111]
pyrLA1_rows_c4            (alloca              ) [ 011111111]
pyrLA1_rows_c             (alloca              ) [ 011111111]
pyrLA0_cols_c             (alloca              ) [ 011111111]
pyrLA0_rows_c             (alloca              ) [ 011111111]
pyrLA0_data_V             (alloca              ) [ 001111111]
pyrLA1_data_V             (alloca              ) [ 001111111]
pyrLB0_data_V             (alloca              ) [ 001111111]
pyrLB1_data_V             (alloca              ) [ 001111111]
pyrS0_data_V              (alloca              ) [ 001111111]
pyrS1_data_V              (alloca              ) [ 001111111]
call_ln0                  (call                ) [ 000000000]
call_ln53                 (call                ) [ 000000000]
call_ln54                 (call                ) [ 000000000]
call_ln55                 (call                ) [ 000000000]
call_ln56                 (call                ) [ 000000000]
call_ln58                 (call                ) [ 000000000]
call_ln60                 (call                ) [ 000000000]
call_ln61                 (call                ) [ 000000000]
specdataflowpipeline_ln26 (specdataflowpipeline) [ 000000000]
specbitsmap_ln0           (specbitsmap         ) [ 000000000]
specbitsmap_ln0           (specbitsmap         ) [ 000000000]
specbitsmap_ln0           (specbitsmap         ) [ 000000000]
specbitsmap_ln0           (specbitsmap         ) [ 000000000]
specbitsmap_ln0           (specbitsmap         ) [ 000000000]
specbitsmap_ln0           (specbitsmap         ) [ 000000000]
specbitsmap_ln0           (specbitsmap         ) [ 000000000]
specbitsmap_ln0           (specbitsmap         ) [ 000000000]
specbitsmap_ln0           (specbitsmap         ) [ 000000000]
specbitsmap_ln0           (specbitsmap         ) [ 000000000]
specbitsmap_ln0           (specbitsmap         ) [ 000000000]
specbitsmap_ln0           (specbitsmap         ) [ 000000000]
specbitsmap_ln0           (specbitsmap         ) [ 000000000]
specbitsmap_ln0           (specbitsmap         ) [ 000000000]
specbitsmap_ln0           (specbitsmap         ) [ 000000000]
specbitsmap_ln0           (specbitsmap         ) [ 000000000]
specbitsmap_ln0           (specbitsmap         ) [ 000000000]
specbitsmap_ln0           (specbitsmap         ) [ 000000000]
specbitsmap_ln0           (specbitsmap         ) [ 000000000]
specbitsmap_ln0           (specbitsmap         ) [ 000000000]
specbitsmap_ln0           (specbitsmap         ) [ 000000000]
specbitsmap_ln0           (specbitsmap         ) [ 000000000]
specbitsmap_ln0           (specbitsmap         ) [ 000000000]
specbitsmap_ln0           (specbitsmap         ) [ 000000000]
specbitsmap_ln0           (specbitsmap         ) [ 000000000]
specbitsmap_ln0           (specbitsmap         ) [ 000000000]
specbitsmap_ln0           (specbitsmap         ) [ 000000000]
specbitsmap_ln0           (specbitsmap         ) [ 000000000]
specbitsmap_ln0           (specbitsmap         ) [ 000000000]
specbitsmap_ln0           (specbitsmap         ) [ 000000000]
specbitsmap_ln0           (specbitsmap         ) [ 000000000]
specbitsmap_ln0           (specbitsmap         ) [ 000000000]
specbitsmap_ln0           (specbitsmap         ) [ 000000000]
specbitsmap_ln0           (specbitsmap         ) [ 000000000]
specbitsmap_ln0           (specbitsmap         ) [ 000000000]
specbitsmap_ln0           (specbitsmap         ) [ 000000000]
specbitsmap_ln0           (specbitsmap         ) [ 000000000]
specbitsmap_ln0           (specbitsmap         ) [ 000000000]
specbitsmap_ln0           (specbitsmap         ) [ 000000000]
specbitsmap_ln0           (specbitsmap         ) [ 000000000]
specbitsmap_ln0           (specbitsmap         ) [ 000000000]
specbitsmap_ln0           (specbitsmap         ) [ 000000000]
spectopmodule_ln0         (spectopmodule       ) [ 000000000]
empty                     (specchannel         ) [ 000000000]
specinterface_ln0         (specinterface       ) [ 000000000]
empty_25                  (specchannel         ) [ 000000000]
specinterface_ln0         (specinterface       ) [ 000000000]
empty_26                  (specchannel         ) [ 000000000]
specinterface_ln0         (specinterface       ) [ 000000000]
empty_27                  (specchannel         ) [ 000000000]
specinterface_ln0         (specinterface       ) [ 000000000]
empty_28                  (specchannel         ) [ 000000000]
specinterface_ln0         (specinterface       ) [ 000000000]
empty_29                  (specchannel         ) [ 000000000]
specinterface_ln0         (specinterface       ) [ 000000000]
specinterface_ln27        (specinterface       ) [ 000000000]
specinterface_ln28        (specinterface       ) [ 000000000]
specinterface_ln29        (specinterface       ) [ 000000000]
specinterface_ln30        (specinterface       ) [ 000000000]
specinterface_ln31        (specinterface       ) [ 000000000]
specinterface_ln32        (specinterface       ) [ 000000000]
empty_30                  (specchannel         ) [ 000000000]
specinterface_ln0         (specinterface       ) [ 000000000]
empty_31                  (specchannel         ) [ 000000000]
specinterface_ln0         (specinterface       ) [ 000000000]
empty_32                  (specchannel         ) [ 000000000]
specinterface_ln0         (specinterface       ) [ 000000000]
empty_33                  (specchannel         ) [ 000000000]
specinterface_ln0         (specinterface       ) [ 000000000]
empty_34                  (specchannel         ) [ 000000000]
specinterface_ln0         (specinterface       ) [ 000000000]
empty_35                  (specchannel         ) [ 000000000]
specinterface_ln0         (specinterface       ) [ 000000000]
empty_36                  (specchannel         ) [ 000000000]
specinterface_ln0         (specinterface       ) [ 000000000]
empty_37                  (specchannel         ) [ 000000000]
specinterface_ln0         (specinterface       ) [ 000000000]
ret_ln62                  (ret                 ) [ 000000000]
</LifeTime>

<model>

<comp_list>
<comp id="0" class="1000" name="p_pyrLA0_V_data_V">
<pin_list>
<pin id="1" dir="1" index="0" bw="1" slack="0"/>
</pin_list>
<bind>
<StgValue><ssdm name="p_pyrLA0_V_data_V"/></StgValue>
</bind>
</comp>

<comp id="2" class="1000" name="p_pyrLA0_V_keep_V">
<pin_list>
<pin id="3" dir="1" index="0" bw="1" slack="0"/>
</pin_list>
<bind>
<StgValue><ssdm name="p_pyrLA0_V_keep_V"/></StgValue>
</bind>
</comp>

<comp id="4" class="1000" name="p_pyrLA0_V_strb_V">
<pin_list>
<pin id="5" dir="1" index="0" bw="1" slack="0"/>
</pin_list>
<bind>
<StgValue><ssdm name="p_pyrLA0_V_strb_V"/></StgValue>
</bind>
</comp>

<comp id="6" class="1000" name="p_pyrLA0_V_user_V">
<pin_list>
<pin id="7" dir="1" index="0" bw="1" slack="0"/>
</pin_list>
<bind>
<StgValue><ssdm name="p_pyrLA0_V_user_V"/></StgValue>
</bind>
</comp>

<comp id="8" class="1000" name="p_pyrLA0_V_last_V">
<pin_list>
<pin id="9" dir="1" index="0" bw="1" slack="0"/>
</pin_list>
<bind>
<StgValue><ssdm name="p_pyrLA0_V_last_V"/></StgValue>
</bind>
</comp>

<comp id="10" class="1000" name="p_pyrLA0_V_id_V">
<pin_list>
<pin id="11" dir="1" index="0" bw="1" slack="0"/>
</pin_list>
<bind>
<StgValue><ssdm name="p_pyrLA0_V_id_V"/></StgValue>
</bind>
</comp>

<comp id="12" class="1000" name="p_pyrLA0_V_dest_V">
<pin_list>
<pin id="13" dir="1" index="0" bw="1" slack="0"/>
</pin_list>
<bind>
<StgValue><ssdm name="p_pyrLA0_V_dest_V"/></StgValue>
</bind>
</comp>

<comp id="14" class="1000" name="p_pyrLA1_V_data_V">
<pin_list>
<pin id="15" dir="1" index="0" bw="1" slack="0"/>
</pin_list>
<bind>
<StgValue><ssdm name="p_pyrLA1_V_data_V"/></StgValue>
</bind>
</comp>

<comp id="16" class="1000" name="p_pyrLA1_V_keep_V">
<pin_list>
<pin id="17" dir="1" index="0" bw="1" slack="0"/>
</pin_list>
<bind>
<StgValue><ssdm name="p_pyrLA1_V_keep_V"/></StgValue>
</bind>
</comp>

<comp id="18" class="1000" name="p_pyrLA1_V_strb_V">
<pin_list>
<pin id="19" dir="1" index="0" bw="1" slack="0"/>
</pin_list>
<bind>
<StgValue><ssdm name="p_pyrLA1_V_strb_V"/></StgValue>
</bind>
</comp>

<comp id="20" class="1000" name="p_pyrLA1_V_user_V">
<pin_list>
<pin id="21" dir="1" index="0" bw="1" slack="0"/>
</pin_list>
<bind>
<StgValue><ssdm name="p_pyrLA1_V_user_V"/></StgValue>
</bind>
</comp>

<comp id="22" class="1000" name="p_pyrLA1_V_last_V">
<pin_list>
<pin id="23" dir="1" index="0" bw="1" slack="0"/>
</pin_list>
<bind>
<StgValue><ssdm name="p_pyrLA1_V_last_V"/></StgValue>
</bind>
</comp>

<comp id="24" class="1000" name="p_pyrLA1_V_id_V">
<pin_list>
<pin id="25" dir="1" index="0" bw="1" slack="0"/>
</pin_list>
<bind>
<StgValue><ssdm name="p_pyrLA1_V_id_V"/></StgValue>
</bind>
</comp>

<comp id="26" class="1000" name="p_pyrLA1_V_dest_V">
<pin_list>
<pin id="27" dir="1" index="0" bw="1" slack="0"/>
</pin_list>
<bind>
<StgValue><ssdm name="p_pyrLA1_V_dest_V"/></StgValue>
</bind>
</comp>

<comp id="28" class="1000" name="p_pyrLB0_V_data_V">
<pin_list>
<pin id="29" dir="1" index="0" bw="1" slack="0"/>
</pin_list>
<bind>
<StgValue><ssdm name="p_pyrLB0_V_data_V"/></StgValue>
</bind>
</comp>

<comp id="30" class="1000" name="p_pyrLB0_V_keep_V">
<pin_list>
<pin id="31" dir="1" index="0" bw="1" slack="0"/>
</pin_list>
<bind>
<StgValue><ssdm name="p_pyrLB0_V_keep_V"/></StgValue>
</bind>
</comp>

<comp id="32" class="1000" name="p_pyrLB0_V_strb_V">
<pin_list>
<pin id="33" dir="1" index="0" bw="1" slack="0"/>
</pin_list>
<bind>
<StgValue><ssdm name="p_pyrLB0_V_strb_V"/></StgValue>
</bind>
</comp>

<comp id="34" class="1000" name="p_pyrLB0_V_user_V">
<pin_list>
<pin id="35" dir="1" index="0" bw="1" slack="0"/>
</pin_list>
<bind>
<StgValue><ssdm name="p_pyrLB0_V_user_V"/></StgValue>
</bind>
</comp>

<comp id="36" class="1000" name="p_pyrLB0_V_last_V">
<pin_list>
<pin id="37" dir="1" index="0" bw="1" slack="0"/>
</pin_list>
<bind>
<StgValue><ssdm name="p_pyrLB0_V_last_V"/></StgValue>
</bind>
</comp>

<comp id="38" class="1000" name="p_pyrLB0_V_id_V">
<pin_list>
<pin id="39" dir="1" index="0" bw="1" slack="0"/>
</pin_list>
<bind>
<StgValue><ssdm name="p_pyrLB0_V_id_V"/></StgValue>
</bind>
</comp>

<comp id="40" class="1000" name="p_pyrLB0_V_dest_V">
<pin_list>
<pin id="41" dir="1" index="0" bw="1" slack="0"/>
</pin_list>
<bind>
<StgValue><ssdm name="p_pyrLB0_V_dest_V"/></StgValue>
</bind>
</comp>

<comp id="42" class="1000" name="p_pyrLB1_V_data_V">
<pin_list>
<pin id="43" dir="1" index="0" bw="1" slack="0"/>
</pin_list>
<bind>
<StgValue><ssdm name="p_pyrLB1_V_data_V"/></StgValue>
</bind>
</comp>

<comp id="44" class="1000" name="p_pyrLB1_V_keep_V">
<pin_list>
<pin id="45" dir="1" index="0" bw="1" slack="0"/>
</pin_list>
<bind>
<StgValue><ssdm name="p_pyrLB1_V_keep_V"/></StgValue>
</bind>
</comp>

<comp id="46" class="1000" name="p_pyrLB1_V_strb_V">
<pin_list>
<pin id="47" dir="1" index="0" bw="1" slack="0"/>
</pin_list>
<bind>
<StgValue><ssdm name="p_pyrLB1_V_strb_V"/></StgValue>
</bind>
</comp>

<comp id="48" class="1000" name="p_pyrLB1_V_user_V">
<pin_list>
<pin id="49" dir="1" index="0" bw="1" slack="0"/>
</pin_list>
<bind>
<StgValue><ssdm name="p_pyrLB1_V_user_V"/></StgValue>
</bind>
</comp>

<comp id="50" class="1000" name="p_pyrLB1_V_last_V">
<pin_list>
<pin id="51" dir="1" index="0" bw="1" slack="0"/>
</pin_list>
<bind>
<StgValue><ssdm name="p_pyrLB1_V_last_V"/></StgValue>
</bind>
</comp>

<comp id="52" class="1000" name="p_pyrLB1_V_id_V">
<pin_list>
<pin id="53" dir="1" index="0" bw="1" slack="0"/>
</pin_list>
<bind>
<StgValue><ssdm name="p_pyrLB1_V_id_V"/></StgValue>
</bind>
</comp>

<comp id="54" class="1000" name="p_pyrLB1_V_dest_V">
<pin_list>
<pin id="55" dir="1" index="0" bw="1" slack="0"/>
</pin_list>
<bind>
<StgValue><ssdm name="p_pyrLB1_V_dest_V"/></StgValue>
</bind>
</comp>

<comp id="56" class="1000" name="p_pyrS0_V_data_V">
<pin_list>
<pin id="57" dir="1" index="0" bw="1" slack="0"/>
</pin_list>
<bind>
<StgValue><ssdm name="p_pyrS0_V_data_V"/></StgValue>
</bind>
</comp>

<comp id="58" class="1000" name="p_pyrS0_V_keep_V">
<pin_list>
<pin id="59" dir="1" index="0" bw="1" slack="0"/>
</pin_list>
<bind>
<StgValue><ssdm name="p_pyrS0_V_keep_V"/></StgValue>
</bind>
</comp>

<comp id="60" class="1000" name="p_pyrS0_V_strb_V">
<pin_list>
<pin id="61" dir="1" index="0" bw="1" slack="0"/>
</pin_list>
<bind>
<StgValue><ssdm name="p_pyrS0_V_strb_V"/></StgValue>
</bind>
</comp>

<comp id="62" class="1000" name="p_pyrS0_V_user_V">
<pin_list>
<pin id="63" dir="1" index="0" bw="1" slack="0"/>
</pin_list>
<bind>
<StgValue><ssdm name="p_pyrS0_V_user_V"/></StgValue>
</bind>
</comp>

<comp id="64" class="1000" name="p_pyrS0_V_last_V">
<pin_list>
<pin id="65" dir="1" index="0" bw="1" slack="0"/>
</pin_list>
<bind>
<StgValue><ssdm name="p_pyrS0_V_last_V"/></StgValue>
</bind>
</comp>

<comp id="66" class="1000" name="p_pyrS0_V_id_V">
<pin_list>
<pin id="67" dir="1" index="0" bw="1" slack="0"/>
</pin_list>
<bind>
<StgValue><ssdm name="p_pyrS0_V_id_V"/></StgValue>
</bind>
</comp>

<comp id="68" class="1000" name="p_pyrS0_V_dest_V">
<pin_list>
<pin id="69" dir="1" index="0" bw="1" slack="0"/>
</pin_list>
<bind>
<StgValue><ssdm name="p_pyrS0_V_dest_V"/></StgValue>
</bind>
</comp>

<comp id="70" class="1000" name="p_pyrS1_V_data_V">
<pin_list>
<pin id="71" dir="1" index="0" bw="1" slack="0"/>
</pin_list>
<bind>
<StgValue><ssdm name="p_pyrS1_V_data_V"/></StgValue>
</bind>
</comp>

<comp id="72" class="1000" name="p_pyrS1_V_keep_V">
<pin_list>
<pin id="73" dir="1" index="0" bw="1" slack="0"/>
</pin_list>
<bind>
<StgValue><ssdm name="p_pyrS1_V_keep_V"/></StgValue>
</bind>
</comp>

<comp id="74" class="1000" name="p_pyrS1_V_strb_V">
<pin_list>
<pin id="75" dir="1" index="0" bw="1" slack="0"/>
</pin_list>
<bind>
<StgValue><ssdm name="p_pyrS1_V_strb_V"/></StgValue>
</bind>
</comp>

<comp id="76" class="1000" name="p_pyrS1_V_user_V">
<pin_list>
<pin id="77" dir="1" index="0" bw="1" slack="0"/>
</pin_list>
<bind>
<StgValue><ssdm name="p_pyrS1_V_user_V"/></StgValue>
</bind>
</comp>

<comp id="78" class="1000" name="p_pyrS1_V_last_V">
<pin_list>
<pin id="79" dir="1" index="0" bw="1" slack="0"/>
</pin_list>
<bind>
<StgValue><ssdm name="p_pyrS1_V_last_V"/></StgValue>
</bind>
</comp>

<comp id="80" class="1000" name="p_pyrS1_V_id_V">
<pin_list>
<pin id="81" dir="1" index="0" bw="1" slack="0"/>
</pin_list>
<bind>
<StgValue><ssdm name="p_pyrS1_V_id_V"/></StgValue>
</bind>
</comp>

<comp id="82" class="1000" name="p_pyrS1_V_dest_V">
<pin_list>
<pin id="83" dir="1" index="0" bw="1" slack="0"/>
</pin_list>
<bind>
<StgValue><ssdm name="p_pyrS1_V_dest_V"/></StgValue>
</bind>
</comp>

<comp id="84" class="1001" name="const_84">
<pin_list>
<pin id="85" dir="1" index="0" bw="1" slack="0"/>
</pin_list>
<bind>
<StgValue><ssdm name=""/></StgValue>
</bind>
</comp>

<comp id="86" class="1001" name="const_86">
<pin_list>
<pin id="87" dir="1" index="0" bw="1" slack="0"/>
</pin_list>
<bind>
<StgValue><ssdm name="Block__proc"/></StgValue>
</bind>
</comp>

<comp id="88" class="1001" name="const_88">
<pin_list>
<pin id="89" dir="1" index="0" bw="1" slack="0"/>
</pin_list>
<bind>
<StgValue><ssdm name="AXIvideo2xfMat84"/></StgValue>
</bind>
</comp>

<comp id="90" class="1001" name="const_90">
<pin_list>
<pin id="91" dir="1" index="0" bw="1" slack="0"/>
</pin_list>
<bind>
<StgValue><ssdm name="AXIvideo2xfMat85"/></StgValue>
</bind>
</comp>

<comp id="92" class="1001" name="const_92">
<pin_list>
<pin id="93" dir="1" index="0" bw="1" slack="0"/>
</pin_list>
<bind>
<StgValue><ssdm name="AXIvideo2xfMat86"/></StgValue>
</bind>
</comp>

<comp id="94" class="1001" name="const_94">
<pin_list>
<pin id="95" dir="1" index="0" bw="1" slack="0"/>
</pin_list>
<bind>
<StgValue><ssdm name="AXIvideo2xfMat"/></StgValue>
</bind>
</comp>

<comp id="96" class="1001" name="const_96">
<pin_list>
<pin id="97" dir="1" index="0" bw="1" slack="0"/>
</pin_list>
<bind>
<StgValue><ssdm name="blendL"/></StgValue>
</bind>
</comp>

<comp id="98" class="1001" name="const_98">
<pin_list>
<pin id="99" dir="1" index="0" bw="1" slack="0"/>
</pin_list>
<bind>
<StgValue><ssdm name="xfMat2AXIvideo87"/></StgValue>
</bind>
</comp>

<comp id="100" class="1001" name="const_100">
<pin_list>
<pin id="101" dir="1" index="0" bw="1" slack="0"/>
</pin_list>
<bind>
<StgValue><ssdm name="xfMat2AXIvideo"/></StgValue>
</bind>
</comp>

<comp id="102" class="1001" name="const_102">
<pin_list>
<pin id="103" dir="1" index="0" bw="1" slack="2147483647"/>
</pin_list>
<bind>
<StgValue><ssdm name="_ssdm_op_SpecDataflowPipeline"/></StgValue>
</bind>
</comp>

<comp id="104" class="1001" name="const_104">
<pin_list>
<pin id="105" dir="1" index="0" bw="1" slack="2147483647"/>
</pin_list>
<bind>
<StgValue><ssdm name=""/></StgValue>
</bind>
</comp>

<comp id="106" class="1001" name="const_106">
<pin_list>
<pin id="107" dir="1" index="0" bw="1" slack="2147483647"/>
</pin_list>
<bind>
<StgValue><ssdm name=""/></StgValue>
</bind>
</comp>

<comp id="108" class="1001" name="const_108">
<pin_list>
<pin id="109" dir="1" index="0" bw="1" slack="2147483647"/>
</pin_list>
<bind>
<StgValue><ssdm name="p_str"/></StgValue>
</bind>
</comp>

<comp id="110" class="1001" name="const_110">
<pin_list>
<pin id="111" dir="1" index="0" bw="1" slack="2147483647"/>
</pin_list>
<bind>
<StgValue><ssdm name="_ssdm_op_SpecBitsMap"/></StgValue>
</bind>
</comp>

<comp id="112" class="1001" name="const_112">
<pin_list>
<pin id="113" dir="1" index="0" bw="1" slack="2147483647"/>
</pin_list>
<bind>
<StgValue><ssdm name="_ssdm_op_SpecTopModule"/></StgValue>
</bind>
</comp>

<comp id="114" class="1001" name="const_114">
<pin_list>
<pin id="115" dir="1" index="0" bw="1" slack="2147483647"/>
</pin_list>
<bind>
<StgValue><ssdm name="blendTop_str"/></StgValue>
</bind>
</comp>

<comp id="116" class="1001" name="const_116">
<pin_list>
<pin id="117" dir="1" index="0" bw="1" slack="2147483647"/>
</pin_list>
<bind>
<StgValue><ssdm name="_ssdm_op_SpecChannel"/></StgValue>
</bind>
</comp>

<comp id="118" class="1001" name="const_118">
<pin_list>
<pin id="119" dir="1" index="0" bw="1" slack="2147483647"/>
</pin_list>
<bind>
<StgValue><ssdm name="pyrLA0_OC_data_OC_V_s"/></StgValue>
</bind>
</comp>

<comp id="120" class="1001" name="const_120">
<pin_list>
<pin id="121" dir="1" index="0" bw="1" slack="2147483647"/>
</pin_list>
<bind>
<StgValue><ssdm name=""/></StgValue>
</bind>
</comp>

<comp id="122" class="1001" name="const_122">
<pin_list>
<pin id="123" dir="1" index="0" bw="1" slack="2147483647"/>
</pin_list>
<bind>
<StgValue><ssdm name=""/></StgValue>
</bind>
</comp>

<comp id="124" class="1001" name="const_124">
<pin_list>
<pin id="125" dir="1" index="0" bw="1" slack="2147483647"/>
</pin_list>
<bind>
<StgValue><ssdm name="_ssdm_op_SpecInterface"/></StgValue>
</bind>
</comp>

<comp id="126" class="1001" name="const_126">
<pin_list>
<pin id="127" dir="1" index="0" bw="1" slack="2147483647"/>
</pin_list>
<bind>
<StgValue><ssdm name="ap_fifo_str"/></StgValue>
</bind>
</comp>

<comp id="128" class="1001" name="const_128">
<pin_list>
<pin id="129" dir="1" index="0" bw="1" slack="2147483647"/>
</pin_list>
<bind>
<StgValue><ssdm name=""/></StgValue>
</bind>
</comp>

<comp id="130" class="1001" name="const_130">
<pin_list>
<pin id="131" dir="1" index="0" bw="1" slack="2147483647"/>
</pin_list>
<bind>
<StgValue><ssdm name=""/></StgValue>
</bind>
</comp>

<comp id="132" class="1001" name="const_132">
<pin_list>
<pin id="133" dir="1" index="0" bw="1" slack="2147483647"/>
</pin_list>
<bind>
<StgValue><ssdm name="pyrLA1_OC_data_OC_V_s"/></StgValue>
</bind>
</comp>

<comp id="134" class="1001" name="const_134">
<pin_list>
<pin id="135" dir="1" index="0" bw="1" slack="2147483647"/>
</pin_list>
<bind>
<StgValue><ssdm name="pyrLB0_OC_data_OC_V_s"/></StgValue>
</bind>
</comp>

<comp id="136" class="1001" name="const_136">
<pin_list>
<pin id="137" dir="1" index="0" bw="1" slack="2147483647"/>
</pin_list>
<bind>
<StgValue><ssdm name="pyrLB1_OC_data_OC_V_s"/></StgValue>
</bind>
</comp>

<comp id="138" class="1001" name="const_138">
<pin_list>
<pin id="139" dir="1" index="0" bw="1" slack="2147483647"/>
</pin_list>
<bind>
<StgValue><ssdm name="pyrS0_OC_data_OC_V_O"/></StgValue>
</bind>
</comp>

<comp id="140" class="1001" name="const_140">
<pin_list>
<pin id="141" dir="1" index="0" bw="1" slack="2147483647"/>
</pin_list>
<bind>
<StgValue><ssdm name="pyrS1_OC_data_OC_V_O"/></StgValue>
</bind>
</comp>

<comp id="142" class="1001" name="const_142">
<pin_list>
<pin id="143" dir="1" index="0" bw="1" slack="2147483647"/>
</pin_list>
<bind>
<StgValue><ssdm name="p_str1"/></StgValue>
</bind>
</comp>

<comp id="144" class="1001" name="const_144">
<pin_list>
<pin id="145" dir="1" index="0" bw="1" slack="2147483647"/>
</pin_list>
<bind>
<StgValue><ssdm name="p_str2"/></StgValue>
</bind>
</comp>

<comp id="146" class="1001" name="const_146">
<pin_list>
<pin id="147" dir="1" index="0" bw="1" slack="2147483647"/>
</pin_list>
<bind>
<StgValue><ssdm name="pyrLA0_OC_rows_c_str"/></StgValue>
</bind>
</comp>

<comp id="148" class="1001" name="const_148">
<pin_list>
<pin id="149" dir="1" index="0" bw="1" slack="2147483647"/>
</pin_list>
<bind>
<StgValue><ssdm name="pyrLA0_OC_cols_c_str"/></StgValue>
</bind>
</comp>

<comp id="150" class="1001" name="const_150">
<pin_list>
<pin id="151" dir="1" index="0" bw="1" slack="2147483647"/>
</pin_list>
<bind>
<StgValue><ssdm name="pyrLA1_OC_rows_c_str"/></StgValue>
</bind>
</comp>

<comp id="152" class="1001" name="const_152">
<pin_list>
<pin id="153" dir="1" index="0" bw="1" slack="2147483647"/>
</pin_list>
<bind>
<StgValue><ssdm name="pyrLA1_OC_rows_c4_st"/></StgValue>
</bind>
</comp>

<comp id="154" class="1001" name="const_154">
<pin_list>
<pin id="155" dir="1" index="0" bw="1" slack="2147483647"/>
</pin_list>
<bind>
<StgValue><ssdm name=""/></StgValue>
</bind>
</comp>

<comp id="156" class="1001" name="const_156">
<pin_list>
<pin id="157" dir="1" index="0" bw="1" slack="2147483647"/>
</pin_list>
<bind>
<StgValue><ssdm name="pyrLA1_OC_cols_c_str"/></StgValue>
</bind>
</comp>

<comp id="158" class="1001" name="const_158">
<pin_list>
<pin id="159" dir="1" index="0" bw="1" slack="2147483647"/>
</pin_list>
<bind>
<StgValue><ssdm name="pyrLA1_OC_cols_c5_st"/></StgValue>
</bind>
</comp>

<comp id="160" class="1001" name="const_160">
<pin_list>
<pin id="161" dir="1" index="0" bw="1" slack="2147483647"/>
</pin_list>
<bind>
<StgValue><ssdm name="pyrLA0_OC_rows_c6_st"/></StgValue>
</bind>
</comp>

<comp id="162" class="1001" name="const_162">
<pin_list>
<pin id="163" dir="1" index="0" bw="1" slack="2147483647"/>
</pin_list>
<bind>
<StgValue><ssdm name="pyrLA0_OC_cols_c7_st"/></StgValue>
</bind>
</comp>

<comp id="164" class="1004" name="pyrLA0_cols_c7_fu_164">
<pin_list>
<pin id="165" dir="0" index="0" bw="1" slack="0"/>
<pin id="166" dir="1" index="1" bw="11" slack="1"/>
</pin_list>
<bind>
<opcode="alloca(26) " fcode="alloca"/>
<opset="pyrLA0_cols_c7/1 "/>
</bind>
</comp>

<comp id="168" class="1004" name="pyrLA0_rows_c6_fu_168">
<pin_list>
<pin id="169" dir="0" index="0" bw="1" slack="0"/>
<pin id="170" dir="1" index="1" bw="10" slack="1"/>
</pin_list>
<bind>
<opcode="alloca(26) " fcode="alloca"/>
<opset="pyrLA0_rows_c6/1 "/>
</bind>
</comp>

<comp id="172" class="1004" name="pyrLA1_cols_c5_fu_172">
<pin_list>
<pin id="173" dir="0" index="0" bw="1" slack="0"/>
<pin id="174" dir="1" index="1" bw="10" slack="0"/>
</pin_list>
<bind>
<opcode="alloca(26) " fcode="alloca"/>
<opset="pyrLA1_cols_c5/1 "/>
</bind>
</comp>

<comp id="176" class="1004" name="pyrLA1_cols_c_fu_176">
<pin_list>
<pin id="177" dir="0" index="0" bw="1" slack="0"/>
<pin id="178" dir="1" index="1" bw="10" slack="0"/>
</pin_list>
<bind>
<opcode="alloca(26) " fcode="alloca"/>
<opset="pyrLA1_cols_c/1 "/>
</bind>
</comp>

<comp id="180" class="1004" name="pyrLA1_rows_c4_fu_180">
<pin_list>
<pin id="181" dir="0" index="0" bw="1" slack="0"/>
<pin id="182" dir="1" index="1" bw="9" slack="0"/>
</pin_list>
<bind>
<opcode="alloca(26) " fcode="alloca"/>
<opset="pyrLA1_rows_c4/1 "/>
</bind>
</comp>

<comp id="184" class="1004" name="pyrLA1_rows_c_fu_184">
<pin_list>
<pin id="185" dir="0" index="0" bw="1" slack="0"/>
<pin id="186" dir="1" index="1" bw="9" slack="0"/>
</pin_list>
<bind>
<opcode="alloca(26) " fcode="alloca"/>
<opset="pyrLA1_rows_c/1 "/>
</bind>
</comp>

<comp id="188" class="1004" name="pyrLA0_cols_c_fu_188">
<pin_list>
<pin id="189" dir="0" index="0" bw="1" slack="0"/>
<pin id="190" dir="1" index="1" bw="11" slack="0"/>
</pin_list>
<bind>
<opcode="alloca(26) " fcode="alloca"/>
<opset="pyrLA0_cols_c/1 "/>
</bind>
</comp>

<comp id="192" class="1004" name="pyrLA0_rows_c_fu_192">
<pin_list>
<pin id="193" dir="0" index="0" bw="1" slack="0"/>
<pin id="194" dir="1" index="1" bw="10" slack="0"/>
</pin_list>
<bind>
<opcode="alloca(26) " fcode="alloca"/>
<opset="pyrLA0_rows_c/1 "/>
</bind>
</comp>

<comp id="196" class="1004" name="pyrLA0_data_V_fu_196">
<pin_list>
<pin id="197" dir="0" index="0" bw="1" slack="0"/>
<pin id="198" dir="1" index="1" bw="8" slack="1"/>
</pin_list>
<bind>
<opcode="alloca(26) " fcode="alloca"/>
<opset="pyrLA0_data_V/1 "/>
</bind>
</comp>

<comp id="200" class="1004" name="pyrLA1_data_V_fu_200">
<pin_list>
<pin id="201" dir="0" index="0" bw="1" slack="0"/>
<pin id="202" dir="1" index="1" bw="8" slack="1"/>
</pin_list>
<bind>
<opcode="alloca(26) " fcode="alloca"/>
<opset="pyrLA1_data_V/1 "/>
</bind>
</comp>

<comp id="204" class="1004" name="pyrLB0_data_V_fu_204">
<pin_list>
<pin id="205" dir="0" index="0" bw="1" slack="0"/>
<pin id="206" dir="1" index="1" bw="8" slack="1"/>
</pin_list>
<bind>
<opcode="alloca(26) " fcode="alloca"/>
<opset="pyrLB0_data_V/1 "/>
</bind>
</comp>

<comp id="208" class="1004" name="pyrLB1_data_V_fu_208">
<pin_list>
<pin id="209" dir="0" index="0" bw="1" slack="0"/>
<pin id="210" dir="1" index="1" bw="8" slack="1"/>
</pin_list>
<bind>
<opcode="alloca(26) " fcode="alloca"/>
<opset="pyrLB1_data_V/1 "/>
</bind>
</comp>

<comp id="212" class="1004" name="pyrS0_data_V_fu_212">
<pin_list>
<pin id="213" dir="0" index="0" bw="1" slack="0"/>
<pin id="214" dir="1" index="1" bw="8" slack="3"/>
</pin_list>
<bind>
<opcode="alloca(26) " fcode="alloca"/>
<opset="pyrS0_data_V/1 "/>
</bind>
</comp>

<comp id="216" class="1004" name="pyrS1_data_V_fu_216">
<pin_list>
<pin id="217" dir="0" index="0" bw="1" slack="0"/>
<pin id="218" dir="1" index="1" bw="8" slack="3"/>
</pin_list>
<bind>
<opcode="alloca(26) " fcode="alloca"/>
<opset="pyrS1_data_V/1 "/>
</bind>
</comp>

<comp id="220" class="1004" name="grp_blendL_fu_220">
<pin_list>
<pin id="221" dir="0" index="0" bw="0" slack="0"/>
<pin id="222" dir="0" index="1" bw="10" slack="3"/>
<pin id="223" dir="0" index="2" bw="11" slack="3"/>
<pin id="224" dir="0" index="3" bw="8" slack="3"/>
<pin id="225" dir="0" index="4" bw="9" slack="3"/>
<pin id="226" dir="0" index="5" bw="10" slack="3"/>
<pin id="227" dir="0" index="6" bw="8" slack="3"/>
<pin id="228" dir="0" index="7" bw="8" slack="3"/>
<pin id="229" dir="0" index="8" bw="8" slack="3"/>
<pin id="230" dir="0" index="9" bw="8" slack="3"/>
<pin id="231" dir="0" index="10" bw="8" slack="3"/>
<pin id="232" dir="1" index="11" bw="0" slack="2147483647"/>
</pin_list>
<bind>
<opcode="call(48) " fcode="call"/>
<opset="call_ln58/4 "/>
</bind>
</comp>

<comp id="234" class="1004" name="grp_xfMat2AXIvideo87_fu_234">
<pin_list>
<pin id="235" dir="0" index="0" bw="0" slack="0"/>
<pin id="236" dir="0" index="1" bw="8" slack="5"/>
<pin id="237" dir="0" index="2" bw="8" slack="0"/>
<pin id="238" dir="0" index="3" bw="1" slack="0"/>
<pin id="239" dir="0" index="4" bw="1" slack="0"/>
<pin id="240" dir="0" index="5" bw="1" slack="0"/>
<pin id="241" dir="0" index="6" bw="1" slack="0"/>
<pin id="242" dir="0" index="7" bw="1" slack="0"/>
<pin id="243" dir="0" index="8" bw="1" slack="0"/>
<pin id="244" dir="1" index="9" bw="0" slack="2147483647"/>
</pin_list>
<bind>
<opcode="call(48) " fcode="call"/>
<opset="call_ln60/6 "/>
</bind>
</comp>

<comp id="253" class="1004" name="grp_AXIvideo2xfMat86_fu_253">
<pin_list>
<pin id="254" dir="0" index="0" bw="0" slack="0"/>
<pin id="255" dir="0" index="1" bw="8" slack="0"/>
<pin id="256" dir="0" index="2" bw="1" slack="0"/>
<pin id="257" dir="0" index="3" bw="1" slack="0"/>
<pin id="258" dir="0" index="4" bw="1" slack="0"/>
<pin id="259" dir="0" index="5" bw="1" slack="0"/>
<pin id="260" dir="0" index="6" bw="1" slack="0"/>
<pin id="261" dir="0" index="7" bw="1" slack="0"/>
<pin id="262" dir="0" index="8" bw="8" slack="1"/>
<pin id="263" dir="1" index="9" bw="0" slack="2147483647"/>
</pin_list>
<bind>
<opcode="call(48) " fcode="call"/>
<opset="call_ln55/2 "/>
</bind>
</comp>

<comp id="272" class="1004" name="grp_xfMat2AXIvideo_fu_272">
<pin_list>
<pin id="273" dir="0" index="0" bw="0" slack="0"/>
<pin id="274" dir="0" index="1" bw="8" slack="5"/>
<pin id="275" dir="0" index="2" bw="8" slack="0"/>
<pin id="276" dir="0" index="3" bw="1" slack="0"/>
<pin id="277" dir="0" index="4" bw="1" slack="0"/>
<pin id="278" dir="0" index="5" bw="1" slack="0"/>
<pin id="279" dir="0" index="6" bw="1" slack="0"/>
<pin id="280" dir="0" index="7" bw="1" slack="0"/>
<pin id="281" dir="0" index="8" bw="1" slack="0"/>
<pin id="282" dir="1" index="9" bw="0" slack="2147483647"/>
</pin_list>
<bind>
<opcode="call(48) " fcode="call"/>
<opset="call_ln61/6 "/>
</bind>
</comp>

<comp id="291" class="1004" name="grp_AXIvideo2xfMat_fu_291">
<pin_list>
<pin id="292" dir="0" index="0" bw="0" slack="0"/>
<pin id="293" dir="0" index="1" bw="8" slack="0"/>
<pin id="294" dir="0" index="2" bw="1" slack="0"/>
<pin id="295" dir="0" index="3" bw="1" slack="0"/>
<pin id="296" dir="0" index="4" bw="1" slack="0"/>
<pin id="297" dir="0" index="5" bw="1" slack="0"/>
<pin id="298" dir="0" index="6" bw="1" slack="0"/>
<pin id="299" dir="0" index="7" bw="1" slack="0"/>
<pin id="300" dir="0" index="8" bw="8" slack="1"/>
<pin id="301" dir="1" index="9" bw="0" slack="2147483647"/>
</pin_list>
<bind>
<opcode="call(48) " fcode="call"/>
<opset="call_ln56/2 "/>
</bind>
</comp>

<comp id="310" class="1004" name="grp_AXIvideo2xfMat84_fu_310">
<pin_list>
<pin id="311" dir="0" index="0" bw="0" slack="0"/>
<pin id="312" dir="0" index="1" bw="8" slack="0"/>
<pin id="313" dir="0" index="2" bw="1" slack="0"/>
<pin id="314" dir="0" index="3" bw="1" slack="0"/>
<pin id="315" dir="0" index="4" bw="1" slack="0"/>
<pin id="316" dir="0" index="5" bw="1" slack="0"/>
<pin id="317" dir="0" index="6" bw="1" slack="0"/>
<pin id="318" dir="0" index="7" bw="1" slack="0"/>
<pin id="319" dir="0" index="8" bw="10" slack="1"/>
<pin id="320" dir="0" index="9" bw="11" slack="1"/>
<pin id="321" dir="0" index="10" bw="8" slack="1"/>
<pin id="322" dir="0" index="11" bw="10" slack="1"/>
<pin id="323" dir="0" index="12" bw="11" slack="1"/>
<pin id="324" dir="1" index="13" bw="0" slack="2147483647"/>
</pin_list>
<bind>
<opcode="call(48) " fcode="call"/>
<opset="call_ln53/2 "/>
</bind>
</comp>

<comp id="333" class="1004" name="grp_AXIvideo2xfMat85_fu_333">
<pin_list>
<pin id="334" dir="0" index="0" bw="0" slack="0"/>
<pin id="335" dir="0" index="1" bw="8" slack="0"/>
<pin id="336" dir="0" index="2" bw="1" slack="0"/>
<pin id="337" dir="0" index="3" bw="1" slack="0"/>
<pin id="338" dir="0" index="4" bw="1" slack="0"/>
<pin id="339" dir="0" index="5" bw="1" slack="0"/>
<pin id="340" dir="0" index="6" bw="1" slack="0"/>
<pin id="341" dir="0" index="7" bw="1" slack="0"/>
<pin id="342" dir="0" index="8" bw="9" slack="1"/>
<pin id="343" dir="0" index="9" bw="10" slack="1"/>
<pin id="344" dir="0" index="10" bw="8" slack="1"/>
<pin id="345" dir="1" index="11" bw="0" slack="2147483647"/>
</pin_list>
<bind>
<opcode="call(48) " fcode="call"/>
<opset="call_ln54/2 "/>
</bind>
</comp>

<comp id="354" class="1004" name="call_ln0_Block_proc_fu_354">
<pin_list>
<pin id="355" dir="0" index="0" bw="0" slack="0"/>
<pin id="356" dir="0" index="1" bw="10" slack="0"/>
<pin id="357" dir="0" index="2" bw="11" slack="0"/>
<pin id="358" dir="0" index="3" bw="9" slack="0"/>
<pin id="359" dir="0" index="4" bw="9" slack="0"/>
<pin id="360" dir="0" index="5" bw="10" slack="0"/>
<pin id="361" dir="0" index="6" bw="10" slack="0"/>
<pin id="362" dir="1" index="7" bw="0" slack="2147483647"/>
</pin_list>
<bind>
<opcode="call(48) " fcode="call"/>
<opset="call_ln0/1 "/>
</bind>
</comp>

<comp id="364" class="1005" name="pyrLA0_cols_c7_reg_364">
<pin_list>
<pin id="365" dir="0" index="0" bw="11" slack="1"/>
<pin id="366" dir="1" index="1" bw="11" slack="1"/>
</pin_list>
<bind>
<opset="pyrLA0_cols_c7 "/>
</bind>
</comp>

<comp id="370" class="1005" name="pyrLA0_rows_c6_reg_370">
<pin_list>
<pin id="371" dir="0" index="0" bw="10" slack="1"/>
<pin id="372" dir="1" index="1" bw="10" slack="1"/>
</pin_list>
<bind>
<opset="pyrLA0_rows_c6 "/>
</bind>
</comp>

<comp id="376" class="1005" name="pyrLA1_cols_c5_reg_376">
<pin_list>
<pin id="377" dir="0" index="0" bw="10" slack="0"/>
<pin id="378" dir="1" index="1" bw="10" slack="0"/>
</pin_list>
<bind>
<opset="pyrLA1_cols_c5 "/>
</bind>
</comp>

<comp id="382" class="1005" name="pyrLA1_cols_c_reg_382">
<pin_list>
<pin id="383" dir="0" index="0" bw="10" slack="0"/>
<pin id="384" dir="1" index="1" bw="10" slack="0"/>
</pin_list>
<bind>
<opset="pyrLA1_cols_c "/>
</bind>
</comp>

<comp id="388" class="1005" name="pyrLA1_rows_c4_reg_388">
<pin_list>
<pin id="389" dir="0" index="0" bw="9" slack="0"/>
<pin id="390" dir="1" index="1" bw="9" slack="0"/>
</pin_list>
<bind>
<opset="pyrLA1_rows_c4 "/>
</bind>
</comp>

<comp id="394" class="1005" name="pyrLA1_rows_c_reg_394">
<pin_list>
<pin id="395" dir="0" index="0" bw="9" slack="0"/>
<pin id="396" dir="1" index="1" bw="9" slack="0"/>
</pin_list>
<bind>
<opset="pyrLA1_rows_c "/>
</bind>
</comp>

<comp id="400" class="1005" name="pyrLA0_cols_c_reg_400">
<pin_list>
<pin id="401" dir="0" index="0" bw="11" slack="0"/>
<pin id="402" dir="1" index="1" bw="11" slack="0"/>
</pin_list>
<bind>
<opset="pyrLA0_cols_c "/>
</bind>
</comp>

<comp id="406" class="1005" name="pyrLA0_rows_c_reg_406">
<pin_list>
<pin id="407" dir="0" index="0" bw="10" slack="0"/>
<pin id="408" dir="1" index="1" bw="10" slack="0"/>
</pin_list>
<bind>
<opset="pyrLA0_rows_c "/>
</bind>
</comp>

<comp id="412" class="1005" name="pyrLA0_data_V_reg_412">
<pin_list>
<pin id="413" dir="0" index="0" bw="8" slack="1"/>
<pin id="414" dir="1" index="1" bw="8" slack="1"/>
</pin_list>
<bind>
<opset="pyrLA0_data_V "/>
</bind>
</comp>

<comp id="418" class="1005" name="pyrLA1_data_V_reg_418">
<pin_list>
<pin id="419" dir="0" index="0" bw="8" slack="1"/>
<pin id="420" dir="1" index="1" bw="8" slack="1"/>
</pin_list>
<bind>
<opset="pyrLA1_data_V "/>
</bind>
</comp>

<comp id="424" class="1005" name="pyrLB0_data_V_reg_424">
<pin_list>
<pin id="425" dir="0" index="0" bw="8" slack="1"/>
<pin id="426" dir="1" index="1" bw="8" slack="1"/>
</pin_list>
<bind>
<opset="pyrLB0_data_V "/>
</bind>
</comp>

<comp id="430" class="1005" name="pyrLB1_data_V_reg_430">
<pin_list>
<pin id="431" dir="0" index="0" bw="8" slack="1"/>
<pin id="432" dir="1" index="1" bw="8" slack="1"/>
</pin_list>
<bind>
<opset="pyrLB1_data_V "/>
</bind>
</comp>

<comp id="436" class="1005" name="pyrS0_data_V_reg_436">
<pin_list>
<pin id="437" dir="0" index="0" bw="8" slack="3"/>
<pin id="438" dir="1" index="1" bw="8" slack="3"/>
</pin_list>
<bind>
<opset="pyrS0_data_V "/>
</bind>
</comp>

<comp id="442" class="1005" name="pyrS1_data_V_reg_442">
<pin_list>
<pin id="443" dir="0" index="0" bw="8" slack="3"/>
<pin id="444" dir="1" index="1" bw="8" slack="3"/>
</pin_list>
<bind>
<opset="pyrS1_data_V "/>
</bind>
</comp>

</comp_list>

<net_list>
<net id="167"><net_src comp="84" pin="0"/><net_sink comp="164" pin=0"/></net>

<net id="171"><net_src comp="84" pin="0"/><net_sink comp="168" pin=0"/></net>

<net id="175"><net_src comp="84" pin="0"/><net_sink comp="172" pin=0"/></net>

<net id="179"><net_src comp="84" pin="0"/><net_sink comp="176" pin=0"/></net>

<net id="183"><net_src comp="84" pin="0"/><net_sink comp="180" pin=0"/></net>

<net id="187"><net_src comp="84" pin="0"/><net_sink comp="184" pin=0"/></net>

<net id="191"><net_src comp="84" pin="0"/><net_sink comp="188" pin=0"/></net>

<net id="195"><net_src comp="84" pin="0"/><net_sink comp="192" pin=0"/></net>

<net id="199"><net_src comp="84" pin="0"/><net_sink comp="196" pin=0"/></net>

<net id="203"><net_src comp="84" pin="0"/><net_sink comp="200" pin=0"/></net>

<net id="207"><net_src comp="84" pin="0"/><net_sink comp="204" pin=0"/></net>

<net id="211"><net_src comp="84" pin="0"/><net_sink comp="208" pin=0"/></net>

<net id="215"><net_src comp="84" pin="0"/><net_sink comp="212" pin=0"/></net>

<net id="219"><net_src comp="84" pin="0"/><net_sink comp="216" pin=0"/></net>

<net id="233"><net_src comp="96" pin="0"/><net_sink comp="220" pin=0"/></net>

<net id="245"><net_src comp="98" pin="0"/><net_sink comp="234" pin=0"/></net>

<net id="246"><net_src comp="56" pin="0"/><net_sink comp="234" pin=2"/></net>

<net id="247"><net_src comp="58" pin="0"/><net_sink comp="234" pin=3"/></net>

<net id="248"><net_src comp="60" pin="0"/><net_sink comp="234" pin=4"/></net>

<net id="249"><net_src comp="62" pin="0"/><net_sink comp="234" pin=5"/></net>

<net id="250"><net_src comp="64" pin="0"/><net_sink comp="234" pin=6"/></net>

<net id="251"><net_src comp="66" pin="0"/><net_sink comp="234" pin=7"/></net>

<net id="252"><net_src comp="68" pin="0"/><net_sink comp="234" pin=8"/></net>

<net id="264"><net_src comp="92" pin="0"/><net_sink comp="253" pin=0"/></net>

<net id="265"><net_src comp="28" pin="0"/><net_sink comp="253" pin=1"/></net>

<net id="266"><net_src comp="30" pin="0"/><net_sink comp="253" pin=2"/></net>

<net id="267"><net_src comp="32" pin="0"/><net_sink comp="253" pin=3"/></net>

<net id="268"><net_src comp="34" pin="0"/><net_sink comp="253" pin=4"/></net>

<net id="269"><net_src comp="36" pin="0"/><net_sink comp="253" pin=5"/></net>

<net id="270"><net_src comp="38" pin="0"/><net_sink comp="253" pin=6"/></net>

<net id="271"><net_src comp="40" pin="0"/><net_sink comp="253" pin=7"/></net>

<net id="283"><net_src comp="100" pin="0"/><net_sink comp="272" pin=0"/></net>

<net id="284"><net_src comp="70" pin="0"/><net_sink comp="272" pin=2"/></net>

<net id="285"><net_src comp="72" pin="0"/><net_sink comp="272" pin=3"/></net>

<net id="286"><net_src comp="74" pin="0"/><net_sink comp="272" pin=4"/></net>

<net id="287"><net_src comp="76" pin="0"/><net_sink comp="272" pin=5"/></net>

<net id="288"><net_src comp="78" pin="0"/><net_sink comp="272" pin=6"/></net>

<net id="289"><net_src comp="80" pin="0"/><net_sink comp="272" pin=7"/></net>

<net id="290"><net_src comp="82" pin="0"/><net_sink comp="272" pin=8"/></net>

<net id="302"><net_src comp="94" pin="0"/><net_sink comp="291" pin=0"/></net>

<net id="303"><net_src comp="42" pin="0"/><net_sink comp="291" pin=1"/></net>

<net id="304"><net_src comp="44" pin="0"/><net_sink comp="291" pin=2"/></net>

<net id="305"><net_src comp="46" pin="0"/><net_sink comp="291" pin=3"/></net>

<net id="306"><net_src comp="48" pin="0"/><net_sink comp="291" pin=4"/></net>

<net id="307"><net_src comp="50" pin="0"/><net_sink comp="291" pin=5"/></net>

<net id="308"><net_src comp="52" pin="0"/><net_sink comp="291" pin=6"/></net>

<net id="309"><net_src comp="54" pin="0"/><net_sink comp="291" pin=7"/></net>

<net id="325"><net_src comp="88" pin="0"/><net_sink comp="310" pin=0"/></net>

<net id="326"><net_src comp="0" pin="0"/><net_sink comp="310" pin=1"/></net>

<net id="327"><net_src comp="2" pin="0"/><net_sink comp="310" pin=2"/></net>

<net id="328"><net_src comp="4" pin="0"/><net_sink comp="310" pin=3"/></net>

<net id="329"><net_src comp="6" pin="0"/><net_sink comp="310" pin=4"/></net>

<net id="330"><net_src comp="8" pin="0"/><net_sink comp="310" pin=5"/></net>

<net id="331"><net_src comp="10" pin="0"/><net_sink comp="310" pin=6"/></net>

<net id="332"><net_src comp="12" pin="0"/><net_sink comp="310" pin=7"/></net>

<net id="346"><net_src comp="90" pin="0"/><net_sink comp="333" pin=0"/></net>

<net id="347"><net_src comp="14" pin="0"/><net_sink comp="333" pin=1"/></net>

<net id="348"><net_src comp="16" pin="0"/><net_sink comp="333" pin=2"/></net>

<net id="349"><net_src comp="18" pin="0"/><net_sink comp="333" pin=3"/></net>

<net id="350"><net_src comp="20" pin="0"/><net_sink comp="333" pin=4"/></net>

<net id="351"><net_src comp="22" pin="0"/><net_sink comp="333" pin=5"/></net>

<net id="352"><net_src comp="24" pin="0"/><net_sink comp="333" pin=6"/></net>

<net id="353"><net_src comp="26" pin="0"/><net_sink comp="333" pin=7"/></net>

<net id="363"><net_src comp="86" pin="0"/><net_sink comp="354" pin=0"/></net>

<net id="367"><net_src comp="164" pin="1"/><net_sink comp="364" pin=0"/></net>

<net id="368"><net_src comp="364" pin="1"/><net_sink comp="310" pin=12"/></net>

<net id="369"><net_src comp="364" pin="1"/><net_sink comp="220" pin=2"/></net>

<net id="373"><net_src comp="168" pin="1"/><net_sink comp="370" pin=0"/></net>

<net id="374"><net_src comp="370" pin="1"/><net_sink comp="310" pin=11"/></net>

<net id="375"><net_src comp="370" pin="1"/><net_sink comp="220" pin=1"/></net>

<net id="379"><net_src comp="172" pin="1"/><net_sink comp="376" pin=0"/></net>

<net id="380"><net_src comp="376" pin="1"/><net_sink comp="354" pin=6"/></net>

<net id="381"><net_src comp="376" pin="1"/><net_sink comp="220" pin=5"/></net>

<net id="385"><net_src comp="176" pin="1"/><net_sink comp="382" pin=0"/></net>

<net id="386"><net_src comp="382" pin="1"/><net_sink comp="354" pin=5"/></net>

<net id="387"><net_src comp="382" pin="1"/><net_sink comp="333" pin=9"/></net>

<net id="391"><net_src comp="180" pin="1"/><net_sink comp="388" pin=0"/></net>

<net id="392"><net_src comp="388" pin="1"/><net_sink comp="354" pin=4"/></net>

<net id="393"><net_src comp="388" pin="1"/><net_sink comp="220" pin=4"/></net>

<net id="397"><net_src comp="184" pin="1"/><net_sink comp="394" pin=0"/></net>

<net id="398"><net_src comp="394" pin="1"/><net_sink comp="354" pin=3"/></net>

<net id="399"><net_src comp="394" pin="1"/><net_sink comp="333" pin=8"/></net>

<net id="403"><net_src comp="188" pin="1"/><net_sink comp="400" pin=0"/></net>

<net id="404"><net_src comp="400" pin="1"/><net_sink comp="354" pin=2"/></net>

<net id="405"><net_src comp="400" pin="1"/><net_sink comp="310" pin=9"/></net>

<net id="409"><net_src comp="192" pin="1"/><net_sink comp="406" pin=0"/></net>

<net id="410"><net_src comp="406" pin="1"/><net_sink comp="354" pin=1"/></net>

<net id="411"><net_src comp="406" pin="1"/><net_sink comp="310" pin=8"/></net>

<net id="415"><net_src comp="196" pin="1"/><net_sink comp="412" pin=0"/></net>

<net id="416"><net_src comp="412" pin="1"/><net_sink comp="310" pin=10"/></net>

<net id="417"><net_src comp="412" pin="1"/><net_sink comp="220" pin=3"/></net>

<net id="421"><net_src comp="200" pin="1"/><net_sink comp="418" pin=0"/></net>

<net id="422"><net_src comp="418" pin="1"/><net_sink comp="333" pin=10"/></net>

<net id="423"><net_src comp="418" pin="1"/><net_sink comp="220" pin=6"/></net>

<net id="427"><net_src comp="204" pin="1"/><net_sink comp="424" pin=0"/></net>

<net id="428"><net_src comp="424" pin="1"/><net_sink comp="253" pin=8"/></net>

<net id="429"><net_src comp="424" pin="1"/><net_sink comp="220" pin=7"/></net>

<net id="433"><net_src comp="208" pin="1"/><net_sink comp="430" pin=0"/></net>

<net id="434"><net_src comp="430" pin="1"/><net_sink comp="291" pin=8"/></net>

<net id="435"><net_src comp="430" pin="1"/><net_sink comp="220" pin=8"/></net>

<net id="439"><net_src comp="212" pin="1"/><net_sink comp="436" pin=0"/></net>

<net id="440"><net_src comp="436" pin="1"/><net_sink comp="220" pin=9"/></net>

<net id="441"><net_src comp="436" pin="1"/><net_sink comp="234" pin=1"/></net>

<net id="445"><net_src comp="216" pin="1"/><net_sink comp="442" pin=0"/></net>

<net id="446"><net_src comp="442" pin="1"/><net_sink comp="220" pin=10"/></net>

<net id="447"><net_src comp="442" pin="1"/><net_sink comp="272" pin=1"/></net>

</net_list>

</model> 
---------------- Datapath Model END ------------------

* FSMD analyzer results:
  - Output states:
	Port: p_pyrS0_V_data_V | {6 7 }
	Port: p_pyrS0_V_keep_V | {6 7 }
	Port: p_pyrS0_V_strb_V | {6 7 }
	Port: p_pyrS0_V_user_V | {6 7 }
	Port: p_pyrS0_V_last_V | {6 7 }
	Port: p_pyrS0_V_id_V | {6 7 }
	Port: p_pyrS0_V_dest_V | {6 7 }
	Port: p_pyrS1_V_data_V | {6 7 }
	Port: p_pyrS1_V_keep_V | {6 7 }
	Port: p_pyrS1_V_strb_V | {6 7 }
	Port: p_pyrS1_V_user_V | {6 7 }
	Port: p_pyrS1_V_last_V | {6 7 }
	Port: p_pyrS1_V_id_V | {6 7 }
	Port: p_pyrS1_V_dest_V | {6 7 }
 - Input state : 
	Port: blendTop : p_pyrLA0_V_data_V | {2 3 }
	Port: blendTop : p_pyrLA0_V_keep_V | {2 3 }
	Port: blendTop : p_pyrLA0_V_strb_V | {2 3 }
	Port: blendTop : p_pyrLA0_V_user_V | {2 3 }
	Port: blendTop : p_pyrLA0_V_last_V | {2 3 }
	Port: blendTop : p_pyrLA0_V_id_V | {2 3 }
	Port: blendTop : p_pyrLA0_V_dest_V | {2 3 }
	Port: blendTop : p_pyrLA1_V_data_V | {2 3 }
	Port: blendTop : p_pyrLA1_V_keep_V | {2 3 }
	Port: blendTop : p_pyrLA1_V_strb_V | {2 3 }
	Port: blendTop : p_pyrLA1_V_user_V | {2 3 }
	Port: blendTop : p_pyrLA1_V_last_V | {2 3 }
	Port: blendTop : p_pyrLA1_V_id_V | {2 3 }
	Port: blendTop : p_pyrLA1_V_dest_V | {2 3 }
	Port: blendTop : p_pyrLB0_V_data_V | {2 3 }
	Port: blendTop : p_pyrLB0_V_keep_V | {2 3 }
	Port: blendTop : p_pyrLB0_V_strb_V | {2 3 }
	Port: blendTop : p_pyrLB0_V_user_V | {2 3 }
	Port: blendTop : p_pyrLB0_V_last_V | {2 3 }
	Port: blendTop : p_pyrLB0_V_id_V | {2 3 }
	Port: blendTop : p_pyrLB0_V_dest_V | {2 3 }
	Port: blendTop : p_pyrLB1_V_data_V | {2 3 }
	Port: blendTop : p_pyrLB1_V_keep_V | {2 3 }
	Port: blendTop : p_pyrLB1_V_strb_V | {2 3 }
	Port: blendTop : p_pyrLB1_V_user_V | {2 3 }
	Port: blendTop : p_pyrLB1_V_last_V | {2 3 }
	Port: blendTop : p_pyrLB1_V_id_V | {2 3 }
	Port: blendTop : p_pyrLB1_V_dest_V | {2 3 }
  - Chain level:
	State 1
		call_ln0 : 1
	State 2
	State 3
	State 4
	State 5
	State 6
	State 7
	State 8


============================================================
+ Verbose Summary: Datapath Resource usage 
============================================================

* Functional unit list:
|----------|-----------------------------|---------|---------|---------|---------|---------|---------|
| Operation|       Functional Unit       |   BRAM  |  DSP48E |  Delay  |    FF   |   LUT   |   URAM  |
|----------|-----------------------------|---------|---------|---------|---------|---------|---------|
|          |      grp_blendL_fu_220      |    20   |   146   | 155.886 |  19564  |  23390  |    0    |
|          | grp_xfMat2AXIvideo87_fu_234 |    0    |    0    |  7.076  |   147   |   170   |    0    |
|          | grp_AXIvideo2xfMat86_fu_253 |    0    |    0    |  5.307  |   174   |   136   |    0    |
|   call   |  grp_xfMat2AXIvideo_fu_272  |    0    |    0    |  7.076  |   133   |   166   |    0    |
|          |  grp_AXIvideo2xfMat_fu_291  |    0    |    0    |  5.307  |   162   |   131   |    0    |
|          | grp_AXIvideo2xfMat84_fu_310 |    0    |    0    |  1.769  |   119   |    66   |    0    |
|          | grp_AXIvideo2xfMat85_fu_333 |    0    |    0    |  1.769  |   113   |    67   |    0    |
|          |  call_ln0_Block_proc_fu_354 |    0    |    0    |    0    |    0    |    0    |    0    |
|----------|-----------------------------|---------|---------|---------|---------|---------|---------|
|   Total  |                             |    20   |   146   |  184.19 |  20412  |  24126  |    0    |
|----------|-----------------------------|---------|---------|---------|---------|---------|---------|

Memories:
N/A

* Register list:
+----------------------+--------+
|                      |   FF   |
+----------------------+--------+
|pyrLA0_cols_c7_reg_364|   11   |
| pyrLA0_cols_c_reg_400|   11   |
| pyrLA0_data_V_reg_412|    8   |
|pyrLA0_rows_c6_reg_370|   10   |
| pyrLA0_rows_c_reg_406|   10   |
|pyrLA1_cols_c5_reg_376|   10   |
| pyrLA1_cols_c_reg_382|   10   |
| pyrLA1_data_V_reg_418|    8   |
|pyrLA1_rows_c4_reg_388|    9   |
| pyrLA1_rows_c_reg_394|    9   |
| pyrLB0_data_V_reg_424|    8   |
| pyrLB1_data_V_reg_430|    8   |
| pyrS0_data_V_reg_436 |    8   |
| pyrS1_data_V_reg_442 |    8   |
+----------------------+--------+
|         Total        |   128  |
+----------------------+--------+

* Multiplexer (MUX) list: 
|--------|------|------|------|--------|
|  Comp  |  Pin | Size |  BW  | S x BW |
|--------|------|------|------|--------|
|  Total |      |      |      |    0   |
|--------|------|------|------|--------|



* Summary:
+-----------+--------+--------+--------+--------+--------+--------+
|           |  BRAM  | DSP48E |  Delay |   FF   |   LUT  |  URAM  |
+-----------+--------+--------+--------+--------+--------+--------+
|  Function |   20   |   146  |   184  |  20412 |  24126 |    0   |
|   Memory  |    -   |    -   |    -   |    -   |    -   |    -   |
|Multiplexer|    -   |    -   |    -   |    -   |    -   |    -   |
|  Register |    -   |    -   |    -   |   128  |    -   |    -   |
+-----------+--------+--------+--------+--------+--------+--------+
|   Total   |   20   |   146  |   184  |  20540 |  24126 |    0   |
+-----------+--------+--------+--------+--------+--------+--------+
